{"/Users/jeder/repos/acp-mobile/components/ErrorBoundary.tsx": {"path":"/Users/jeder/repos/acp-mobile/components/ErrorBoundary.tsx","statementMap":{"0":{"start":{"line":26,"column":4},"end":{"line":26,"column":16}},"1":{"start":{"line":27,"column":4},"end":{"line":27,"column":49}},"2":{"start":{"line":31,"column":4},"end":{"line":31,"column":36}},"3":{"start":{"line":36,"column":4},"end":{"line":36,"column":60}},"4":{"start":{"line":39,"column":4},"end":{"line":41,"column":5}},"5":{"start":{"line":40,"column":6},"end":{"line":40,"column":42}},"6":{"start":{"line":44,"column":4},"end":{"line":47,"column":5}},"7":{"start":{"line":50,"column":16},"end":{"line":52,"column":3}},"8":{"start":{"line":51,"column":4},"end":{"line":51,"column":51}},"9":{"start":{"line":55,"column":4},"end":{"line":62,"column":5}},"10":{"start":{"line":56,"column":6},"end":{"line":58,"column":7}},"11":{"start":{"line":57,"column":8},"end":{"line":57,"column":34}},"12":{"start":{"line":61,"column":6},"end":{"line":61,"column":82}},"13":{"start":{"line":64,"column":4},"end":{"line":64,"column":30}},"14":{"start":{"line":72,"column":21},"end":{"line":72,"column":31}},"15":{"start":{"line":74,"column":2},"end":{"line":101,"column":3}},"16":{"start":{"line":104,"column":15},"end":{"line":160,"column":2}},"17":{"start":{"line":167,"column":2},"end":{"line":167,"column":42}}},"fnMap":{"0":{"name":"(anonymous_0)","decl":{"start":{"line":25,"column":2},"end":{"line":25,"column":3}},"loc":{"start":{"line":25,"column":28},"end":{"line":28,"column":3}},"line":25},"1":{"name":"(anonymous_1)","decl":{"start":{"line":30,"column":2},"end":{"line":30,"column":3}},"loc":{"start":{"line":30,"column":55},"end":{"line":32,"column":3}},"line":30},"2":{"name":"(anonymous_2)","decl":{"start":{"line":34,"column":2},"end":{"line":34,"column":3}},"loc":{"start":{"line":34,"column":56},"end":{"line":48,"column":3}},"line":34},"3":{"name":"(anonymous_3)","decl":{"start":{"line":50,"column":16},"end":{"line":50,"column":17}},"loc":{"start":{"line":50,"column":22},"end":{"line":52,"column":3}},"line":50},"4":{"name":"(anonymous_4)","decl":{"start":{"line":54,"column":2},"end":{"line":54,"column":3}},"loc":{"start":{"line":54,"column":11},"end":{"line":65,"column":3}},"line":54},"5":{"name":"ErrorFallback","decl":{"start":{"line":71,"column":9},"end":{"line":71,"column":22}},"loc":{"start":{"line":71,"column":89},"end":{"line":102,"column":1}},"line":71},"6":{"name":"ErrorBoundary","decl":{"start":{"line":166,"column":16},"end":{"line":166,"column":29}},"loc":{"start":{"line":166,"column":44},"end":{"line":168,"column":1}},"line":166}},"branchMap":{"0":{"loc":{"start":{"line":39,"column":4},"end":{"line":41,"column":5}},"type":"if","locations":[{"start":{"line":39,"column":4},"end":{"line":41,"column":5}},{"start":{},"end":{}}],"line":39},"1":{"loc":{"start":{"line":44,"column":4},"end":{"line":47,"column":5}},"type":"if","locations":[{"start":{"line":44,"column":4},"end":{"line":47,"column":5}},{"start":{},"end":{}}],"line":44},"2":{"loc":{"start":{"line":55,"column":4},"end":{"line":62,"column":5}},"type":"if","locations":[{"start":{"line":55,"column":4},"end":{"line":62,"column":5}},{"start":{},"end":{}}],"line":55},"3":{"loc":{"start":{"line":56,"column":6},"end":{"line":58,"column":7}},"type":"if","locations":[{"start":{"line":56,"column":6},"end":{"line":58,"column":7}},{"start":{},"end":{}}],"line":56},"4":{"loc":{"start":{"line":80,"column":11},"end":{"line":80,"column":59}},"type":"binary-expr","locations":[{"start":{"line":80,"column":11},"end":{"line":80,"column":25}},{"start":{"line":80,"column":29},"end":{"line":80,"column":59}}],"line":80},"5":{"loc":{"start":{"line":83,"column":9},"end":{"line":90,"column":9}},"type":"binary-expr","locations":[{"start":{"line":83,"column":9},"end":{"line":83,"column":16}},{"start":{"line":83,"column":20},"end":{"line":83,"column":32}},{"start":{"line":84,"column":10},"end":{"line":89,"column":17}}],"line":83}},"s":{"0":0,"1":0,"2":0,"3":0,"4":0,"5":0,"6":0,"7":0,"8":0,"9":0,"10":0,"11":0,"12":0,"13":0,"14":0,"15":0,"16":0,"17":0},"f":{"0":0,"1":0,"2":0,"3":0,"4":0,"5":0,"6":0},"b":{"0":[0,0],"1":[0,0],"2":[0,0],"3":[0,0],"4":[0,0],"5":[0,0,0]}}
,"/Users/jeder/repos/acp-mobile/components/PerformanceMonitor.tsx": {"path":"/Users/jeder/repos/acp-mobile/components/PerformanceMonitor.tsx","statementMap":{"0":{"start":{"line":22,"column":21},"end":{"line":22,"column":31}},"1":{"start":{"line":23,"column":36},"end":{"line":23,"column":51}},"2":{"start":{"line":24,"column":32},"end":{"line":28,"column":4}},"3":{"start":{"line":30,"column":2},"end":{"line":47,"column":17}},"4":{"start":{"line":31,"column":4},"end":{"line":31,"column":38}},"5":{"start":{"line":31,"column":32},"end":{"line":31,"column":38}},"6":{"start":{"line":34,"column":21},"end":{"line":44,"column":12}},"7":{"start":{"line":35,"column":35},"end":{"line":35,"column":72}},"8":{"start":{"line":36,"column":32},"end":{"line":36,"column":61}},"9":{"start":{"line":37,"column":35},"end":{"line":37,"column":67}},"10":{"start":{"line":39,"column":6},"end":{"line":43,"column":8}},"11":{"start":{"line":46,"column":4},"end":{"line":46,"column":40}},"12":{"start":{"line":46,"column":17},"end":{"line":46,"column":40}},"13":{"start":{"line":49,"column":2},"end":{"line":49,"column":41}},"14":{"start":{"line":49,"column":30},"end":{"line":49,"column":41}},"15":{"start":{"line":51,"column":22},"end":{"line":54,"column":3}},"16":{"start":{"line":52,"column":15},"end":{"line":52,"column":30}},"17":{"start":{"line":53,"column":4},"end":{"line":53,"column":31}},"18":{"start":{"line":56,"column":25},"end":{"line":60,"column":3}},"19":{"start":{"line":57,"column":4},"end":{"line":57,"column":44}},"20":{"start":{"line":57,"column":28},"end":{"line":57,"column":44}},"21":{"start":{"line":58,"column":4},"end":{"line":58,"column":50}},"22":{"start":{"line":58,"column":34},"end":{"line":58,"column":50}},"23":{"start":{"line":59,"column":4},"end":{"line":59,"column":20}},"24":{"start":{"line":62,"column":29},"end":{"line":64,"column":7}},"25":{"start":{"line":66,"column":20},"end":{"line":66,"column":91}},"26":{"start":{"line":68,"column":2},"end":{"line":240,"column":3}},"27":{"start":{"line":73,"column":41},"end":{"line":73,"column":60}},"28":{"start":{"line":178,"column":14},"end":{"line":191,"column":21}},"29":{"start":{"line":205,"column":14},"end":{"line":207,"column":15}},"30":{"start":{"line":206,"column":17},"end":{"line":206,"column":53}},"31":{"start":{"line":216,"column":43},"end":{"line":216,"column":75}},"32":{"start":{"line":217,"column":43},"end":{"line":217,"column":80}},"33":{"start":{"line":218,"column":40},"end":{"line":218,"column":69}},"34":{"start":{"line":220,"column":14},"end":{"line":220,"column":40}},"35":{"start":{"line":221,"column":14},"end":{"line":221,"column":37}},"36":{"start":{"line":222,"column":14},"end":{"line":222,"column":57}},"37":{"start":{"line":234,"column":25},"end":{"line":234,"column":43}},"38":{"start":{"line":247,"column":36},"end":{"line":247,"column":51}},"39":{"start":{"line":248,"column":21},"end":{"line":248,"column":31}},"40":{"start":{"line":250,"column":2},"end":{"line":250,"column":27}},"41":{"start":{"line":250,"column":16},"end":{"line":250,"column":27}},"42":{"start":{"line":252,"column":2},"end":{"line":264,"column":3}},"43":{"start":{"line":258,"column":25},"end":{"line":258,"column":43}},"44":{"start":{"line":267,"column":15},"end":{"line":393,"column":2}}},"fnMap":{"0":{"name":"PerformanceMonitor","decl":{"start":{"line":21,"column":16},"end":{"line":21,"column":34}},"loc":{"start":{"line":21,"column":37},"end":{"line":241,"column":1}},"line":21},"1":{"name":"(anonymous_1)","decl":{"start":{"line":30,"column":12},"end":{"line":30,"column":13}},"loc":{"start":{"line":30,"column":18},"end":{"line":47,"column":3}},"line":30},"2":{"name":"(anonymous_2)","decl":{"start":{"line":34,"column":33},"end":{"line":34,"column":34}},"loc":{"start":{"line":34,"column":39},"end":{"line":44,"column":5}},"line":34},"3":{"name":"(anonymous_3)","decl":{"start":{"line":46,"column":11},"end":{"line":46,"column":12}},"loc":{"start":{"line":46,"column":17},"end":{"line":46,"column":40}},"line":46},"4":{"name":"(anonymous_4)","decl":{"start":{"line":51,"column":22},"end":{"line":51,"column":23}},"loc":{"start":{"line":51,"column":41},"end":{"line":54,"column":3}},"line":51},"5":{"name":"(anonymous_5)","decl":{"start":{"line":56,"column":25},"end":{"line":56,"column":26}},"loc":{"start":{"line":56,"column":63},"end":{"line":60,"column":3}},"line":56},"6":{"name":"(anonymous_6)","decl":{"start":{"line":73,"column":35},"end":{"line":73,"column":36}},"loc":{"start":{"line":73,"column":41},"end":{"line":73,"column":60}},"line":73},"7":{"name":"(anonymous_7)","decl":{"start":{"line":177,"column":32},"end":{"line":177,"column":33}},"loc":{"start":{"line":178,"column":14},"end":{"line":191,"column":21}},"line":178},"8":{"name":"(anonymous_8)","decl":{"start":{"line":204,"column":21},"end":{"line":204,"column":22}},"loc":{"start":{"line":204,"column":27},"end":{"line":208,"column":13}},"line":204},"9":{"name":"(anonymous_9)","decl":{"start":{"line":215,"column":21},"end":{"line":215,"column":22}},"loc":{"start":{"line":215,"column":27},"end":{"line":223,"column":13}},"line":215},"10":{"name":"(anonymous_10)","decl":{"start":{"line":234,"column":19},"end":{"line":234,"column":20}},"loc":{"start":{"line":234,"column":25},"end":{"line":234,"column":43}},"line":234},"11":{"name":"PerformanceToggle","decl":{"start":{"line":246,"column":16},"end":{"line":246,"column":33}},"loc":{"start":{"line":246,"column":36},"end":{"line":265,"column":1}},"line":246},"12":{"name":"(anonymous_12)","decl":{"start":{"line":258,"column":19},"end":{"line":258,"column":20}},"loc":{"start":{"line":258,"column":25},"end":{"line":258,"column":43}},"line":258}},"branchMap":{"0":{"loc":{"start":{"line":31,"column":4},"end":{"line":31,"column":38}},"type":"if","locations":[{"start":{"line":31,"column":4},"end":{"line":31,"column":38}},{"start":{},"end":{}}],"line":31},"1":{"loc":{"start":{"line":31,"column":8},"end":{"line":31,"column":30}},"type":"binary-expr","locations":[{"start":{"line":31,"column":8},"end":{"line":31,"column":16}},{"start":{"line":31,"column":20},"end":{"line":31,"column":30}}],"line":31},"2":{"loc":{"start":{"line":49,"column":2},"end":{"line":49,"column":41}},"type":"if","locations":[{"start":{"line":49,"column":2},"end":{"line":49,"column":41}},{"start":{},"end":{}}],"line":49},"3":{"loc":{"start":{"line":49,"column":6},"end":{"line":49,"column":28}},"type":"binary-expr","locations":[{"start":{"line":49,"column":6},"end":{"line":49,"column":14}},{"start":{"line":49,"column":18},"end":{"line":49,"column":28}}],"line":49},"4":{"loc":{"start":{"line":57,"column":4},"end":{"line":57,"column":44}},"type":"if","locations":[{"start":{"line":57,"column":4},"end":{"line":57,"column":44}},{"start":{},"end":{}}],"line":57},"5":{"loc":{"start":{"line":58,"column":4},"end":{"line":58,"column":50}},"type":"if","locations":[{"start":{"line":58,"column":4},"end":{"line":58,"column":50}},{"start":{},"end":{}}],"line":58},"6":{"loc":{"start":{"line":62,"column":29},"end":{"line":64,"column":7}},"type":"cond-expr","locations":[{"start":{"line":63,"column":6},"end":{"line":63,"column":76}},{"start":{"line":64,"column":6},"end":{"line":64,"column":7}}],"line":62},"7":{"loc":{"start":{"line":66,"column":20},"end":{"line":66,"column":91}},"type":"cond-expr","locations":[{"start":{"line":66,"column":35},"end":{"line":66,"column":78}},{"start":{"line":66,"column":82},"end":{"line":66,"column":91}}],"line":66},"8":{"loc":{"start":{"line":66,"column":35},"end":{"line":66,"column":78}},"type":"cond-expr","locations":[{"start":{"line":66,"column":63},"end":{"line":66,"column":69}},{"start":{"line":66,"column":72},"end":{"line":66,"column":78}}],"line":66},"9":{"loc":{"start":{"line":82,"column":11},"end":{"line":125,"column":11}},"type":"cond-expr","locations":[{"start":{"line":83,"column":12},"end":{"line":120,"column":15}},{"start":{"line":122,"column":12},"end":{"line":124,"column":19}}],"line":82},"10":{"loc":{"start":{"line":131,"column":11},"end":{"line":170,"column":11}},"type":"cond-expr","locations":[{"start":{"line":132,"column":12},"end":{"line":165,"column":15}},{"start":{"line":167,"column":12},"end":{"line":169,"column":19}}],"line":131},"11":{"loc":{"start":{"line":138,"column":29},"end":{"line":138,"column":73}},"type":"cond-expr","locations":[{"start":{"line":138,"column":52},"end":{"line":138,"column":61}},{"start":{"line":138,"column":64},"end":{"line":138,"column":73}}],"line":138},"12":{"loc":{"start":{"line":176,"column":11},"end":{"line":197,"column":11}},"type":"cond-expr","locations":[{"start":{"line":177,"column":12},"end":{"line":192,"column":14}},{"start":{"line":194,"column":12},"end":{"line":196,"column":19}}],"line":176},"13":{"loc":{"start":{"line":188,"column":21},"end":{"line":188,"column":98}},"type":"binary-expr","locations":[{"start":{"line":188,"column":21},"end":{"line":188,"column":47}},{"start":{"line":188,"column":51},"end":{"line":188,"column":98}}],"line":188},"14":{"loc":{"start":{"line":205,"column":14},"end":{"line":207,"column":15}},"type":"if","locations":[{"start":{"line":205,"column":14},"end":{"line":207,"column":15}},{"start":{},"end":{}}],"line":205},"15":{"loc":{"start":{"line":205,"column":18},"end":{"line":205,"column":86}},"type":"binary-expr","locations":[{"start":{"line":205,"column":18},"end":{"line":205,"column":47}},{"start":{"line":205,"column":51},"end":{"line":205,"column":86}}],"line":205},"16":{"loc":{"start":{"line":231,"column":7},"end":{"line":238,"column":7}},"type":"binary-expr","locations":[{"start":{"line":231,"column":7},"end":{"line":231,"column":17}},{"start":{"line":232,"column":8},"end":{"line":237,"column":27}}],"line":231},"17":{"loc":{"start":{"line":250,"column":2},"end":{"line":250,"column":27}},"type":"if","locations":[{"start":{"line":250,"column":2},"end":{"line":250,"column":27}},{"start":{},"end":{}}],"line":250},"18":{"loc":{"start":{"line":254,"column":7},"end":{"line":254,"column":42}},"type":"binary-expr","locations":[{"start":{"line":254,"column":7},"end":{"line":254,"column":16}},{"start":{"line":254,"column":20},"end":{"line":254,"column":42}}],"line":254},"19":{"loc":{"start":{"line":255,"column":7},"end":{"line":262,"column":7}},"type":"binary-expr","locations":[{"start":{"line":255,"column":7},"end":{"line":255,"column":17}},{"start":{"line":256,"column":8},"end":{"line":261,"column":27}}],"line":255}},"s":{"0":0,"1":0,"2":0,"3":0,"4":0,"5":0,"6":0,"7":0,"8":0,"9":0,"10":0,"11":0,"12":0,"13":0,"14":0,"15":0,"16":0,"17":0,"18":0,"19":0,"20":0,"21":0,"22":0,"23":0,"24":0,"25":0,"26":0,"27":0,"28":0,"29":0,"30":0,"31":0,"32":0,"33":0,"34":0,"35":0,"36":0,"37":0,"38":0,"39":0,"40":0,"41":0,"42":0,"43":0,"44":0},"f":{"0":0,"1":0,"2":0,"3":0,"4":0,"5":0,"6":0,"7":0,"8":0,"9":0,"10":0,"11":0,"12":0},"b":{"0":[0,0],"1":[0,0],"2":[0,0],"3":[0,0],"4":[0,0],"5":[0,0],"6":[0,0],"7":[0,0],"8":[0,0],"9":[0,0],"10":[0,0],"11":[0,0],"12":[0,0],"13":[0,0],"14":[0,0],"15":[0,0],"16":[0,0],"17":[0,0],"18":[0,0],"19":[0,0]}}
,"/Users/jeder/repos/acp-mobile/components/external-link.tsx": {"path":"/Users/jeder/repos/acp-mobile/components/external-link.tsx","statementMap":{"0":{"start":{"line":9,"column":2},"end":{"line":25,"column":3}},"1":{"start":{"line":15,"column":8},"end":{"line":22,"column":9}},"2":{"start":{"line":17,"column":10},"end":{"line":17,"column":32}},"3":{"start":{"line":19,"column":10},"end":{"line":21,"column":12}}},"fnMap":{"0":{"name":"ExternalLink","decl":{"start":{"line":8,"column":16},"end":{"line":8,"column":28}},"loc":{"start":{"line":8,"column":55},"end":{"line":26,"column":1}},"line":8},"1":{"name":"(anonymous_1)","decl":{"start":{"line":14,"column":15},"end":{"line":14,"column":16}},"loc":{"start":{"line":14,"column":32},"end":{"line":23,"column":7}},"line":14}},"branchMap":{"0":{"loc":{"start":{"line":15,"column":8},"end":{"line":22,"column":9}},"type":"if","locations":[{"start":{"line":15,"column":8},"end":{"line":22,"column":9}},{"start":{},"end":{}}],"line":15}},"s":{"0":0,"1":0,"2":0,"3":0},"f":{"0":0,"1":0},"b":{"0":[0,0]}}
,"/Users/jeder/repos/acp-mobile/components/haptic-tab.tsx": {"path":"/Users/jeder/repos/acp-mobile/components/haptic-tab.tsx","statementMap":{"0":{"start":{"line":6,"column":2},"end":{"line":17,"column":3}},"1":{"start":{"line":10,"column":8},"end":{"line":13,"column":9}},"2":{"start":{"line":12,"column":10},"end":{"line":12,"column":64}},"3":{"start":{"line":14,"column":8},"end":{"line":14,"column":29}}},"fnMap":{"0":{"name":"HapticTab","decl":{"start":{"line":5,"column":16},"end":{"line":5,"column":25}},"loc":{"start":{"line":5,"column":58},"end":{"line":18,"column":1}},"line":5},"1":{"name":"(anonymous_1)","decl":{"start":{"line":9,"column":17},"end":{"line":9,"column":18}},"loc":{"start":{"line":9,"column":25},"end":{"line":15,"column":7}},"line":9}},"branchMap":{"0":{"loc":{"start":{"line":10,"column":8},"end":{"line":13,"column":9}},"type":"if","locations":[{"start":{"line":10,"column":8},"end":{"line":13,"column":9}},{"start":{},"end":{}}],"line":10}},"s":{"0":0,"1":0,"2":0,"3":0},"f":{"0":0,"1":0},"b":{"0":[0,0]}}
,"/Users/jeder/repos/acp-mobile/components/hello-wave.tsx": {"path":"/Users/jeder/repos/acp-mobile/components/hello-wave.tsx","statementMap":{"0":{"start":{"line":4,"column":2},"end":{"line":19,"column":3}}},"fnMap":{"0":{"name":"HelloWave","decl":{"start":{"line":3,"column":16},"end":{"line":3,"column":25}},"loc":{"start":{"line":3,"column":28},"end":{"line":20,"column":1}},"line":3}},"branchMap":{},"s":{"0":0},"f":{"0":0},"b":{}}
,"/Users/jeder/repos/acp-mobile/components/parallax-scroll-view.tsx": {"path":"/Users/jeder/repos/acp-mobile/components/parallax-scroll-view.tsx","statementMap":{"0":{"start":{"line":14,"column":22},"end":{"line":14,"column":25}},"1":{"start":{"line":26,"column":26},"end":{"line":26,"column":57}},"2":{"start":{"line":27,"column":22},"end":{"line":27,"column":49}},"3":{"start":{"line":28,"column":20},"end":{"line":28,"column":57}},"4":{"start":{"line":29,"column":23},"end":{"line":29,"column":49}},"5":{"start":{"line":30,"column":30},"end":{"line":45,"column":4}},"6":{"start":{"line":31,"column":4},"end":{"line":44,"column":5}},"7":{"start":{"line":47,"column":2},"end":{"line":64,"column":3}},"8":{"start":{"line":67,"column":15},"end":{"line":81,"column":2}}},"fnMap":{"0":{"name":"ParallaxScrollView","decl":{"start":{"line":21,"column":24},"end":{"line":21,"column":42}},"loc":{"start":{"line":25,"column":10},"end":{"line":65,"column":1}},"line":25},"1":{"name":"(anonymous_1)","decl":{"start":{"line":30,"column":47},"end":{"line":30,"column":48}},"loc":{"start":{"line":30,"column":53},"end":{"line":45,"column":3}},"line":30}},"branchMap":{"0":{"loc":{"start":{"line":27,"column":22},"end":{"line":27,"column":49}},"type":"binary-expr","locations":[{"start":{"line":27,"column":22},"end":{"line":27,"column":38}},{"start":{"line":27,"column":42},"end":{"line":27,"column":49}}],"line":27}},"s":{"0":0,"1":0,"2":0,"3":0,"4":0,"5":0,"6":0,"7":0,"8":0},"f":{"0":0,"1":0},"b":{"0":[0,0]}}
,"/Users/jeder/repos/acp-mobile/components/themed-text.tsx": {"path":"/Users/jeder/repos/acp-mobile/components/themed-text.tsx","statementMap":{"0":{"start":{"line":18,"column":16},"end":{"line":18,"column":77}},"1":{"start":{"line":20,"column":2},"end":{"line":33,"column":3}},"2":{"start":{"line":36,"column":15},"end":{"line":60,"column":2}}},"fnMap":{"0":{"name":"ThemedText","decl":{"start":{"line":11,"column":16},"end":{"line":11,"column":26}},"loc":{"start":{"line":17,"column":20},"end":{"line":34,"column":1}},"line":17}},"branchMap":{"0":{"loc":{"start":{"line":15,"column":2},"end":{"line":15,"column":18}},"type":"default-arg","locations":[{"start":{"line":15,"column":9},"end":{"line":15,"column":18}}],"line":15},"1":{"loc":{"start":{"line":24,"column":8},"end":{"line":24,"column":55}},"type":"cond-expr","locations":[{"start":{"line":24,"column":29},"end":{"line":24,"column":43}},{"start":{"line":24,"column":46},"end":{"line":24,"column":55}}],"line":24},"2":{"loc":{"start":{"line":25,"column":8},"end":{"line":25,"column":51}},"type":"cond-expr","locations":[{"start":{"line":25,"column":27},"end":{"line":25,"column":39}},{"start":{"line":25,"column":42},"end":{"line":25,"column":51}}],"line":25},"3":{"loc":{"start":{"line":26,"column":8},"end":{"line":26,"column":71}},"type":"cond-expr","locations":[{"start":{"line":26,"column":37},"end":{"line":26,"column":59}},{"start":{"line":26,"column":62},"end":{"line":26,"column":71}}],"line":26},"4":{"loc":{"start":{"line":27,"column":8},"end":{"line":27,"column":57}},"type":"cond-expr","locations":[{"start":{"line":27,"column":30},"end":{"line":27,"column":45}},{"start":{"line":27,"column":48},"end":{"line":27,"column":57}}],"line":27},"5":{"loc":{"start":{"line":28,"column":8},"end":{"line":28,"column":49}},"type":"cond-expr","locations":[{"start":{"line":28,"column":26},"end":{"line":28,"column":37}},{"start":{"line":28,"column":40},"end":{"line":28,"column":49}}],"line":28}},"s":{"0":0,"1":0,"2":0},"f":{"0":0},"b":{"0":[0],"1":[0,0],"2":[0,0],"3":[0,0],"4":[0,0],"5":[0,0]}}
,"/Users/jeder/repos/acp-mobile/components/themed-view.tsx": {"path":"/Users/jeder/repos/acp-mobile/components/themed-view.tsx","statementMap":{"0":{"start":{"line":11,"column":26},"end":{"line":11,"column":93}},"1":{"start":{"line":13,"column":2},"end":{"line":13,"column":70}}},"fnMap":{"0":{"name":"ThemedView","decl":{"start":{"line":10,"column":16},"end":{"line":10,"column":26}},"loc":{"start":{"line":10,"column":93},"end":{"line":14,"column":1}},"line":10}},"branchMap":{},"s":{"0":0,"1":0},"f":{"0":0},"b":{}}
,"/Users/jeder/repos/acp-mobile/components/chat/ChatBubble.tsx": {"path":"/Users/jeder/repos/acp-mobile/components/chat/ChatBubble.tsx","statementMap":{"0":{"start":{"line":21,"column":2},"end":{"line":24,"column":4}},"1":{"start":{"line":31,"column":21},"end":{"line":31,"column":31}},"2":{"start":{"line":32,"column":17},"end":{"line":32,"column":40}},"3":{"start":{"line":34,"column":2},"end":{"line":75,"column":3}},"4":{"start":{"line":78,"column":15},"end":{"line":122,"column":2}},"5":{"start":{"line":127,"column":26},"end":{"line":130,"column":1}},"6":{"start":{"line":129,"column":18},"end":{"line":129,"column":53}}},"fnMap":{"0":{"name":"formatTime","decl":{"start":{"line":20,"column":9},"end":{"line":20,"column":19}},"loc":{"start":{"line":20,"column":40},"end":{"line":25,"column":1}},"line":20},"1":{"name":"ChatBubbleComponent","decl":{"start":{"line":30,"column":9},"end":{"line":30,"column":28}},"loc":{"start":{"line":30,"column":59},"end":{"line":76,"column":1}},"line":30},"2":{"name":"(anonymous_2)","decl":{"start":{"line":129,"column":2},"end":{"line":129,"column":3}},"loc":{"start":{"line":129,"column":18},"end":{"line":129,"column":53}},"line":129}},"branchMap":{"0":{"loc":{"start":{"line":35,"column":36},"end":{"line":35,"column":93}},"type":"cond-expr","locations":[{"start":{"line":35,"column":45},"end":{"line":35,"column":65}},{"start":{"line":35,"column":68},"end":{"line":35,"column":93}}],"line":35},"1":{"loc":{"start":{"line":37,"column":7},"end":{"line":41,"column":7}},"type":"binary-expr","locations":[{"start":{"line":37,"column":7},"end":{"line":37,"column":14}},{"start":{"line":38,"column":8},"end":{"line":40,"column":15}}],"line":37},"2":{"loc":{"start":{"line":48,"column":29},"end":{"line":48,"column":65}},"type":"cond-expr","locations":[{"start":{"line":48,"column":38},"end":{"line":48,"column":51}},{"start":{"line":48,"column":54},"end":{"line":48,"column":65}}],"line":48},"3":{"loc":{"start":{"line":57,"column":21},"end":{"line":57,"column":50}},"type":"cond-expr","locations":[{"start":{"line":57,"column":30},"end":{"line":57,"column":36}},{"start":{"line":57,"column":39},"end":{"line":57,"column":50}}],"line":57},"4":{"loc":{"start":{"line":67,"column":21},"end":{"line":67,"column":79}},"type":"cond-expr","locations":[{"start":{"line":67,"column":30},"end":{"line":67,"column":56}},{"start":{"line":67,"column":59},"end":{"line":67,"column":79}}],"line":67}},"s":{"0":0,"1":0,"2":0,"3":0,"4":0,"5":0,"6":0},"f":{"0":0,"1":0,"2":0},"b":{"0":[0,0],"1":[0,0],"2":[0,0],"3":[0,0],"4":[0,0]}}
,"/Users/jeder/repos/acp-mobile/components/chat/ChatHeader.tsx": {"path":"/Users/jeder/repos/acp-mobile/components/chat/ChatHeader.tsx","statementMap":{"0":{"start":{"line":22,"column":21},"end":{"line":22,"column":31}},"1":{"start":{"line":24,"column":2},"end":{"line":40,"column":3}},"2":{"start":{"line":43,"column":15},"end":{"line":80,"column":2}}},"fnMap":{"0":{"name":"ChatHeader","decl":{"start":{"line":21,"column":16},"end":{"line":21,"column":26}},"loc":{"start":{"line":21,"column":57},"end":{"line":41,"column":1}},"line":21}},"branchMap":{},"s":{"0":0,"1":0,"2":0},"f":{"0":0},"b":{}}
,"/Users/jeder/repos/acp-mobile/components/chat/ChatInput.tsx": {"path":"/Users/jeder/repos/acp-mobile/components/chat/ChatInput.tsx","statementMap":{"0":{"start":{"line":21,"column":27},"end":{"line":21,"column":31}},"1":{"start":{"line":27,"column":21},"end":{"line":27,"column":31}},"2":{"start":{"line":28,"column":26},"end":{"line":28,"column":38}},"3":{"start":{"line":30,"column":21},"end":{"line":36,"column":3}},"4":{"start":{"line":31,"column":20},"end":{"line":31,"column":31}},"5":{"start":{"line":32,"column":4},"end":{"line":35,"column":5}},"6":{"start":{"line":33,"column":6},"end":{"line":33,"column":21}},"7":{"start":{"line":34,"column":6},"end":{"line":34,"column":17}},"8":{"start":{"line":38,"column":18},"end":{"line":38,"column":53}},"9":{"start":{"line":40,"column":2},"end":{"line":70,"column":3}},"10":{"start":{"line":73,"column":15},"end":{"line":101,"column":2}}},"fnMap":{"0":{"name":"ChatInput","decl":{"start":{"line":26,"column":16},"end":{"line":26,"column":25}},"loc":{"start":{"line":26,"column":72},"end":{"line":71,"column":1}},"line":26},"1":{"name":"(anonymous_1)","decl":{"start":{"line":30,"column":21},"end":{"line":30,"column":22}},"loc":{"start":{"line":30,"column":27},"end":{"line":36,"column":3}},"line":30}},"branchMap":{"0":{"loc":{"start":{"line":26,"column":36},"end":{"line":26,"column":52}},"type":"default-arg","locations":[{"start":{"line":26,"column":47},"end":{"line":26,"column":52}}],"line":26},"1":{"loc":{"start":{"line":32,"column":4},"end":{"line":35,"column":5}},"type":"if","locations":[{"start":{"line":32,"column":4},"end":{"line":35,"column":5}},{"start":{},"end":{}}],"line":32},"2":{"loc":{"start":{"line":32,"column":8},"end":{"line":32,"column":28}},"type":"binary-expr","locations":[{"start":{"line":32,"column":8},"end":{"line":32,"column":15}},{"start":{"line":32,"column":19},"end":{"line":32,"column":28}}],"line":32},"3":{"loc":{"start":{"line":38,"column":18},"end":{"line":38,"column":53}},"type":"binary-expr","locations":[{"start":{"line":38,"column":18},"end":{"line":38,"column":40}},{"start":{"line":38,"column":44},"end":{"line":38,"column":53}}],"line":38},"4":{"loc":{"start":{"line":60,"column":29},"end":{"line":60,"column":68}},"type":"cond-expr","locations":[{"start":{"line":60,"column":39},"end":{"line":60,"column":52}},{"start":{"line":60,"column":55},"end":{"line":60,"column":68}}],"line":60},"5":{"loc":{"start":{"line":67,"column":53},"end":{"line":67,"column":92}},"type":"cond-expr","locations":[{"start":{"line":67,"column":63},"end":{"line":67,"column":69}},{"start":{"line":67,"column":72},"end":{"line":67,"column":92}}],"line":67},"6":{"loc":{"start":{"line":87,"column":21},"end":{"line":87,"column":51}},"type":"cond-expr","locations":[{"start":{"line":87,"column":45},"end":{"line":87,"column":47}},{"start":{"line":87,"column":50},"end":{"line":87,"column":51}}],"line":87}},"s":{"0":0,"1":0,"2":0,"3":0,"4":0,"5":0,"6":0,"7":0,"8":0,"9":0,"10":0},"f":{"0":0,"1":0},"b":{"0":[0],"1":[0,0],"2":[0,0],"3":[0,0],"4":[0,0],"5":[0,0],"6":[0,0]}}
,"/Users/jeder/repos/acp-mobile/components/layout/CreateFAB.tsx": {"path":"/Users/jeder/repos/acp-mobile/components/layout/CreateFAB.tsx","statementMap":{"0":{"start":{"line":20,"column":21},"end":{"line":20,"column":31}},"1":{"start":{"line":21,"column":17},"end":{"line":21,"column":28}},"2":{"start":{"line":22,"column":42},"end":{"line":22,"column":57}},"3":{"start":{"line":24,"column":40},"end":{"line":30,"column":50}},"4":{"start":{"line":30,"column":19},"end":{"line":30,"column":49}},"5":{"start":{"line":32,"column":28},"end":{"line":47,"column":3}},"6":{"start":{"line":33,"column":4},"end":{"line":33,"column":26}},"7":{"start":{"line":35,"column":4},"end":{"line":39,"column":5}},"8":{"start":{"line":37,"column":6},"end":{"line":37,"column":49}},"9":{"start":{"line":38,"column":6},"end":{"line":38,"column":12}},"10":{"start":{"line":41,"column":4},"end":{"line":46,"column":5}},"11":{"start":{"line":42,"column":6},"end":{"line":42,"column":38}},"12":{"start":{"line":45,"column":6},"end":{"line":45,"column":65}},"13":{"start":{"line":49,"column":2},"end":{"line":132,"column":3}},"14":{"start":{"line":54,"column":23},"end":{"line":54,"column":44}},"15":{"start":{"line":68,"column":30},"end":{"line":68,"column":52}},"16":{"start":{"line":70,"column":62},"end":{"line":70,"column":84}},"17":{"start":{"line":71,"column":65},"end":{"line":71,"column":84}},"18":{"start":{"line":77,"column":33},"end":{"line":77,"column":55}},"19":{"start":{"line":89,"column":18},"end":{"line":124,"column":37}},"20":{"start":{"line":98,"column":35},"end":{"line":98,"column":60}},"21":{"start":{"line":135,"column":15},"end":{"line":217,"column":2}}},"fnMap":{"0":{"name":"CreateFAB","decl":{"start":{"line":19,"column":16},"end":{"line":19,"column":25}},"loc":{"start":{"line":19,"column":28},"end":{"line":133,"column":1}},"line":19},"1":{"name":"(anonymous_1)","decl":{"start":{"line":30,"column":9},"end":{"line":30,"column":10}},"loc":{"start":{"line":30,"column":19},"end":{"line":30,"column":49}},"line":30},"2":{"name":"(anonymous_2)","decl":{"start":{"line":32,"column":28},"end":{"line":32,"column":29}},"loc":{"start":{"line":32,"column":54},"end":{"line":47,"column":3}},"line":32},"3":{"name":"(anonymous_3)","decl":{"start":{"line":54,"column":17},"end":{"line":54,"column":18}},"loc":{"start":{"line":54,"column":23},"end":{"line":54,"column":44}},"line":54},"4":{"name":"(anonymous_4)","decl":{"start":{"line":68,"column":24},"end":{"line":68,"column":25}},"loc":{"start":{"line":68,"column":30},"end":{"line":68,"column":52}},"line":68},"5":{"name":"(anonymous_5)","decl":{"start":{"line":70,"column":56},"end":{"line":70,"column":57}},"loc":{"start":{"line":70,"column":62},"end":{"line":70,"column":84}},"line":70},"6":{"name":"(anonymous_6)","decl":{"start":{"line":71,"column":58},"end":{"line":71,"column":59}},"loc":{"start":{"line":71,"column":65},"end":{"line":71,"column":84}},"line":71},"7":{"name":"(anonymous_7)","decl":{"start":{"line":77,"column":27},"end":{"line":77,"column":28}},"loc":{"start":{"line":77,"column":33},"end":{"line":77,"column":55}},"line":77},"8":{"name":"(anonymous_8)","decl":{"start":{"line":88,"column":35},"end":{"line":88,"column":36}},"loc":{"start":{"line":89,"column":18},"end":{"line":124,"column":37}},"line":89},"9":{"name":"(anonymous_9)","decl":{"start":{"line":98,"column":29},"end":{"line":98,"column":30}},"loc":{"start":{"line":98,"column":35},"end":{"line":98,"column":60}},"line":98}},"branchMap":{"0":{"loc":{"start":{"line":35,"column":4},"end":{"line":39,"column":5}},"type":"if","locations":[{"start":{"line":35,"column":4},"end":{"line":39,"column":5}},{"start":{},"end":{}}],"line":35},"1":{"loc":{"start":{"line":41,"column":4},"end":{"line":46,"column":5}},"type":"if","locations":[{"start":{"line":41,"column":4},"end":{"line":46,"column":5}},{"start":{"line":43,"column":11},"end":{"line":46,"column":5}}],"line":41},"2":{"loc":{"start":{"line":106,"column":31},"end":{"line":106,"column":74}},"type":"cond-expr","locations":[{"start":{"line":106,"column":45},"end":{"line":106,"column":65}},{"start":{"line":106,"column":68},"end":{"line":106,"column":74}}],"line":106},"3":{"loc":{"start":{"line":113,"column":33},"end":{"line":113,"column":81}},"type":"cond-expr","locations":[{"start":{"line":113,"column":47},"end":{"line":113,"column":67}},{"start":{"line":113,"column":70},"end":{"line":113,"column":81}}],"line":113},"4":{"loc":{"start":{"line":119,"column":21},"end":{"line":123,"column":21}},"type":"binary-expr","locations":[{"start":{"line":119,"column":21},"end":{"line":119,"column":32}},{"start":{"line":120,"column":22},"end":{"line":122,"column":29}}],"line":119},"5":{"loc":{"start":{"line":138,"column":12},"end":{"line":138,"column":43}},"type":"cond-expr","locations":[{"start":{"line":138,"column":36},"end":{"line":138,"column":38}},{"start":{"line":138,"column":41},"end":{"line":138,"column":43}}],"line":138}},"s":{"0":0,"1":0,"2":0,"3":0,"4":0,"5":0,"6":0,"7":0,"8":0,"9":0,"10":0,"11":0,"12":0,"13":0,"14":0,"15":0,"16":0,"17":0,"18":0,"19":0,"20":0,"21":0},"f":{"0":0,"1":0,"2":0,"3":0,"4":0,"5":0,"6":0,"7":0,"8":0,"9":0},"b":{"0":[0,0],"1":[0,0],"2":[0,0],"3":[0,0],"4":[0,0],"5":[0,0]}}
,"/Users/jeder/repos/acp-mobile/components/layout/FAB.tsx": {"path":"/Users/jeder/repos/acp-mobile/components/layout/FAB.tsx","statementMap":{"0":{"start":{"line":6,"column":22},"end":{"line":8,"column":3}},"1":{"start":{"line":7,"column":4},"end":{"line":7,"column":32}},"2":{"start":{"line":10,"column":2},"end":{"line":14,"column":3}},"3":{"start":{"line":17,"column":15},"end":{"line":34,"column":2}}},"fnMap":{"0":{"name":"FAB","decl":{"start":{"line":5,"column":16},"end":{"line":5,"column":19}},"loc":{"start":{"line":5,"column":22},"end":{"line":15,"column":1}},"line":5},"1":{"name":"(anonymous_1)","decl":{"start":{"line":6,"column":22},"end":{"line":6,"column":23}},"loc":{"start":{"line":6,"column":28},"end":{"line":8,"column":3}},"line":6}},"branchMap":{},"s":{"0":0,"1":0,"2":0,"3":0},"f":{"0":0,"1":0},"b":{}}
,"/Users/jeder/repos/acp-mobile/components/layout/Header.tsx": {"path":"/Users/jeder/repos/acp-mobile/components/layout/Header.tsx","statementMap":{"0":{"start":{"line":26,"column":20},"end":{"line":26,"column":45}},"1":{"start":{"line":29,"column":22},"end":{"line":196,"column":2}},"2":{"start":{"line":30,"column":21},"end":{"line":30,"column":31}},"3":{"start":{"line":31,"column":19},"end":{"line":31,"column":28}},"4":{"start":{"line":32,"column":34},"end":{"line":32,"column":63}},"5":{"start":{"line":32,"column":49},"end":{"line":32,"column":62}},"6":{"start":{"line":33,"column":58},"end":{"line":33,"column":73}},"7":{"start":{"line":34,"column":66},"end":{"line":34,"column":77}},"8":{"start":{"line":36,"column":2},"end":{"line":49,"column":16}},"9":{"start":{"line":38,"column":26},"end":{"line":43,"column":5}},"10":{"start":{"line":39,"column":26},"end":{"line":39,"column":39}},"11":{"start":{"line":40,"column":6},"end":{"line":42,"column":7}},"12":{"start":{"line":41,"column":8},"end":{"line":41,"column":32}},"13":{"start":{"line":46,"column":21},"end":{"line":46,"column":62}},"14":{"start":{"line":48,"column":4},"end":{"line":48,"column":40}},"15":{"start":{"line":48,"column":17},"end":{"line":48,"column":40}},"16":{"start":{"line":52,"column":2},"end":{"line":69,"column":8}},"17":{"start":{"line":53,"column":28},"end":{"line":62,"column":5}},"18":{"start":{"line":54,"column":6},"end":{"line":61,"column":7}},"19":{"start":{"line":55,"column":23},"end":{"line":55,"column":62}},"20":{"start":{"line":56,"column":24},"end":{"line":56,"column":56}},"21":{"start":{"line":57,"column":22},"end":{"line":57,"column":45}},"22":{"start":{"line":58,"column":8},"end":{"line":58,"column":42}},"23":{"start":{"line":60,"column":8},"end":{"line":60,"column":74}},"24":{"start":{"line":64,"column":4},"end":{"line":64,"column":21}},"25":{"start":{"line":67,"column":21},"end":{"line":67,"column":56}},"26":{"start":{"line":68,"column":4},"end":{"line":68,"column":40}},"27":{"start":{"line":68,"column":17},"end":{"line":68,"column":40}},"28":{"start":{"line":72,"column":22},"end":{"line":78,"column":8}},"29":{"start":{"line":73,"column":18},"end":{"line":73,"column":33}},"30":{"start":{"line":74,"column":4},"end":{"line":76,"column":5}},"31":{"start":{"line":75,"column":6},"end":{"line":75,"column":38}},"32":{"start":{"line":77,"column":4},"end":{"line":77,"column":18}},"33":{"start":{"line":81,"column":20},"end":{"line":81,"column":97}},"34":{"start":{"line":81,"column":35},"end":{"line":81,"column":81}},"35":{"start":{"line":84,"column":23},"end":{"line":84,"column":96}},"36":{"start":{"line":84,"column":38},"end":{"line":84,"column":73}},"37":{"start":{"line":87,"column":28},"end":{"line":87,"column":80}},"38":{"start":{"line":87,"column":46},"end":{"line":87,"column":75}},"39":{"start":{"line":88,"column":29},"end":{"line":88,"column":82}},"40":{"start":{"line":88,"column":47},"end":{"line":88,"column":77}},"41":{"start":{"line":91,"column":23},"end":{"line":119,"column":8}},"42":{"start":{"line":92,"column":4},"end":{"line":118,"column":5}},"43":{"start":{"line":93,"column":6},"end":{"line":106,"column":7}},"44":{"start":{"line":100,"column":10},"end":{"line":104,"column":11}},"45":{"start":{"line":101,"column":12},"end":{"line":101,"column":36}},"46":{"start":{"line":102,"column":17},"end":{"line":104,"column":11}},"47":{"start":{"line":103,"column":12},"end":{"line":103,"column":27}},"48":{"start":{"line":109,"column":6},"end":{"line":117,"column":8}},"49":{"start":{"line":110,"column":43},"end":{"line":110,"column":67}},"50":{"start":{"line":122,"column":24},"end":{"line":139,"column":8}},"51":{"start":{"line":123,"column":4},"end":{"line":138,"column":6}},"52":{"start":{"line":129,"column":10},"end":{"line":135,"column":11}},"53":{"start":{"line":130,"column":12},"end":{"line":130,"column":47}},"54":{"start":{"line":132,"column":12},"end":{"line":132,"column":36}},"55":{"start":{"line":134,"column":12},"end":{"line":134,"column":52}},"56":{"start":{"line":141,"column":2},"end":{"line":195,"column":3}},"57":{"start":{"line":151,"column":25},"end":{"line":151,"column":54}},"58":{"start":{"line":198,"column":0},"end":{"line":198,"column":29}},"59":{"start":{"line":200,"column":15},"end":{"line":273,"column":2}}},"fnMap":{"0":{"name":"(anonymous_0)","decl":{"start":{"line":29,"column":27},"end":{"line":29,"column":28}},"loc":{"start":{"line":29,"column":70},"end":{"line":196,"column":1}},"line":29},"1":{"name":"(anonymous_1)","decl":{"start":{"line":32,"column":43},"end":{"line":32,"column":44}},"loc":{"start":{"line":32,"column":49},"end":{"line":32,"column":62}},"line":32},"2":{"name":"(anonymous_2)","decl":{"start":{"line":36,"column":12},"end":{"line":36,"column":13}},"loc":{"start":{"line":36,"column":18},"end":{"line":49,"column":3}},"line":36},"3":{"name":"(anonymous_3)","decl":{"start":{"line":38,"column":26},"end":{"line":38,"column":27}},"loc":{"start":{"line":38,"column":32},"end":{"line":43,"column":5}},"line":38},"4":{"name":"(anonymous_4)","decl":{"start":{"line":48,"column":11},"end":{"line":48,"column":12}},"loc":{"start":{"line":48,"column":17},"end":{"line":48,"column":40}},"line":48},"5":{"name":"(anonymous_5)","decl":{"start":{"line":52,"column":12},"end":{"line":52,"column":13}},"loc":{"start":{"line":52,"column":18},"end":{"line":69,"column":3}},"line":52},"6":{"name":"(anonymous_6)","decl":{"start":{"line":53,"column":28},"end":{"line":53,"column":29}},"loc":{"start":{"line":53,"column":40},"end":{"line":62,"column":5}},"line":53},"7":{"name":"(anonymous_7)","decl":{"start":{"line":68,"column":11},"end":{"line":68,"column":12}},"loc":{"start":{"line":68,"column":17},"end":{"line":68,"column":40}},"line":68},"8":{"name":"(anonymous_8)","decl":{"start":{"line":72,"column":34},"end":{"line":72,"column":35}},"loc":{"start":{"line":72,"column":52},"end":{"line":78,"column":3}},"line":72},"9":{"name":"(anonymous_9)","decl":{"start":{"line":81,"column":28},"end":{"line":81,"column":29}},"loc":{"start":{"line":81,"column":35},"end":{"line":81,"column":81}},"line":81},"10":{"name":"(anonymous_10)","decl":{"start":{"line":84,"column":31},"end":{"line":84,"column":32}},"loc":{"start":{"line":84,"column":38},"end":{"line":84,"column":73}},"line":84},"11":{"name":"(anonymous_11)","decl":{"start":{"line":87,"column":40},"end":{"line":87,"column":41}},"loc":{"start":{"line":87,"column":46},"end":{"line":87,"column":75}},"line":87},"12":{"name":"(anonymous_12)","decl":{"start":{"line":88,"column":41},"end":{"line":88,"column":42}},"loc":{"start":{"line":88,"column":47},"end":{"line":88,"column":77}},"line":88},"13":{"name":"(anonymous_13)","decl":{"start":{"line":91,"column":35},"end":{"line":91,"column":36}},"loc":{"start":{"line":91,"column":41},"end":{"line":119,"column":3}},"line":91},"14":{"name":"(anonymous_14)","decl":{"start":{"line":99,"column":8},"end":{"line":99,"column":9}},"loc":{"start":{"line":99,"column":25},"end":{"line":105,"column":9}},"line":99},"15":{"name":"(anonymous_15)","decl":{"start":{"line":110,"column":37},"end":{"line":110,"column":38}},"loc":{"start":{"line":110,"column":43},"end":{"line":110,"column":67}},"line":110},"16":{"name":"(anonymous_16)","decl":{"start":{"line":122,"column":36},"end":{"line":122,"column":37}},"loc":{"start":{"line":122,"column":48},"end":{"line":139,"column":3}},"line":122},"17":{"name":"(anonymous_17)","decl":{"start":{"line":128,"column":17},"end":{"line":128,"column":18}},"loc":{"start":{"line":128,"column":29},"end":{"line":136,"column":9}},"line":128},"18":{"name":"(anonymous_18)","decl":{"start":{"line":151,"column":19},"end":{"line":151,"column":20}},"loc":{"start":{"line":151,"column":25},"end":{"line":151,"column":54}},"line":151}},"branchMap":{"0":{"loc":{"start":{"line":29,"column":30},"end":{"line":29,"column":50}},"type":"default-arg","locations":[{"start":{"line":29,"column":45},"end":{"line":29,"column":50}}],"line":29},"1":{"loc":{"start":{"line":40,"column":6},"end":{"line":42,"column":7}},"type":"if","locations":[{"start":{"line":40,"column":6},"end":{"line":42,"column":7}},{"start":{},"end":{}}],"line":40},"2":{"loc":{"start":{"line":56,"column":24},"end":{"line":56,"column":56}},"type":"cond-expr","locations":[{"start":{"line":56,"column":33},"end":{"line":56,"column":51}},{"start":{"line":56,"column":54},"end":{"line":56,"column":56}}],"line":56},"3":{"loc":{"start":{"line":74,"column":4},"end":{"line":76,"column":5}},"type":"if","locations":[{"start":{"line":74,"column":4},"end":{"line":76,"column":5}},{"start":{},"end":{}}],"line":74},"4":{"loc":{"start":{"line":81,"column":35},"end":{"line":81,"column":81}},"type":"cond-expr","locations":[{"start":{"line":81,"column":48},"end":{"line":81,"column":71}},{"start":{"line":81,"column":74},"end":{"line":81,"column":81}}],"line":81},"5":{"loc":{"start":{"line":84,"column":38},"end":{"line":84,"column":73}},"type":"cond-expr","locations":[{"start":{"line":84,"column":45},"end":{"line":84,"column":67}},{"start":{"line":84,"column":70},"end":{"line":84,"column":73}}],"line":84},"6":{"loc":{"start":{"line":92,"column":4},"end":{"line":118,"column":5}},"type":"if","locations":[{"start":{"line":92,"column":4},"end":{"line":118,"column":5}},{"start":{"line":107,"column":11},"end":{"line":118,"column":5}}],"line":92},"7":{"loc":{"start":{"line":100,"column":10},"end":{"line":104,"column":11}},"type":"if","locations":[{"start":{"line":100,"column":10},"end":{"line":104,"column":11}},{"start":{"line":102,"column":17},"end":{"line":104,"column":11}}],"line":100},"8":{"loc":{"start":{"line":102,"column":17},"end":{"line":104,"column":11}},"type":"if","locations":[{"start":{"line":102,"column":17},"end":{"line":104,"column":11}},{"start":{},"end":{}}],"line":102},"9":{"loc":{"start":{"line":156,"column":11},"end":{"line":160,"column":11}},"type":"binary-expr","locations":[{"start":{"line":156,"column":11},"end":{"line":156,"column":39}},{"start":{"line":157,"column":12},"end":{"line":159,"column":19}}],"line":156},"10":{"loc":{"start":{"line":185,"column":11},"end":{"line":189,"column":11}},"type":"binary-expr","locations":[{"start":{"line":185,"column":11},"end":{"line":185,"column":23}},{"start":{"line":186,"column":12},"end":{"line":188,"column":19}}],"line":185}},"s":{"0":0,"1":0,"2":0,"3":0,"4":0,"5":0,"6":0,"7":0,"8":0,"9":0,"10":0,"11":0,"12":0,"13":0,"14":0,"15":0,"16":0,"17":0,"18":0,"19":0,"20":0,"21":0,"22":0,"23":0,"24":0,"25":0,"26":0,"27":0,"28":0,"29":0,"30":0,"31":0,"32":0,"33":0,"34":0,"35":0,"36":0,"37":0,"38":0,"39":0,"40":0,"41":0,"42":0,"43":0,"44":0,"45":0,"46":0,"47":0,"48":0,"49":0,"50":0,"51":0,"52":0,"53":0,"54":0,"55":0,"56":0,"57":0,"58":0,"59":0},"f":{"0":0,"1":0,"2":0,"3":0,"4":0,"5":0,"6":0,"7":0,"8":0,"9":0,"10":0,"11":0,"12":0,"13":0,"14":0,"15":0,"16":0,"17":0,"18":0},"b":{"0":[0],"1":[0,0],"2":[0,0],"3":[0,0],"4":[0,0],"5":[0,0],"6":[0,0],"7":[0,0],"8":[0,0],"9":[0,0],"10":[0,0]}}
,"/Users/jeder/repos/acp-mobile/components/modals/NotificationsModal.tsx": {"path":"/Users/jeder/repos/acp-mobile/components/modals/NotificationsModal.tsx","statementMap":{"0":{"start":{"line":15,"column":21},"end":{"line":15,"column":31}},"1":{"start":{"line":16,"column":36},"end":{"line":16,"column":96}},"2":{"start":{"line":19,"column":47},"end":{"line":49,"column":3}},"3":{"start":{"line":52,"column":47},"end":{"line":80,"column":3}},"4":{"start":{"line":83,"column":22},"end":{"line":83,"column":91}},"5":{"start":{"line":85,"column":31},"end":{"line":85,"column":100}},"6":{"start":{"line":87,"column":26},"end":{"line":99,"column":3}},"7":{"start":{"line":88,"column":16},"end":{"line":88,"column":26}},"8":{"start":{"line":89,"column":17},"end":{"line":89,"column":42}},"9":{"start":{"line":90,"column":20},"end":{"line":90,"column":44}},"10":{"start":{"line":91,"column":18},"end":{"line":91,"column":44}},"11":{"start":{"line":92,"column":17},"end":{"line":92,"column":44}},"12":{"start":{"line":94,"column":4},"end":{"line":94,"column":38}},"13":{"start":{"line":94,"column":21},"end":{"line":94,"column":38}},"14":{"start":{"line":95,"column":4},"end":{"line":95,"column":46}},"15":{"start":{"line":95,"column":22},"end":{"line":95,"column":46}},"16":{"start":{"line":96,"column":4},"end":{"line":96,"column":42}},"17":{"start":{"line":96,"column":20},"end":{"line":96,"column":42}},"18":{"start":{"line":97,"column":4},"end":{"line":97,"column":39}},"19":{"start":{"line":97,"column":18},"end":{"line":97,"column":39}},"20":{"start":{"line":98,"column":4},"end":{"line":98,"column":41}},"21":{"start":{"line":101,"column":27},"end":{"line":121,"column":3}},"22":{"start":{"line":102,"column":4},"end":{"line":120,"column":11}},"23":{"start":{"line":123,"column":29},"end":{"line":179,"column":3}},"24":{"start":{"line":124,"column":21},"end":{"line":124,"column":39}},"25":{"start":{"line":126,"column":6},"end":{"line":132,"column":24}},"26":{"start":{"line":134,"column":4},"end":{"line":178,"column":5}},"27":{"start":{"line":181,"column":2},"end":{"line":256,"column":3}},"28":{"start":{"line":207,"column":27},"end":{"line":207,"column":56}},"29":{"start":{"line":231,"column":27},"end":{"line":231,"column":56}},"30":{"start":{"line":259,"column":15},"end":{"line":401,"column":2}}},"fnMap":{"0":{"name":"NotificationsModal","decl":{"start":{"line":14,"column":16},"end":{"line":14,"column":34}},"loc":{"start":{"line":14,"column":82},"end":{"line":257,"column":1}},"line":14},"1":{"name":"(anonymous_1)","decl":{"start":{"line":87,"column":26},"end":{"line":87,"column":27}},"loc":{"start":{"line":87,"column":47},"end":{"line":99,"column":3}},"line":87},"2":{"name":"(anonymous_2)","decl":{"start":{"line":101,"column":27},"end":{"line":101,"column":28}},"loc":{"start":{"line":102,"column":4},"end":{"line":120,"column":11}},"line":102},"3":{"name":"(anonymous_3)","decl":{"start":{"line":123,"column":29},"end":{"line":123,"column":30}},"loc":{"start":{"line":123,"column":64},"end":{"line":179,"column":3}},"line":123},"4":{"name":"(anonymous_4)","decl":{"start":{"line":207,"column":21},"end":{"line":207,"column":22}},"loc":{"start":{"line":207,"column":27},"end":{"line":207,"column":56}},"line":207},"5":{"name":"(anonymous_5)","decl":{"start":{"line":231,"column":21},"end":{"line":231,"column":22}},"loc":{"start":{"line":231,"column":27},"end":{"line":231,"column":56}},"line":231}},"branchMap":{"0":{"loc":{"start":{"line":85,"column":31},"end":{"line":85,"column":100}},"type":"cond-expr","locations":[{"start":{"line":85,"column":63},"end":{"line":85,"column":80}},{"start":{"line":85,"column":83},"end":{"line":85,"column":100}}],"line":85},"1":{"loc":{"start":{"line":94,"column":4},"end":{"line":94,"column":38}},"type":"if","locations":[{"start":{"line":94,"column":4},"end":{"line":94,"column":38}},{"start":{},"end":{}}],"line":94},"2":{"loc":{"start":{"line":95,"column":4},"end":{"line":95,"column":46}},"type":"if","locations":[{"start":{"line":95,"column":4},"end":{"line":95,"column":46}},{"start":{},"end":{}}],"line":95},"3":{"loc":{"start":{"line":96,"column":4},"end":{"line":96,"column":42}},"type":"if","locations":[{"start":{"line":96,"column":4},"end":{"line":96,"column":42}},{"start":{},"end":{}}],"line":96},"4":{"loc":{"start":{"line":97,"column":4},"end":{"line":97,"column":39}},"type":"if","locations":[{"start":{"line":97,"column":4},"end":{"line":97,"column":39}},{"start":{},"end":{}}],"line":97},"5":{"loc":{"start":{"line":116,"column":9},"end":{"line":118,"column":53}},"type":"cond-expr","locations":[{"start":{"line":117,"column":12},"end":{"line":117,"column":47}},{"start":{"line":118,"column":12},"end":{"line":118,"column":53}}],"line":116},"6":{"loc":{"start":{"line":126,"column":6},"end":{"line":132,"column":24}},"type":"cond-expr","locations":[{"start":{"line":127,"column":10},"end":{"line":127,"column":33}},{"start":{"line":128,"column":10},"end":{"line":132,"column":24}}],"line":126},"7":{"loc":{"start":{"line":128,"column":10},"end":{"line":132,"column":24}},"type":"cond-expr","locations":[{"start":{"line":129,"column":12},"end":{"line":129,"column":41}},{"start":{"line":130,"column":12},"end":{"line":132,"column":24}}],"line":128},"8":{"loc":{"start":{"line":130,"column":12},"end":{"line":132,"column":24}},"type":"cond-expr","locations":[{"start":{"line":131,"column":14},"end":{"line":131,"column":30}},{"start":{"line":132,"column":14},"end":{"line":132,"column":24}}],"line":130},"9":{"loc":{"start":{"line":140,"column":29},"end":{"line":140,"column":74}},"type":"cond-expr","locations":[{"start":{"line":140,"column":40},"end":{"line":140,"column":60}},{"start":{"line":140,"column":63},"end":{"line":140,"column":74}}],"line":140},"10":{"loc":{"start":{"line":141,"column":29},"end":{"line":141,"column":69}},"type":"cond-expr","locations":[{"start":{"line":141,"column":40},"end":{"line":141,"column":53}},{"start":{"line":141,"column":56},"end":{"line":141,"column":69}}],"line":141},"11":{"loc":{"start":{"line":155,"column":52},"end":{"line":155,"column":76}},"type":"cond-expr","locations":[{"start":{"line":155,"column":63},"end":{"line":155,"column":68}},{"start":{"line":155,"column":71},"end":{"line":155,"column":76}}],"line":155},"12":{"loc":{"start":{"line":160,"column":15},"end":{"line":160,"column":98}},"type":"binary-expr","locations":[{"start":{"line":160,"column":15},"end":{"line":160,"column":23}},{"start":{"line":160,"column":27},"end":{"line":160,"column":98}}],"line":160},"13":{"loc":{"start":{"line":166,"column":15},"end":{"line":170,"column":15}},"type":"binary-expr","locations":[{"start":{"line":166,"column":15},"end":{"line":166,"column":34}},{"start":{"line":167,"column":16},"end":{"line":169,"column":23}}],"line":166},"14":{"loc":{"start":{"line":202,"column":14},"end":{"line":205,"column":15}},"type":"binary-expr","locations":[{"start":{"line":202,"column":14},"end":{"line":202,"column":43}},{"start":{"line":202,"column":47},"end":{"line":205,"column":15}}],"line":202},"15":{"loc":{"start":{"line":215,"column":25},"end":{"line":215,"column":93}},"type":"cond-expr","locations":[{"start":{"line":215,"column":57},"end":{"line":215,"column":70}},{"start":{"line":215,"column":73},"end":{"line":215,"column":93}}],"line":215},"16":{"loc":{"start":{"line":226,"column":14},"end":{"line":229,"column":15}},"type":"binary-expr","locations":[{"start":{"line":226,"column":14},"end":{"line":226,"column":43}},{"start":{"line":226,"column":47},"end":{"line":229,"column":15}}],"line":226},"17":{"loc":{"start":{"line":239,"column":25},"end":{"line":239,"column":93}},"type":"cond-expr","locations":[{"start":{"line":239,"column":57},"end":{"line":239,"column":70}},{"start":{"line":239,"column":73},"end":{"line":239,"column":93}}],"line":239},"18":{"loc":{"start":{"line":250,"column":11},"end":{"line":252,"column":58}},"type":"cond-expr","locations":[{"start":{"line":251,"column":14},"end":{"line":251,"column":41}},{"start":{"line":252,"column":14},"end":{"line":252,"column":58}}],"line":250}},"s":{"0":0,"1":0,"2":0,"3":0,"4":0,"5":0,"6":0,"7":0,"8":0,"9":0,"10":0,"11":0,"12":0,"13":0,"14":0,"15":0,"16":0,"17":0,"18":0,"19":0,"20":0,"21":0,"22":0,"23":0,"24":0,"25":0,"26":0,"27":0,"28":0,"29":0,"30":0},"f":{"0":0,"1":0,"2":0,"3":0,"4":0,"5":0},"b":{"0":[0,0],"1":[0,0],"2":[0,0],"3":[0,0],"4":[0,0],"5":[0,0],"6":[0,0],"7":[0,0],"8":[0,0],"9":[0,0],"10":[0,0],"11":[0,0],"12":[0,0],"13":[0,0],"14":[0,0],"15":[0,0],"16":[0,0],"17":[0,0],"18":[0,0]}}
,"/Users/jeder/repos/acp-mobile/components/notifications/NotificationActions.tsx": {"path":"/Users/jeder/repos/acp-mobile/components/notifications/NotificationActions.tsx","statementMap":{"0":{"start":{"line":18,"column":21},"end":{"line":18,"column":36}},"1":{"start":{"line":19,"column":21},"end":{"line":19,"column":36}},"2":{"start":{"line":21,"column":22},"end":{"line":206,"column":3}},"3":{"start":{"line":23,"column":32},"end":{"line":23,"column":88}},"4":{"start":{"line":24,"column":28},"end":{"line":24,"column":98}},"5":{"start":{"line":26,"column":22},"end":{"line":33,"column":7}},"6":{"start":{"line":35,"column":37},"end":{"line":35,"column":38}},"7":{"start":{"line":36,"column":32},"end":{"line":36,"column":33}},"8":{"start":{"line":38,"column":6},"end":{"line":203,"column":7}},"9":{"start":{"line":39,"column":8},"end":{"line":119,"column":9}},"10":{"start":{"line":48,"column":12},"end":{"line":117,"column":13}},"11":{"start":{"line":50,"column":16},"end":{"line":53,"column":18}},"12":{"start":{"line":55,"column":16},"end":{"line":55,"column":70}},"13":{"start":{"line":56,"column":16},"end":{"line":56,"column":21}},"14":{"start":{"line":59,"column":16},"end":{"line":63,"column":18}},"15":{"start":{"line":64,"column":16},"end":{"line":67,"column":17}},"16":{"start":{"line":68,"column":16},"end":{"line":68,"column":21}},"17":{"start":{"line":71,"column":16},"end":{"line":81,"column":17}},"18":{"start":{"line":72,"column":18},"end":{"line":75,"column":20}},"19":{"start":{"line":76,"column":18},"end":{"line":76,"column":65}},"20":{"start":{"line":77,"column":18},"end":{"line":77,"column":38}},"21":{"start":{"line":80,"column":18},"end":{"line":80,"column":87}},"22":{"start":{"line":82,"column":16},"end":{"line":82,"column":21}},"23":{"start":{"line":85,"column":16},"end":{"line":88,"column":18}},"24":{"start":{"line":89,"column":16},"end":{"line":89,"column":55}},"25":{"start":{"line":91,"column":16},"end":{"line":94,"column":17}},"26":{"start":{"line":92,"column":18},"end":{"line":92,"column":65}},"27":{"start":{"line":93,"column":18},"end":{"line":93,"column":38}},"28":{"start":{"line":95,"column":16},"end":{"line":95,"column":21}},"29":{"start":{"line":98,"column":16},"end":{"line":112,"column":18}},"30":{"start":{"line":104,"column":22},"end":{"line":107,"column":24}},"31":{"start":{"line":108,"column":22},"end":{"line":108,"column":67}},"32":{"start":{"line":109,"column":22},"end":{"line":109,"column":42}},"33":{"start":{"line":113,"column":16},"end":{"line":113,"column":21}},"34":{"start":{"line":116,"column":16},"end":{"line":116,"column":21}},"35":{"start":{"line":122,"column":8},"end":{"line":202,"column":9}},"36":{"start":{"line":129,"column":16},"end":{"line":132,"column":18}},"37":{"start":{"line":133,"column":16},"end":{"line":133,"column":70}},"38":{"start":{"line":139,"column":16},"end":{"line":143,"column":18}},"39":{"start":{"line":144,"column":16},"end":{"line":147,"column":17}},"40":{"start":{"line":153,"column":16},"end":{"line":162,"column":17}},"41":{"start":{"line":154,"column":18},"end":{"line":157,"column":20}},"42":{"start":{"line":158,"column":18},"end":{"line":158,"column":65}},"43":{"start":{"line":159,"column":18},"end":{"line":159,"column":38}},"44":{"start":{"line":161,"column":18},"end":{"line":161,"column":87}},"45":{"start":{"line":168,"column":16},"end":{"line":171,"column":18}},"46":{"start":{"line":172,"column":16},"end":{"line":172,"column":55}},"47":{"start":{"line":173,"column":16},"end":{"line":176,"column":17}},"48":{"start":{"line":174,"column":18},"end":{"line":174,"column":65}},"49":{"start":{"line":175,"column":18},"end":{"line":175,"column":38}},"50":{"start":{"line":183,"column":16},"end":{"line":197,"column":18}},"51":{"start":{"line":189,"column":22},"end":{"line":192,"column":24}},"52":{"start":{"line":193,"column":22},"end":{"line":193,"column":67}},"53":{"start":{"line":194,"column":22},"end":{"line":194,"column":42}},"54":{"start":{"line":208,"column":2},"end":{"line":208,"column":24}}},"fnMap":{"0":{"name":"useNotificationActions","decl":{"start":{"line":17,"column":16},"end":{"line":17,"column":38}},"loc":{"start":{"line":17,"column":41},"end":{"line":209,"column":1}},"line":17},"1":{"name":"(anonymous_1)","decl":{"start":{"line":22,"column":4},"end":{"line":22,"column":5}},"loc":{"start":{"line":22,"column":73},"end":{"line":204,"column":5}},"line":22},"2":{"name":"(anonymous_2)","decl":{"start":{"line":47,"column":10},"end":{"line":47,"column":11}},"loc":{"start":{"line":47,"column":33},"end":{"line":118,"column":11}},"line":47},"3":{"name":"(anonymous_3)","decl":{"start":{"line":103,"column":29},"end":{"line":103,"column":30}},"loc":{"start":{"line":103,"column":41},"end":{"line":110,"column":21}},"line":103},"4":{"name":"(anonymous_4)","decl":{"start":{"line":128,"column":23},"end":{"line":128,"column":24}},"loc":{"start":{"line":128,"column":29},"end":{"line":134,"column":15}},"line":128},"5":{"name":"(anonymous_5)","decl":{"start":{"line":138,"column":23},"end":{"line":138,"column":24}},"loc":{"start":{"line":138,"column":29},"end":{"line":148,"column":15}},"line":138},"6":{"name":"(anonymous_6)","decl":{"start":{"line":152,"column":23},"end":{"line":152,"column":24}},"loc":{"start":{"line":152,"column":35},"end":{"line":163,"column":15}},"line":152},"7":{"name":"(anonymous_7)","decl":{"start":{"line":167,"column":23},"end":{"line":167,"column":24}},"loc":{"start":{"line":167,"column":35},"end":{"line":177,"column":15}},"line":167},"8":{"name":"(anonymous_8)","decl":{"start":{"line":182,"column":23},"end":{"line":182,"column":24}},"loc":{"start":{"line":182,"column":29},"end":{"line":198,"column":15}},"line":182},"9":{"name":"(anonymous_9)","decl":{"start":{"line":188,"column":29},"end":{"line":188,"column":30}},"loc":{"start":{"line":188,"column":41},"end":{"line":195,"column":21}},"line":188}},"branchMap":{"0":{"loc":{"start":{"line":23,"column":32},"end":{"line":23,"column":88}},"type":"binary-expr","locations":[{"start":{"line":23,"column":32},"end":{"line":23,"column":76}},{"start":{"line":23,"column":80},"end":{"line":23,"column":88}}],"line":23},"1":{"loc":{"start":{"line":29,"column":8},"end":{"line":29,"column":65}},"type":"cond-expr","locations":[{"start":{"line":29,"column":32},"end":{"line":29,"column":46}},{"start":{"line":29,"column":49},"end":{"line":29,"column":65}}],"line":29},"2":{"loc":{"start":{"line":38,"column":6},"end":{"line":203,"column":7}},"type":"if","locations":[{"start":{"line":38,"column":6},"end":{"line":203,"column":7}},{"start":{"line":120,"column":13},"end":{"line":203,"column":7}}],"line":38},"3":{"loc":{"start":{"line":48,"column":12},"end":{"line":117,"column":13}},"type":"switch","locations":[{"start":{"line":49,"column":14},"end":{"line":56,"column":21}},{"start":{"line":58,"column":14},"end":{"line":68,"column":21}},{"start":{"line":70,"column":14},"end":{"line":82,"column":21}},{"start":{"line":84,"column":14},"end":{"line":95,"column":21}},{"start":{"line":97,"column":14},"end":{"line":113,"column":21}},{"start":{"line":115,"column":14},"end":{"line":116,"column":21}}],"line":48},"4":{"loc":{"start":{"line":71,"column":16},"end":{"line":81,"column":17}},"type":"if","locations":[{"start":{"line":71,"column":16},"end":{"line":81,"column":17}},{"start":{"line":78,"column":23},"end":{"line":81,"column":17}}],"line":71},"5":{"loc":{"start":{"line":91,"column":16},"end":{"line":94,"column":17}},"type":"if","locations":[{"start":{"line":91,"column":16},"end":{"line":94,"column":17}},{"start":{},"end":{}}],"line":91},"6":{"loc":{"start":{"line":151,"column":20},"end":{"line":151,"column":77}},"type":"cond-expr","locations":[{"start":{"line":151,"column":44},"end":{"line":151,"column":58}},{"start":{"line":151,"column":61},"end":{"line":151,"column":77}}],"line":151},"7":{"loc":{"start":{"line":153,"column":16},"end":{"line":162,"column":17}},"type":"if","locations":[{"start":{"line":153,"column":16},"end":{"line":162,"column":17}},{"start":{"line":160,"column":23},"end":{"line":162,"column":17}}],"line":153},"8":{"loc":{"start":{"line":173,"column":16},"end":{"line":176,"column":17}},"type":"if","locations":[{"start":{"line":173,"column":16},"end":{"line":176,"column":17}},{"start":{},"end":{}}],"line":173}},"s":{"0":0,"1":0,"2":0,"3":0,"4":0,"5":0,"6":0,"7":0,"8":0,"9":0,"10":0,"11":0,"12":0,"13":0,"14":0,"15":0,"16":0,"17":0,"18":0,"19":0,"20":0,"21":0,"22":0,"23":0,"24":0,"25":0,"26":0,"27":0,"28":0,"29":0,"30":0,"31":0,"32":0,"33":0,"34":0,"35":0,"36":0,"37":0,"38":0,"39":0,"40":0,"41":0,"42":0,"43":0,"44":0,"45":0,"46":0,"47":0,"48":0,"49":0,"50":0,"51":0,"52":0,"53":0,"54":0},"f":{"0":0,"1":0,"2":0,"3":0,"4":0,"5":0,"6":0,"7":0,"8":0,"9":0},"b":{"0":[0,0],"1":[0,0],"2":[0,0],"3":[0,0,0,0,0,0],"4":[0,0],"5":[0,0],"6":[0,0],"7":[0,0],"8":[0,0]}}
,"/Users/jeder/repos/acp-mobile/components/notifications/NotificationCard.tsx": {"path":"/Users/jeder/repos/acp-mobile/components/notifications/NotificationCard.tsx","statementMap":{"0":{"start":{"line":16,"column":2},"end":{"line":35,"column":3}},"1":{"start":{"line":18,"column":6},"end":{"line":18,"column":31}},"2":{"start":{"line":20,"column":6},"end":{"line":20,"column":18}},"3":{"start":{"line":22,"column":6},"end":{"line":22,"column":27}},"4":{"start":{"line":24,"column":6},"end":{"line":24,"column":29}},"5":{"start":{"line":26,"column":6},"end":{"line":26,"column":25}},"6":{"start":{"line":28,"column":6},"end":{"line":28,"column":22}},"7":{"start":{"line":30,"column":6},"end":{"line":30,"column":18}},"8":{"start":{"line":32,"column":6},"end":{"line":32,"column":21}},"9":{"start":{"line":34,"column":6},"end":{"line":34,"column":19}},"10":{"start":{"line":42,"column":14},"end":{"line":42,"column":24}},"11":{"start":{"line":43,"column":17},"end":{"line":43,"column":47}},"12":{"start":{"line":44,"column":19},"end":{"line":44,"column":45}},"13":{"start":{"line":45,"column":20},"end":{"line":45,"column":48}},"14":{"start":{"line":46,"column":19},"end":{"line":46,"column":48}},"15":{"start":{"line":48,"column":2},"end":{"line":48,"column":37}},"16":{"start":{"line":48,"column":20},"end":{"line":48,"column":37}},"17":{"start":{"line":49,"column":2},"end":{"line":49,"column":46}},"18":{"start":{"line":49,"column":21},"end":{"line":49,"column":46}},"19":{"start":{"line":50,"column":2},"end":{"line":50,"column":48}},"20":{"start":{"line":50,"column":22},"end":{"line":50,"column":48}},"21":{"start":{"line":51,"column":2},"end":{"line":51,"column":45}},"22":{"start":{"line":51,"column":20},"end":{"line":51,"column":45}},"23":{"start":{"line":54,"column":2},"end":{"line":54,"column":77}},"24":{"start":{"line":58,"column":21},"end":{"line":58,"column":31}},"25":{"start":{"line":60,"column":2},"end":{"line":125,"column":3}},"26":{"start":{"line":69,"column":21},"end":{"line":69,"column":42}},"27":{"start":{"line":128,"column":15},"end":{"line":181,"column":2}},"28":{"start":{"line":187,"column":32},"end":{"line":192,"column":1}},"29":{"start":{"line":190,"column":4},"end":{"line":191,"column":71}}},"fnMap":{"0":{"name":"getNotificationIcon","decl":{"start":{"line":15,"column":9},"end":{"line":15,"column":28}},"loc":{"start":{"line":15,"column":84},"end":{"line":36,"column":1}},"line":15},"1":{"name":"formatRelativeTime","decl":{"start":{"line":41,"column":9},"end":{"line":41,"column":27}},"loc":{"start":{"line":41,"column":48},"end":{"line":55,"column":1}},"line":41},"2":{"name":"NotificationCardComponent","decl":{"start":{"line":57,"column":9},"end":{"line":57,"column":34}},"loc":{"start":{"line":57,"column":85},"end":{"line":126,"column":1}},"line":57},"3":{"name":"(anonymous_3)","decl":{"start":{"line":69,"column":15},"end":{"line":69,"column":16}},"loc":{"start":{"line":69,"column":21},"end":{"line":69,"column":42}},"line":69},"4":{"name":"(anonymous_4)","decl":{"start":{"line":189,"column":2},"end":{"line":189,"column":3}},"loc":{"start":{"line":190,"column":4},"end":{"line":191,"column":71}},"line":190}},"branchMap":{"0":{"loc":{"start":{"line":16,"column":2},"end":{"line":35,"column":3}},"type":"switch","locations":[{"start":{"line":17,"column":4},"end":{"line":18,"column":31}},{"start":{"line":19,"column":4},"end":{"line":20,"column":18}},{"start":{"line":21,"column":4},"end":{"line":22,"column":27}},{"start":{"line":23,"column":4},"end":{"line":24,"column":29}},{"start":{"line":25,"column":4},"end":{"line":26,"column":25}},{"start":{"line":27,"column":4},"end":{"line":28,"column":22}},{"start":{"line":29,"column":4},"end":{"line":30,"column":18}},{"start":{"line":31,"column":4},"end":{"line":32,"column":21}},{"start":{"line":33,"column":4},"end":{"line":34,"column":19}}],"line":16},"1":{"loc":{"start":{"line":48,"column":2},"end":{"line":48,"column":37}},"type":"if","locations":[{"start":{"line":48,"column":2},"end":{"line":48,"column":37}},{"start":{},"end":{}}],"line":48},"2":{"loc":{"start":{"line":49,"column":2},"end":{"line":49,"column":46}},"type":"if","locations":[{"start":{"line":49,"column":2},"end":{"line":49,"column":46}},{"start":{},"end":{}}],"line":49},"3":{"loc":{"start":{"line":50,"column":2},"end":{"line":50,"column":48}},"type":"if","locations":[{"start":{"line":50,"column":2},"end":{"line":50,"column":48}},{"start":{},"end":{}}],"line":50},"4":{"loc":{"start":{"line":51,"column":2},"end":{"line":51,"column":45}},"type":"if","locations":[{"start":{"line":51,"column":2},"end":{"line":51,"column":45}},{"start":{},"end":{}}],"line":51},"5":{"loc":{"start":{"line":66,"column":27},"end":{"line":66,"column":80}},"type":"cond-expr","locations":[{"start":{"line":66,"column":51},"end":{"line":66,"column":64}},{"start":{"line":66,"column":67},"end":{"line":66,"column":80}}],"line":66},"6":{"loc":{"start":{"line":76,"column":7},"end":{"line":78,"column":7}},"type":"binary-expr","locations":[{"start":{"line":76,"column":7},"end":{"line":76,"column":28}},{"start":{"line":77,"column":8},"end":{"line":77,"column":79}}],"line":76},"7":{"loc":{"start":{"line":85,"column":17},"end":{"line":85,"column":77}},"type":"cond-expr","locations":[{"start":{"line":85,"column":41},"end":{"line":85,"column":54}},{"start":{"line":85,"column":57},"end":{"line":85,"column":77}}],"line":85},"8":{"loc":{"start":{"line":102,"column":26},"end":{"line":102,"column":63}},"type":"cond-expr","locations":[{"start":{"line":102,"column":50},"end":{"line":102,"column":55}},{"start":{"line":102,"column":58},"end":{"line":102,"column":63}}],"line":102},"9":{"loc":{"start":{"line":190,"column":4},"end":{"line":191,"column":71}},"type":"binary-expr","locations":[{"start":{"line":190,"column":4},"end":{"line":190,"column":59}},{"start":{"line":191,"column":4},"end":{"line":191,"column":71}}],"line":190}},"s":{"0":0,"1":0,"2":0,"3":0,"4":0,"5":0,"6":0,"7":0,"8":0,"9":0,"10":0,"11":0,"12":0,"13":0,"14":0,"15":0,"16":0,"17":0,"18":0,"19":0,"20":0,"21":0,"22":0,"23":0,"24":0,"25":0,"26":0,"27":0,"28":0,"29":0},"f":{"0":0,"1":0,"2":0,"3":0,"4":0},"b":{"0":[0,0,0,0,0,0,0,0,0],"1":[0,0],"2":[0,0],"3":[0,0],"4":[0,0],"5":[0,0],"6":[0,0],"7":[0,0],"8":[0,0],"9":[0,0]}}
,"/Users/jeder/repos/acp-mobile/components/session/ApprovalActions.tsx": {"path":"/Users/jeder/repos/acp-mobile/components/session/ApprovalActions.tsx","statementMap":{"0":{"start":{"line":25,"column":21},"end":{"line":25,"column":31}},"1":{"start":{"line":26,"column":24},"end":{"line":26,"column":42}},"2":{"start":{"line":27,"column":24},"end":{"line":27,"column":34}},"3":{"start":{"line":29,"column":56},"end":{"line":29,"column":71}},"4":{"start":{"line":30,"column":54},"end":{"line":30,"column":69}},"5":{"start":{"line":31,"column":34},"end":{"line":31,"column":46}},"6":{"start":{"line":32,"column":42},"end":{"line":32,"column":57}},"7":{"start":{"line":34,"column":24},"end":{"line":66,"column":67}},"8":{"start":{"line":35,"column":4},"end":{"line":35,"column":33}},"9":{"start":{"line":36,"column":4},"end":{"line":36,"column":25}},"10":{"start":{"line":38,"column":4},"end":{"line":65,"column":5}},"11":{"start":{"line":39,"column":6},"end":{"line":42,"column":8}},"12":{"start":{"line":45,"column":6},"end":{"line":47,"column":8}},"13":{"start":{"line":49,"column":6},"end":{"line":54,"column":8}},"14":{"start":{"line":56,"column":6},"end":{"line":56,"column":19}},"15":{"start":{"line":58,"column":6},"end":{"line":62,"column":8}},"16":{"start":{"line":64,"column":6},"end":{"line":64,"column":28}},"17":{"start":{"line":68,"column":23},"end":{"line":105,"column":64}},"18":{"start":{"line":69,"column":4},"end":{"line":69,"column":32}},"19":{"start":{"line":70,"column":4},"end":{"line":70,"column":25}},"20":{"start":{"line":72,"column":4},"end":{"line":104,"column":5}},"21":{"start":{"line":73,"column":6},"end":{"line":79,"column":8}},"22":{"start":{"line":82,"column":6},"end":{"line":85,"column":8}},"23":{"start":{"line":87,"column":6},"end":{"line":92,"column":8}},"24":{"start":{"line":94,"column":6},"end":{"line":94,"column":21}},"25":{"start":{"line":95,"column":6},"end":{"line":95,"column":19}},"26":{"start":{"line":97,"column":6},"end":{"line":101,"column":8}},"27":{"start":{"line":103,"column":6},"end":{"line":103,"column":28}},"28":{"start":{"line":107,"column":27},"end":{"line":107,"column":66}},"29":{"start":{"line":109,"column":2},"end":{"line":246,"column":3}},"30":{"start":{"line":120,"column":25},"end":{"line":120,"column":52}},"31":{"start":{"line":138,"column":25},"end":{"line":138,"column":53}},"32":{"start":{"line":155,"column":30},"end":{"line":155,"column":59}},"33":{"start":{"line":168,"column":31},"end":{"line":168,"column":60}},"34":{"start":{"line":191,"column":30},"end":{"line":191,"column":58}},"35":{"start":{"line":226,"column":18},"end":{"line":226,"column":46}},"36":{"start":{"line":227,"column":18},"end":{"line":227,"column":33}},"37":{"start":{"line":249,"column":15},"end":{"line":330,"column":2}}},"fnMap":{"0":{"name":"ApprovalActions","decl":{"start":{"line":24,"column":16},"end":{"line":24,"column":31}},"loc":{"start":{"line":24,"column":93},"end":{"line":247,"column":1}},"line":24},"1":{"name":"(anonymous_1)","decl":{"start":{"line":34,"column":36},"end":{"line":34,"column":37}},"loc":{"start":{"line":34,"column":48},"end":{"line":66,"column":3}},"line":34},"2":{"name":"(anonymous_2)","decl":{"start":{"line":68,"column":35},"end":{"line":68,"column":36}},"loc":{"start":{"line":68,"column":47},"end":{"line":105,"column":3}},"line":68},"3":{"name":"(anonymous_3)","decl":{"start":{"line":120,"column":19},"end":{"line":120,"column":20}},"loc":{"start":{"line":120,"column":25},"end":{"line":120,"column":52}},"line":120},"4":{"name":"(anonymous_4)","decl":{"start":{"line":138,"column":19},"end":{"line":138,"column":20}},"loc":{"start":{"line":138,"column":25},"end":{"line":138,"column":53}},"line":138},"5":{"name":"(anonymous_5)","decl":{"start":{"line":155,"column":24},"end":{"line":155,"column":25}},"loc":{"start":{"line":155,"column":30},"end":{"line":155,"column":59}},"line":155},"6":{"name":"(anonymous_6)","decl":{"start":{"line":168,"column":25},"end":{"line":168,"column":26}},"loc":{"start":{"line":168,"column":31},"end":{"line":168,"column":60}},"line":168},"7":{"name":"(anonymous_7)","decl":{"start":{"line":191,"column":24},"end":{"line":191,"column":25}},"loc":{"start":{"line":191,"column":30},"end":{"line":191,"column":58}},"line":191},"8":{"name":"(anonymous_8)","decl":{"start":{"line":225,"column":25},"end":{"line":225,"column":26}},"loc":{"start":{"line":225,"column":31},"end":{"line":228,"column":17}},"line":225}},"branchMap":{"0":{"loc":{"start":{"line":61,"column":17},"end":{"line":61,"column":85}},"type":"cond-expr","locations":[{"start":{"line":61,"column":42},"end":{"line":61,"column":55}},{"start":{"line":61,"column":58},"end":{"line":61,"column":85}}],"line":61},"1":{"loc":{"start":{"line":77,"column":20},"end":{"line":77,"column":48}},"type":"binary-expr","locations":[{"start":{"line":77,"column":20},"end":{"line":77,"column":35}},{"start":{"line":77,"column":39},"end":{"line":77,"column":48}}],"line":77},"2":{"loc":{"start":{"line":100,"column":17},"end":{"line":100,"column":84}},"type":"cond-expr","locations":[{"start":{"line":100,"column":42},"end":{"line":100,"column":55}},{"start":{"line":100,"column":58},"end":{"line":100,"column":84}}],"line":100},"3":{"loc":{"start":{"line":107,"column":27},"end":{"line":107,"column":66}},"type":"binary-expr","locations":[{"start":{"line":107,"column":27},"end":{"line":107,"column":39}},{"start":{"line":107,"column":43},"end":{"line":107,"column":66}}],"line":107},"4":{"loc":{"start":{"line":118,"column":12},"end":{"line":118,"column":53}},"type":"binary-expr","locations":[{"start":{"line":118,"column":12},"end":{"line":118,"column":28}},{"start":{"line":118,"column":32},"end":{"line":118,"column":53}}],"line":118},"5":{"loc":{"start":{"line":124,"column":11},"end":{"line":128,"column":11}},"type":"cond-expr","locations":[{"start":{"line":125,"column":12},"end":{"line":125,"column":59}},{"start":{"line":127,"column":12},"end":{"line":127,"column":57}}],"line":124},"6":{"loc":{"start":{"line":124,"column":11},"end":{"line":124,"column":47}},"type":"binary-expr","locations":[{"start":{"line":124,"column":11},"end":{"line":124,"column":23}},{"start":{"line":124,"column":27},"end":{"line":124,"column":47}}],"line":124},"7":{"loc":{"start":{"line":136,"column":12},"end":{"line":136,"column":53}},"type":"binary-expr","locations":[{"start":{"line":136,"column":12},"end":{"line":136,"column":28}},{"start":{"line":136,"column":32},"end":{"line":136,"column":53}}],"line":136},"8":{"loc":{"start":{"line":142,"column":11},"end":{"line":146,"column":11}},"type":"cond-expr","locations":[{"start":{"line":143,"column":12},"end":{"line":143,"column":59}},{"start":{"line":145,"column":12},"end":{"line":145,"column":60}}],"line":142},"9":{"loc":{"start":{"line":142,"column":11},"end":{"line":142,"column":46}},"type":"binary-expr","locations":[{"start":{"line":142,"column":11},"end":{"line":142,"column":23}},{"start":{"line":142,"column":27},"end":{"line":142,"column":46}}],"line":142},"10":{"loc":{"start":{"line":195,"column":20},"end":{"line":195,"column":64}},"type":"cond-expr","locations":[{"start":{"line":195,"column":44},"end":{"line":195,"column":53}},{"start":{"line":195,"column":56},"end":{"line":195,"column":64}}],"line":195}},"s":{"0":0,"1":0,"2":0,"3":0,"4":0,"5":0,"6":0,"7":0,"8":0,"9":0,"10":0,"11":0,"12":0,"13":0,"14":0,"15":0,"16":0,"17":0,"18":0,"19":0,"20":0,"21":0,"22":0,"23":0,"24":0,"25":0,"26":0,"27":0,"28":0,"29":0,"30":0,"31":0,"32":0,"33":0,"34":0,"35":0,"36":0,"37":0},"f":{"0":0,"1":0,"2":0,"3":0,"4":0,"5":0,"6":0,"7":0,"8":0},"b":{"0":[0,0],"1":[0,0],"2":[0,0],"3":[0,0],"4":[0,0],"5":[0,0],"6":[0,0],"7":[0,0],"8":[0,0],"9":[0,0],"10":[0,0]}}
,"/Users/jeder/repos/acp-mobile/components/session/ModelBadge.tsx": {"path":"/Users/jeder/repos/acp-mobile/components/session/ModelBadge.tsx","statementMap":{"0":{"start":{"line":12,"column":21},"end":{"line":12,"column":31}},"1":{"start":{"line":14,"column":16},"end":{"line":14,"column":74}},"2":{"start":{"line":15,"column":22},"end":{"line":15,"column":90}},"3":{"start":{"line":17,"column":2},"end":{"line":24,"column":3}},"4":{"start":{"line":27,"column":15},"end":{"line":43,"column":2}}},"fnMap":{"0":{"name":"ModelBadge","decl":{"start":{"line":11,"column":16},"end":{"line":11,"column":26}},"loc":{"start":{"line":11,"column":71},"end":{"line":25,"column":1}},"line":11}},"branchMap":{"0":{"loc":{"start":{"line":11,"column":36},"end":{"line":11,"column":50}},"type":"default-arg","locations":[{"start":{"line":11,"column":43},"end":{"line":11,"column":50}}],"line":11},"1":{"loc":{"start":{"line":14,"column":16},"end":{"line":14,"column":74}},"type":"cond-expr","locations":[{"start":{"line":14,"column":49},"end":{"line":14,"column":61}},{"start":{"line":14,"column":64},"end":{"line":14,"column":74}}],"line":14},"2":{"loc":{"start":{"line":15,"column":22},"end":{"line":15,"column":90}},"type":"cond-expr","locations":[{"start":{"line":15,"column":55},"end":{"line":15,"column":73}},{"start":{"line":15,"column":76},"end":{"line":15,"column":90}}],"line":15},"3":{"loc":{"start":{"line":20,"column":7},"end":{"line":22,"column":7}},"type":"binary-expr","locations":[{"start":{"line":20,"column":7},"end":{"line":20,"column":24}},{"start":{"line":21,"column":8},"end":{"line":21,"column":96}}],"line":20}},"s":{"0":0,"1":0,"2":0,"3":0,"4":0},"f":{"0":0},"b":{"0":[0],"1":[0,0],"2":[0,0],"3":[0,0]}}
,"/Users/jeder/repos/acp-mobile/components/session/ModelSelector.tsx": {"path":"/Users/jeder/repos/acp-mobile/components/session/ModelSelector.tsx","statementMap":{"0":{"start":{"line":10,"column":15},"end":{"line":23,"column":1}},"1":{"start":{"line":26,"column":2},"end":{"line":61,"column":3}},"2":{"start":{"line":31,"column":29},"end":{"line":31,"column":55}},"3":{"start":{"line":33,"column":10},"end":{"line":57,"column":11}},"4":{"start":{"line":37,"column":29},"end":{"line":37,"column":52}},"5":{"start":{"line":64,"column":15},"end":{"line":131,"column":2}}},"fnMap":{"0":{"name":"ModelSelector","decl":{"start":{"line":25,"column":16},"end":{"line":25,"column":29}},"loc":{"start":{"line":25,"column":71},"end":{"line":62,"column":1}},"line":25},"1":{"name":"(anonymous_1)","decl":{"start":{"line":30,"column":20},"end":{"line":30,"column":21}},"loc":{"start":{"line":30,"column":31},"end":{"line":58,"column":9}},"line":30},"2":{"name":"(anonymous_2)","decl":{"start":{"line":37,"column":23},"end":{"line":37,"column":24}},"loc":{"start":{"line":37,"column":29},"end":{"line":37,"column":52}},"line":37}},"branchMap":{"0":{"loc":{"start":{"line":36,"column":37},"end":{"line":36,"column":72}},"type":"binary-expr","locations":[{"start":{"line":36,"column":37},"end":{"line":36,"column":47}},{"start":{"line":36,"column":51},"end":{"line":36,"column":72}}],"line":36},"1":{"loc":{"start":{"line":45,"column":27},"end":{"line":45,"column":61}},"type":"cond-expr","locations":[{"start":{"line":45,"column":40},"end":{"line":45,"column":49}},{"start":{"line":45,"column":52},"end":{"line":45,"column":61}}],"line":45},"2":{"loc":{"start":{"line":47,"column":52},"end":{"line":47,"column":92}},"type":"binary-expr","locations":[{"start":{"line":47,"column":52},"end":{"line":47,"column":62}},{"start":{"line":47,"column":66},"end":{"line":47,"column":92}}],"line":47},"3":{"loc":{"start":{"line":53,"column":42},"end":{"line":53,"column":76}},"type":"binary-expr","locations":[{"start":{"line":53,"column":42},"end":{"line":53,"column":52}},{"start":{
[...]
,"/Users/jeder/repos/acp-mobile/utils/renderTracker.ts": {"path":"/Users/jeder/repos/acp-mobile/utils/renderTracker.ts","statementMap":{"0":{"start":{"line":19,"column":25},"end":{"line":19,"column":50}},"1":{"start":{"line":20,"column":24},"end":{"line":20,"column":51}},"2":{"start":{"line":21,"column":22},"end":{"line":21,"column":29}},"3":{"start":{"line":27,"column":4},"end":{"line":27,"column":31}},"4":{"start":{"line":27,"column":25},"end":{"line":27,"column":31}},"5":{"start":{"line":30,"column":25},"end":{"line":30,"column":66}},"6":{"start":{"line":31,"column":4},"end":{"line":31,"column":58}},"7":{"start":{"line":34,"column":4},"end":{"line":38,"column":5}},"8":{"start":{"line":35,"column":20},"end":{"line":35,"column":61}},"9":{"start":{"line":36,"column":6},"end":{"line":36,"column":28}},"10":{"start":{"line":37,"column":6},"end":{"line":37,"column":48}},"11":{"start":{"line":45,"column":24},"end":{"line":45,"column":60}},"12":{"start":{"line":46,"column":4},"end":{"line":46,"column":33}},"13":{"start":{"line":46,"column":22},"end":{"line":46,"column":33}},"14":{"start":{"line":48,"column":18},"end":{"line":48,"column":59}},"15":{"start":{"line":49,"column":28},"end":{"line":49,"column":70}},"16":{"start":{"line":49,"column":56},"end":{"line":49,"column":66}},"17":{"start":{"line":50,"column":30},"end":{"line":50,"column":83}},"18":{"start":{"line":52,"column":4},"end":{"line":58,"column":5}},"19":{"start":{"line":65,"column":33},"end":{"line":65,"column":35}},"20":{"start":{"line":66,"column":4},"end":{"line":71,"column":5}},"21":{"start":{"line":67,"column":29},"end":{"line":67,"column":66}},"22":{"start":{"line":68,"column":6},"end":{"line":70,"column":7}},"23":{"start":{"line":69,"column":8},"end":{"line":69,"column":34}},"24":{"start":{"line":72,"column":4},"end":{"line":72,"column":62}},"25":{"start":{"line":72,"column":32},"end":{"line":72,"column":61}},"26":{"start":{"line":79,"column":4},"end":{"line":79,"column":78}},"27":{"start":{"line":79,"column":48},"end":{"line":79,"column":77}},"28":{"start":{"line":86,"column":4},"end":{"line":86,"column":86}},"29":{"start":{"line":86,"column":48},"end":{"line":86,"column":85}},"30":{"start":{"line":93,"column":4},"end":{"line":93,"column":29}},"31":{"start":{"line":94,"column":4},"end":{"line":94,"column":28}},"32":{"start":{"line":101,"column":4},"end":{"line":101,"column":43}},"33":{"start":{"line":102,"column":4},"end":{"line":102,"column":42}},"34":{"start":{"line":109,"column":4},"end":{"line":112,"column":5}},"35":{"start":{"line":110,"column":6},"end":{"line":110,"column":62}},"36":{"start":{"line":111,"column":6},"end":{"line":111,"column":12}},"37":{"start":{"line":114,"column":18},"end":{"line":114,"column":36}},"38":{"start":{"line":115,"column":4},"end":{"line":118,"column":5}},"39":{"start":{"line":116,"column":6},"end":{"line":116,"column":49}},"40":{"start":{"line":117,"column":6},"end":{"line":117,"column":12}},"41":{"start":{"line":120,"column":4},"end":{"line":120,"column":43}},"42":{"start":{"line":121,"column":4},"end":{"line":121,"column":71}},"43":{"start":{"line":124,"column":4},"end":{"line":124,"column":49}},"44":{"start":{"line":125,"column":4},"end":{"line":130,"column":6}},"45":{"start":{"line":126,"column":6},"end":{"line":129,"column":7}},"46":{"start":{"line":133,"column":22},"end":{"line":133,"column":50}},"47":{"start":{"line":134,"column":4},"end":{"line":139,"column":5}},"48":{"start":{"line":135,"column":6},"end":{"line":135,"column":67}},"49":{"start":{"line":136,"column":6},"end":{"line":138,"column":8}},"50":{"start":{"line":137,"column":8},"end":{"line":137,"column":76}},"51":{"start":{"line":142,"column":17},"end":{"line":142,"column":43}},"52":{"start":{"line":143,"column":4},"end":{"line":148,"column":5}},"53":{"start":{"line":144,"column":6},"end":{"line":144,"column":60}},"54":{"start":{"line":145,"column":6},"end":{"line":147,"column":8}},"55":{"start":{"line":146,"column":8},"end":{"line":146,"column":95}},"56":{"start":{"line":150,"column":4},"end":{"line":150,"column":75}},"57":{"start":{"line":157,"column":4},"end":{"line":157,"column":28}},"58":{"start":{"line":162,"column":44},"end":{"line":162,"column":48}},"59":{"start":{"line":164,"column":32},"end":{"line":169,"column":1}},"60":{"start":{"line":165,"column":2},"end":{"line":167,"column":3}},"61":{"start":{"line":166,"column":4},"end":{"line":166,"column":41}},"62":{"start":{"line":168,"column":2},"end":{"line":168,"column":24}},"63":{"start":{"line":175,"column":32},"end":{"line":201,"column":1}},"64":{"start":{"line":176,"column":22},"end":{"line":176,"column":31}},"65":{"start":{"line":177,"column":20},"end":{"line":177,"column":29}},"66":{"start":{"line":180,"column":2},"end":{"line":180,"column":39}},"67":{"start":{"line":182,"column":2},"end":{"line":195,"column":4}},"68":{"start":{"line":184,"column":23},"end":{"line":184,"column":60}},"69":{"start":{"line":185,"column":4},"end":{"line":185,"column":25}},"70":{"start":{"line":187,"column":20},"end":{"line":187,"column":38}},"71":{"start":{"line":188,"column":4},"end":{"line":188,"column":50}},"72":{"start":{"line":190,"column":4},"end":{"line":194,"column":5}},"73":{"start":{"line":191,"column":6},"end":{"line":193,"column":7}},"74":{"start":{"line":197,"column":2},"end":{"line":200,"column":3}},"75":{"start":{"line":199,"column":20},"end":{"line":199,"column":71}},"76":{"start":{"line":207,"column":34},"end":{"line":233,"column":1}},"77":{"start":{"line":208,"column":24},"end":{"line":208,"column":74}},"78":{"start":{"line":210,"column":2},"end":{"line":232,"column":4}},"79":{"start":{"line":211,"column":4},"end":{"line":229,"column":5}},"80":{"start":{"line":212,"column":22},"end":{"line":212,"column":73}},"81":{"start":{"line":213,"column":67},"end":{"line":213,"column":69}},"82":{"start":{"line":215,"column":6},"end":{"line":222,"column":8}},"83":{"start":{"line":216,"column":8},"end":{"line":221,"column":9}},"84":{"start":{"line":217,"column":10},"end":{"line":220,"column":11}},"85":{"start":{"line":224,"column":6},"end":{"line":228,"column":7}},"86":{"start":{"line":225,"column":8},"end":{"line":225,"column":70}},"87":{"start":{"line":227,"column":8},"end":{"line":227,"column":94}},"88":{"start":{"line":231,"column":4},"end":{"line":231,"column":33}},"89":{"start":{"line":238,"column":41},"end":{"line":262,"column":1}},"90":{"start":{"line":239,"column":2},"end":{"line":261,"column":3}},"91":{"start":{"line":240,"column":4},"end":{"line":260,"column":5}},"92":{"start":{"line":241,"column":20},"end":{"line":241,"column":36}},"93":{"start":{"line":242,"column":30},"end":{"line":242,"column":78}},"94":{"start":{"line":244,"column":6},"end":{"line":255,"column":8}},"95":{"start":{"line":253,"column":10},"end":{"line":253,"column":57}},"96":{"start":{"line":257,"column":6},"end":{"line":257,"column":53}},"97":{"start":{"line":259,"column":6},"end":{"line":259,"column":73}},"98":{"start":{"line":268,"column":36},"end":{"line":276,"column":1}},"99":{"start":{"line":269,"column":2},"end":{"line":274,"column":3}},"100":{"start":{"line":270,"column":5},"end":{"line":270,"column":46}},"101":{"start":{"line":271,"column":4},"end":{"line":273,"column":5}},"102":{"start":{"line":272,"column":6},"end":{"line":272,"column":41}},"103":{"start":{"line":275,"column":2},"end":{"line":275,"column":18}}},"fnMap":{"0":{"name":"(anonymous_0)","decl":{"start":{"line":26,"column":2},"end":{"line":26,"column":3}},"loc":{"start":{"line":26,"column":58},"end":{"line":39,"column":3}},"line":26},"1":{"name":"(anonymous_1)","decl":{"start":{"line":44,"column":2},"end":{"line":44,"column":3}},"loc":{"start":{"line":44,"column":63},"end":{"line":59,"column":3}},"line":44},"2":{"name":"(anonymous_2)","decl":{"start":{"line":49,"column":41},"end":{"line":49,"column":42}},"loc":{"start":{"line":49,"column":56},"end":{"line":49,"column":66}},"line":49},"3":{"name":"(anonymous_3)","decl":{"start":{"line":64,"column":2},"end":{"line":64,"column":3}},"loc":{"start":{"line":64,"column":31},"end":{"line":73,"column":3}},"line":64},"4":{"name":"(anonymous_4)","decl":{"start":{"line":72,"column":22},"end":{"line":72,"column":23}},"loc":{"start":{"line":72,"column":32},"end":{"line":72,"column":61}},"line":72},"5":{"name":"(anonymous_5)","decl":{"start":{"line":78,"column":2},"end":{"line":78,"column":3}},"loc":{"start":{"line":78,"column":53},"end":{"line":80,"column":3}},"line":78},"6":{"name":"(anonymous_6)","decl":{"start":{"line":79,"column":37},"end":{"line":79,"column":38}},"loc":{"start":{"line":79,"column":48},"end":{"line":79,"column":77}},"line":79},"7":{"name":"(anonymous_7)","decl":{"start":{"line":85,"column":2},"end":{"line":85,"column":3}},"loc":{"start":{"line":85,"column":53},"end":{"line":87,"column":3}},"line":85},"8":{"name":"(anonymous_8)","decl":{"start":{"line":86,"column":37},"end":{"line":86,"column":38}},"loc":{"start":{"line":86,"column":48},"end":{"line":86,"column":85}},"line":86},"9":{"name":"(anonymous_9)","decl":{"start":{"line":92,"column":2},"end":{"line":92,"column":3}},"loc":{"start":{"line":92,"column":10},"end":{"line":95,"column":3}},"line":92},"10":{"name":"(anonymous_10)","decl":{"start":{"line":100,"column":2},"end":{"line":100,"column":3}},"loc":{"start":{"line":100,"column":40},"end":{"line":103,"column":3}},"line":100},"11":{"name":"(anonymous_11)","decl":{"start":{"line":108,"column":2},"end":{"line":108,"column":3}},"loc":{"start":{"line":108,"column":16},"end":{"line":151,"column":3}},"line":108},"12":{"name":"(anonymous_12)","decl":{"start":{"line":125,"column":31},"end":{"line":125,"column":32}},"loc":{"start":{"line":125,"column":48},"end":{"line":130,"column":5}},"line":125},"13":{"name":"(anonymous_13)","decl":{"start":{"line":136,"column":24},"end":{"line":136,"column":25}},"loc":{"start":{"line":136,"column":34},"end":{"line":138,"column":7}},"line":136},"14":{"name":"(anonymous_14)","decl":{"start":{"line":145,"column":19},"end":{"line":145,"column":20}},"loc":{"start":{"line":145,"column":29},"end":{"line":147,"column":7}},"line":145},"15":{"name":"(anonymous_15)","decl":{"start":{"line":156,"column":2},"end":{"line":156,"column":3}},"loc":{"start":{"line":156,"column":31},"end":{"line":158,"column":3}},"line":156},"16":{"name":"(anonymous_16)","decl":{"start":{"line":164,"column":32},"end":{"line":164,"column":33}},"loc":{"start":{"line":164,"column":53},"end":{"line":169,"column":1}},"line":164},"17":{"name":"(anonymous_17)","decl":{"start":{"line":175,"column":32},"end":{"line":175,"column":33}},"loc":{"start":{"line":175,"column":59},"end":{"line":201,"column":1}},"line":175},"18":{"name":"(anonymous_18)","decl":{"start":{"line":182,"column":12},"end":{"line":182,"column":13}},"loc":{"start":{"line":182,"column":18},"end":{"line":195,"column":3}},"line":182},"19":{"name":"(anonymous_19)","decl":{"start":{"line":199,"column":14},"end":{"line":199,"column":15}},"loc":{"start":{"line":199,"column":20},"end":{"line":199,"column":71}},"line":199},"20":{"name":"(anonymous_20)","decl":{"start":{"line":207,"column":34},"end":{"line":207,"column":35}},"loc":{"start":{"line":207,"column":89},"end":{"line":233,"column":1}},"line":207},"21":{"name":"(anonymous_21)","decl":{"start":{"line":210,"column":12},"end":{"line":210,"column":13}},"loc":{"start":{"line":210,"column":18},"end":{"line":232,"column":3}},"line":210},"22":{"name":"(anonymous_22)","decl":{"start":{"line":215,"column":22},"end":{"line":215,"column":23}},"loc":{"start":{"line":215,"column":31},"end":{"line":222,"column":7}},"line":215},"23":{"name":"(anonymous_23)","decl":{"start":{"line":238,"column":41},"end":{"line":238,"column":42}},"loc":{"start":{"line":238,"column":47},"end":{"line":262,"column":1}},"line":238},"24":{"name":"(anonymous_24)","decl":{"start":{"line":251,"column":18},"end":{"line":251,"column":19}},"loc":{"start":{"line":251,"column":37},"end":{"line":254,"column":9}},"line":251},"25":{"name":"(anonymous_25)","decl":{"start":{"line":268,"column":36},"end":{"line":268,"column":37}},"loc":{"start":{"line":268,"column":99},"end":{"line":276,"column":1}},"line":268}},"branchMap":{"0":{"loc":{"start":{"line":27,"column":4},"end":{"line":27,"column":31}},"type":"if","locations":[{"start":{"line":27,"column":4},"end":{"line":27,"column":31}},{"start":{},"end":{}}],"line":27},"1":{"loc":{"start":{"line":30,"column":25},"end":{"line":30,"column":66}},"type":"binary-expr","locations":[{"start":{"line":30,"column":25},"end":{"line":30,"column":61}},{"start":{"line":30,"column":65},"end":{"line":30,"column":66}}],"line":30},"2":{"loc":{"start":{"line":34,"column":4},"end":{"line":38,"column":5}},"type":"if","locations":[{"start":{"line":34,"column":4},"end":{"line":38,"column":5}},{"start":{},"end":{}}],"line":34},"3":{"loc":{"start":{"line":35,"column":20},"end":{"line":35,"column":61}},"type":"binary-expr","locations":[{"start":{"line":35,"column":20},"end":{"line":35,"column":55}},{"start":{"line":35,"column":59},"end":{"line":35,"column":61}}],"line":35},"4":{"loc":{"start":{"line":46,"column":4},"end":{"line":46,"column":33}},"type":"if","locations":[{"start":{"line":46,"column":4},"end":{"line":46,"column":33}},{"start":{},"end":{}}],"line":46},"5":{"loc":{"start":{"line":48,"column":18},"end":{"line":48,"column":59}},"type":"binary-expr","locations":[{"start":{"line":48,"column":18},"end":{"line":48,"column":53}},{"start":{"line":48,"column":57},"end":{"line":48,"column":59}}],"line":48},"6":{"loc":{"start":{"line":50,"column":30},"end":{"line":50,"column":83}},"type":"cond-expr","locations":[{"start":{"line":50,"column":49},"end":{"line":50,"column":79}},{"start":{"line":50,"column":82},"end":{"line":50,"column":83}}],"line":50},"7":{"loc":{"start":{"line":55,"column":22},"end":{"line":55,"column":50}},"type":"binary-expr","locations":[{"start":{"line":55,"column":22},"end":{"line":55,"column":45}},{"start":{"line":55,"column":49},"end":{"line":55,"column":50}}],"line":55},"8":{"loc":{"start":{"line":68,"column":6},"end":{"line":70,"column":7}},"type":"if","locations":[{"start":{"line":68,"column":6},"end":{"line":70,"column":7}},{"start":{},"end":{}}],"line":68},"9":{"loc":{"start":{"line":78,"column":22},"end":{"line":78,"column":36}},"type":"default-arg","locations":[{"start":{"line":78,"column":34},"end":{"line":78,"column":36}}],"line":78},"10":{"loc":{"start":{"line":85,"column":20},"end":{"line":85,"column":36}},"type":"default-arg","locations":[{"start":{"line":85,"column":34},"end":{"line":85,"column":36}}],"line":85},"11":{"loc":{"start":{"line":109,"column":4},"end":{"line":112,"column":5}},"type":"if","locations":[{"start":{"line":109,"column":4},"end":{"line":112,"column":5}},{"start":{},"end":{}}],"line":109},"12":{"loc":{"start":{"line":115,"column":4},"end":{"line":118,"column":5}},"type":"if","locations":[{"start":{"line":115,"column":4},"end":{"line":118,"column":5}},{"start":{},"end":{}}],"line":115},"13":{"loc":{"start":{"line":134,"column":4},"end":{"line":139,"column":5}},"type":"if","locations":[{"start":{"line":134,"column":4},"end":{"line":139,"column":5}},{"start":{},"end":{}}],"line":134},"14":{"loc":{"start":{"line":143,"column":4},"end":{"line":148,"column":5}},"type":"if","locations":[{"start":{"line":143,"column":4},"end":{"line":148,"column":5}},{"start":{},"end":{}}],"line":143},"15":{"loc":{"start":{"line":165,"column":2},"end":{"line":167,"column":3}},"type":"if","locations":[{"start":{"line":165,"column":2},"end":{"line":167,"column":3}},{"start":{},"end":{}}],"line":165},"16":{"loc":{"start":{"line":190,"column":4},"end":{"line":194,"column":5}},"type":"if","locations":[{"start":{"line":190,"column":4},"end":{"line":194,"column":5}},{"start":{},"end":{}}],"line":190},"17":{"loc":{"start":{"line":190,"column":8},"end":{"line":190,"column":44}},"type":"binary-expr","locations":[{"start":{"line":190,"column":8},"end":{"line":190,"column":15}},{"start":{"line":190,"column":19},"end":{"line":190,"column":44}}],"line":190},"18":{"loc":{"start":{"line":211,"column":4},"end":{"line":229,"column":5}},"type":"if","locations":[{"start":{"line":211,"column":4},"end":{"line":229,"column":5}},{"start":{},"end":{}}],"line":211},"19":{"loc":{"start":{"line":211,"column":8},"end":{"line":211,"column":40}},"type":"binary-expr","locations":[{"start":{"line":211,"column":8},"end":{"line":211,"column":29}},{"start":{"line":211,"column":33},"end":{"line":211,"column":40}}],"line":211},"20":{"loc":{"start":{"line":216,"column":8},"end":{"line":221,"column":9}},"type":"if","locations":[{"start":{"line":216,"column":8},"end":{"line":221,"column":9}},{"start":{},"end":{}}],"line":216},"21":{"loc":{"start":{"line":224,"column":6},"end":{"line":228,"column":7}},"type":"if","locations":[{"start":{"line":224,"column":6},"end":{"line":228,"column":7}},{"start":{"line":226,"column":13},"end":{"line":228,"column":7}}],"line":224},"22":{"loc":{"start":{"line":239,"column":2},"end":{"line":261,"column":3}},"type":"if","locations":[{"start":{"line":239,"column":2},"end":{"line":261,"column":3}},{"start":{},"end":{}}],"line":239},"23":{"loc":{"start":{"line":269,"column":2},"end":{"line":274,"column":3}},"type":"if","locations":[{"start":{"line":269,"column":2},"end":{"line":274,"column":3}},{"start":{},"end":{}}],"line":269},"24":{"loc":{"start":{"line":271,"column":4},"end":{"line":273,"column":5}},"type":"if","locations":[{"start":{"line":271,"column":4},"end":{"line":273,"column":5}},{"start":{},"end":{}}],"line":271}},"s":{"0":0,"1":0,"2":0,"3":0,"4":0,"5":0,"6":0,"7":0,"8":0,"9":0,"10":0,"11":0,"12":0,"13":0,"14":0,"15":0,"16":0,"17":0,"18":0,"19":0,"20":0,"21":0,"22":0,"23":0,"24":0,"25":0,"26":0,"27":0,"28":0,"29":0,"30":0,"31":0,"32":0,"33":0,"34":0,"35":0,"36":0,"37":0,"38":0,"39":0,"40":0,"41":0,"42":0,"43":0,"44":0,"45":0,"46":0,"47":0,"48":0,"49":0,"50":0,"51":0,"52":0,"53":0,"54":0,"55":0,"56":0,"57":0,"58":0,"59":0,"60":0,"61":0,"62":0,"63":0,"64":0,"65":0,"66":0,"67":0,"68":0,"69":0,"70":0,"71":0,"72":0,"73":0,"74":0,"75":0,"76":0,"77":0,"78":0,"79":0,"80":0,"81":0,"82":0,"83":0,"84":0,"85":0,"86":0,"87":0,"88":0,"89":0,"90":0,"91":0,"92":0,"93":0,"94":0,"95":0,"96":0,"97":0,"98":0,"99":0,"100":0,"101":0,"102":0,"103":0},"f":{"0":0,"1":0,"2":0,"3":0,"4":0,"5":0,"6":0,"7":0,"8":0,"9":0,"10":0,"11":0,"12":0,"13":0,"14":0,"15":0,"16":0,"17":0,"18":0,"19":0,"20":0,"21":0,"22":0,"23":0,"24":0,"25":0},"b":{"0":[0,0],"1":[0,0],"2":[0,0],"3":[0,0],"4":[0,0],"5":[0,0],"6":[0,0],"7":[0,0],"8":[0,0],"9":[0],"10":[0],"11":[0,0],"12":[0,0],"13":[0,0],"14":[0,0],"15":[0,0],"16":[0,0],"17":[0,0],"18":[0,0],"19":[0,0],"20":[0,0],"21":[0,0],"22":[0,0],"23":[0,0],"24":[0,0]}}
}
