TN:
SF:components/ErrorBoundary.tsx
FN:25,(anonymous_0)
FN:30,(anonymous_1)
FN:34,(anonymous_2)
FN:50,(anonymous_3)
FN:54,(anonymous_4)
FN:71,ErrorFallback
FN:166,ErrorBoundary
FNF:7
FNH:0
FNDA:0,(anonymous_0)
FNDA:0,(anonymous_1)
FNDA:0,(anonymous_2)
FNDA:0,(anonymous_3)
FNDA:0,(anonymous_4)
FNDA:0,ErrorFallback
FNDA:0,ErrorBoundary
DA:26,0
DA:27,0
DA:31,0
DA:36,0
DA:39,0
DA:40,0
DA:44,0
DA:50,0
DA:51,0
DA:55,0
DA:56,0
DA:57,0
DA:61,0
DA:64,0
DA:72,0
DA:74,0
DA:104,0
DA:167,0
LF:18
LH:0
BRDA:39,0,0,0
BRDA:39,0,1,0
BRDA:44,1,0,0
BRDA:44,1,1,0
BRDA:55,2,0,0
BRDA:55,2,1,0
BRDA:56,3,0,0
BRDA:56,3,1,0
BRDA:80,4,0,0
BRDA:80,4,1,0
BRDA:83,5,0,0
BRDA:83,5,1,0
BRDA:83,5,2,0
BRF:13
BRH:0
end_of_record
TN:
SF:components/PerformanceMonitor.tsx
FN:21,PerformanceMonitor
FN:30,(anonymous_1)
FN:34,(anonymous_2)
FN:46,(anonymous_3)
FN:51,(anonymous_4)
FN:56,(anonymous_5)
FN:73,(anonymous_6)
FN:177,(anonymous_7)
FN:204,(anonymous_8)
FN:215,(anonymous_9)
FN:234,(anonymous_10)
FN:246,PerformanceToggle
FN:258,(anonymous_12)
FNF:13
FNH:0
FNDA:0,PerformanceMonitor
FNDA:0,(anonymous_1)
FNDA:0,(anonymous_2)
FNDA:0,(anonymous_3)
FNDA:0,(anonymous_4)
FNDA:0,(anonymous_5)
FNDA:0,(anonymous_6)
FNDA:0,(anonymous_7)
FNDA:0,(anonymous_8)
FNDA:0,(anonymous_9)
FNDA:0,(anonymous_10)
FNDA:0,PerformanceToggle
FNDA:0,(anonymous_12)
DA:22,0
DA:23,0
DA:24,0
DA:30,0
DA:31,0
DA:34,0
DA:35,0
DA:36,0
DA:37,0
DA:39,0
DA:46,0
DA:49,0
DA:51,0
DA:52,0
DA:53,0
DA:56,0
DA:57,0
DA:58,0
DA:59,0
DA:62,0
DA:66,0
DA:68,0
DA:73,0
DA:178,0
DA:205,0
DA:206,0
DA:216,0
DA:217,0
DA:218,0
DA:220,0
DA:221,0
DA:222,0
DA:234,0
DA:247,0
DA:248,0
DA:250,0
DA:252,0
DA:258,0
DA:267,0
LF:39
LH:0
BRDA:31,0,0,0
BRDA:31,0,1,0
BRDA:31,1,0,0
BRDA:31,1,1,0
BRDA:49,2,0,0
BRDA:49,2,1,0
BRDA:49,3,0,0
BRDA:49,3,1,0
BRDA:57,4,0,0
BRDA:57,4,1,0
BRDA:58,5,0,0
BRDA:58,5,1,0
BRDA:62,6,0,0
BRDA:62,6,1,0
BRDA:66,7,0,0
BRDA:66,7,1,0
BRDA:66,8,0,0
BRDA:66,8,1,0
BRDA:82,9,0,0
BRDA:82,9,1,0
BRDA:131,10,0,0
BRDA:131,10,1,0
BRDA:138,11,0,0
BRDA:138,11,1,0
BRDA:176,12,0,0
BRDA:176,12,1,0
BRDA:188,13,0,0
BRDA:188,13,1,0
BRDA:205,14,0,0
BRDA:205,14,1,0
BRDA:205,15,0,0
BRDA:205,15,1,0
BRDA:231,16,0,0
BRDA:231,16,1,0
BRDA:250,17,0,0
BRDA:250,17,1,0
BRDA:254,18,0,0
BRDA:254,18,1,0
BRDA:255,19,0,0
BRDA:255,19,1,0
BRF:40
BRH:0
end_of_record
TN:
SF:components/external-link.tsx
FN:8,ExternalLink
FN:14,(anonymous_1)
FNF:2
FNH:0
FNDA:0,ExternalLink
FNDA:0,(anonymous_1)
DA:9,0
DA:15,0
DA:17,0
DA:19,0
LF:4
LH:0
BRDA:15,0,0,0
BRDA:15,0,1,0
BRF:2
BRH:0
end_of_record
TN:
SF:components/haptic-tab.tsx
FN:5,HapticTab
FN:9,(anonymous_1)
FNF:2
FNH:0
FNDA:0,HapticTab
FNDA:0,(anonymous_1)
DA:6,0
DA:10,0
DA:12,0
DA:14,0
LF:4
LH:0
BRDA:10,0,0,0
BRDA:10,0,1,0
BRF:2
BRH:0
end_of_record
TN:
SF:components/hello-wave.tsx
FN:3,HelloWave
FNF:1
FNH:0
FNDA:0,HelloWave
DA:4,0
LF:1
LH:0
BRF:0
BRH:0
end_of_record
TN:
SF:components/parallax-scroll-view.tsx
FN:21,ParallaxScrollView
FN:30,(anonymous_1)
FNF:2
FNH:0
FNDA:0,ParallaxScrollView
FNDA:0,(anonymous_1)
DA:14,0
DA:26,0
DA:27,0
DA:28,0
DA:29,0
DA:30,0
DA:31,0
DA:47,0
DA:67,0
LF:9
LH:0
BRDA:27,0,0,0
BRDA:27,0,1,0
BRF:2
BRH:0
end_of_record
TN:
SF:components/themed-text.tsx
FN:11,ThemedText
FNF:1
FNH:0
FNDA:0,ThemedText
DA:18,0
DA:20,0
DA:36,0
LF:3
LH:0
BRDA:15,0,0,0
BRDA:24,1,0,0
BRDA:24,1,1,0
BRDA:25,2,0,0
BRDA:25,2,1,0
BRDA:26,3,0,0
BRDA:26,3,1,0
BRDA:27,4,0,0
BRDA:27,4,1,0
BRDA:28,5,0,0
BRDA:28,5,1,0
BRF:11
BRH:0
end_of_record
TN:
SF:components/themed-view.tsx
FN:10,ThemedView
FNF:1
FNH:0
FNDA:0,ThemedView
DA:11,0
DA:13,0
LF:2
LH:0
BRF:0
BRH:0
end_of_record
TN:
SF:components/chat/ChatBubble.tsx
FN:20,formatTime
FN:30,ChatBubbleComponent
FN:129,(anonymous_2)
FNF:3
FNH:0
FNDA:0,formatTime
FNDA:0,ChatBubbleComponent
FNDA:0,(anonymous_2)
DA:21,0
DA:31,0
DA:32,0
DA:34,0
DA:78,0
DA:127,0
DA:129,0
LF:7
LH:0
BRDA:35,0,0,0
BRDA:35,0,1,0
BRDA:37,1,0,0
BRDA:37,1,1,0
BRDA:48,2,0,0
BRDA:48,2,1,0
BRDA:57,3,0,0
BRDA:57,3,1,0
BRDA:67,4,0,0
BRDA:67,4,1,0
BRF:10
BRH:0
end_of_record
TN:
SF:components/chat/ChatHeader.tsx
FN:21,ChatHeader
FNF:1
FNH:0
FNDA:0,ChatHeader
DA:22,0
DA:24,0
DA:43,0
LF:3
LH:0
BRF:0
BRH:0
end_of_record
TN:
SF:components/chat/ChatInput.tsx
FN:26,ChatInput
FN:30,(anonymous_1)
FNF:2
FNH:0
FNDA:0,ChatInput
FNDA:0,(anonymous_1)
DA:21,0
DA:27,0
DA:28,0
DA:30,0
DA:31,0
DA:32,0
DA:33,0
DA:34,0
DA:38,0
DA:40,0
DA:73,0
LF:11
LH:0
BRDA:26,0,0,0
BRDA:32,1,0,0
BRDA:32,1,1,0
BRDA:32,2,0,0
BRDA:32,2,1,0
BRDA:38,3,0,0
BRDA:38,3,1,0
BRDA:60,4,0,0
BRDA:60,4,1,0
BRDA:67,5,0,0
BRDA:67,5,1,0
BRDA:87,6,0,0
BRDA:87,6,1,0
BRF:13
BRH:0
end_of_record
TN:
SF:components/layout/CreateFAB.tsx
FN:19,CreateFAB
FN:30,(anonymous_1)
FN:32,(anonymous_2)
FN:54,(anonymous_3)
FN:68,(anonymous_4)
FN:70,(anonymous_5)
FN:71,(anonymous_6)
FN:77,(anonymous_7)
FN:88,(anonymous_8)
FN:98,(anonymous_9)
FNF:10
FNH:0
FNDA:0,CreateFAB
FNDA:0,(anonymous_1)
FNDA:0,(anonymous_2)
FNDA:0,(anonymous_3)
FNDA:0,(anonymous_4)
FNDA:0,(anonymous_5)
FNDA:0,(anonymous_6)
FNDA:0,(anonymous_7)
FNDA:0,(anonymous_8)
FNDA:0,(anonymous_9)
DA:20,0
DA:21,0
DA:22,0
DA:24,0
DA:30,0
DA:32,0
DA:33,0
DA:35,0
DA:37,0
DA:38,0
DA:41,0
DA:42,0
DA:45,0
DA:49,0
DA:54,0
DA:68,0
DA:70,0
DA:71,0
DA:77,0
DA:89,0
DA:98,0
DA:135,0
LF:22
LH:0
BRDA:35,0,0,0
BRDA:35,0,1,0
BRDA:41,1,0,0
BRDA:41,1,1,0
BRDA:106,2,0,0
BRDA:106,2,1,0
BRDA:113,3,0,0
BRDA:113,3,1,0
BRDA:119,4,0,0
BRDA:119,4,1,0
BRDA:138,5,0,0
BRDA:138,5,1,0
BRF:12
BRH:0
end_of_record
TN:
SF:components/layout/FAB.tsx
FN:5,FAB
FN:6,(anonymous_1)
FNF:2
FNH:0
FNDA:0,FAB
FNDA:0,(anonymous_1)
DA:6,0
DA:7,0
DA:10,0
DA:17,0
LF:4
LH:0
BRF:0
BRH:0
end_of_record
TN:
SF:components/layout/Header.tsx
FN:29,(anonymous_0)
FN:32,(anonymous_1)
FN:36,(anonymous_2)
FN:38,(anonymous_3)
FN:48,(anonymous_4)
FN:52,(anonymous_5)
FN:53,(anonymous_6)
FN:68,(anonymous_7)
FN:72,(anonymous_8)
FN:81,(anonymous_9)
FN:84,(anonymous_10)
FN:87,(anonymous_11)
FN:88,(anonymous_12)
FN:91,(anonymous_13)
FN:99,(anonymous_14)
FN:110,(anonymous_15)
FN:122,(anonymous_16)
FN:128,(anonymous_17)
FN:151,(anonymous_18)
FNF:19
FNH:0
FNDA:0,(anonymous_0)
FNDA:0,(anonymous_1)
FNDA:0,(anonymous_2)
FNDA:0,(anonymous_3)
FNDA:0,(anonymous_4)
FNDA:0,(anonymous_5)
FNDA:0,(anonymous_6)
FNDA:0,(anonymous_7)
FNDA:0,(anonymous_8)
FNDA:0,(anonymous_9)
FNDA:0,(anonymous_10)
FNDA:0,(anonymous_11)
FNDA:0,(anonymous_12)
FNDA:0,(anonymous_13)
FNDA:0,(anonymous_14)
FNDA:0,(anonymous_15)
FNDA:0,(anonymous_16)
FNDA:0,(anonymous_17)
FNDA:0,(anonymous_18)
DA:26,0
DA:29,0
DA:30,0
DA:31,0
DA:32,0
DA:33,0
DA:34,0
DA:36,0
DA:38,0
DA:39,0
DA:40,0
DA:41,0
DA:46,0
DA:48,0
DA:52,0
DA:53,0
DA:54,0
DA:55,0
DA:56,0
DA:57,0
DA:58,0
DA:60,0
DA:64,0
DA:67,0
DA:68,0
DA:72,0
DA:73,0
DA:74,0
DA:75,0
DA:77,0
DA:81,0
DA:84,0
DA:87,0
DA:88,0
DA:91,0
DA:92,0
DA:93,0
DA:100,0
DA:101,0
DA:102,0
DA:103,0
DA:109,0
DA:110,0
DA:122,0
DA:123,0
DA:129,0
DA:130,0
DA:132,0
DA:134,0
DA:141,0
DA:151,0
DA:198,0
DA:200,0
LF:53
LH:0
BRDA:29,0,0,0
BRDA:40,1,0,0
BRDA:40,1,1,0
BRDA:56,2,0,0
BRDA:56,2,1,0
BRDA:74,3,0,0
BRDA:74,3,1,0
BRDA:81,4,0,0
BRDA:81,4,1,0
BRDA:84,5,0,0
BRDA:84,5,1,0
BRDA:92,6,0,0
BRDA:92,6,1,0
BRDA:100,7,0,0
BRDA:100,7,1,0
BRDA:102,8,0,0
BRDA:102,8,1,0
BRDA:156,9,0,0
BRDA:156,9,1,0
BRDA:185,10,0,0
BRDA:185,10,1,0
BRF:21
BRH:0
end_of_record
TN:
SF:components/modals/NotificationsModal.tsx
FN:14,NotificationsModal
FN:87,(anonymous_1)
FN:101,(anonymous_2)
FN:123,(anonymous_3)
FN:207,(anonymous_4)
FN:231,(anonymous_5)
FNF:6
FNH:0
FNDA:0,NotificationsModal
FNDA:0,(anonymous_1)
FNDA:0,(anonymous_2)
FNDA:0,(anonymous_3)
FNDA:0,(anonymous_4)
FNDA:0,(anonymous_5)
DA:15,0
DA:16,0
DA:19,0
DA:52,0
DA:83,0
DA:85,0
DA:87,0
DA:88,0
DA:89,0
DA:90,0
DA:91,0
DA:92,0
DA:94,0
DA:95,0
DA:96,0
DA:97,0
DA:98,0
DA:101,0
DA:102,0
DA:123,0
DA:124,0
DA:126,0
DA:134,0
DA:181,0
DA:207,0
DA:231,0
DA:259,0
LF:27
LH:0
BRDA:85,0,0,0
BRDA:85,0,1,0
BRDA:94,1,0,0
BRDA:94,1,1,0
BRDA:95,2,0,0
BRDA:95,2,1,0
BRDA:96,3,0,0
BRDA:96,3,1,0
BRDA:97,4,0,0
BRDA:97,4,1,0
BRDA:116,5,0,0
BRDA:116,5,1,0
BRDA:126,6,0,0
BRDA:126,6,1,0
BRDA:128,7,0,0
BRDA:128,7,1,0
BRDA:130,8,0,0
BRDA:130,8,1,0
BRDA:140,9,0,0
BRDA:140,9,1,0
BRDA:141,10,0,0
BRDA:141,10,1,0
BRDA:155,11,0,0
BRDA:155,11,1,0
BRDA:160,12,0,0
BRDA:160,12,1,0
BRDA:166,13,0,0
BRDA:166,13,1,0
BRDA:202,14,0,0
BRDA:202,14,1,0
BRDA:215,15,0,0
BRDA:215,15,1,0
BRDA:226,16,0,0
BRDA:226,16,1,0
BRDA:239,17,0,0
BRDA:239,17,1,0
BRDA:250,18,0,0
BRDA:250,18,1,0
BRF:38
BRH:0
end_of_record
TN:
SF:components/notifications/NotificationActions.tsx
FN:17,useNotificationActions
FN:22,(anonymous_1)
FN:47,(anonymous_2)
FN:103,(anonymous_3)
FN:128,(anonymous_4)
FN:138,(anonymous_5)
FN:152,(anonymous_6)
FN:167,(anonymous_7)
FN:182,(anonymous_8)
FN:188,(anonymous_9)
FNF:10
FNH:0
FNDA:0,useNotificationActions
FNDA:0,(anonymous_1)
FNDA:0,(anonymous_2)
FNDA:0,(anonymous_3)
FNDA:0,(anonymous_4)
FNDA:0,(anonymous_5)
FNDA:0,(anonymous_6)
FNDA:0,(anonymous_7)
FNDA:0,(anonymous_8)
FNDA:0,(anonymous_9)
DA:18,0
DA:19,0
DA:21,0
DA:23,0
DA:24,0
DA:26,0
DA:35,0
DA:36,0
DA:38,0
DA:39,0
DA:48,0
DA:50,0
DA:55,0
DA:56,0
DA:59,0
DA:64,0
DA:68,0
DA:71,0
DA:72,0
DA:76,0
DA:77,0
DA:80,0
DA:82,0
DA:85,0
DA:89,0
DA:91,0
DA:92,0
DA:93,0
DA:95,0
DA:98,0
DA:104,0
DA:108,0
DA:109,0
DA:113,0
DA:116,0
DA:122,0
DA:129,0
DA:133,0
DA:139,0
DA:144,0
DA:153,0
DA:154,0
DA:158,0
DA:159,0
DA:161,0
DA:168,0
DA:172,0
DA:173,0
DA:174,0
DA:175,0
DA:183,0
DA:189,0
DA:193,0
DA:194,0
DA:208,0
LF:55
LH:0
BRDA:23,0,0,0
BRDA:23,0,1,0
BRDA:29,1,0,0
BRDA:29,1,1,0
BRDA:38,2,0,0
BRDA:38,2,1,0
BRDA:48,3,0,0
BRDA:48,3,1,0
BRDA:48,3,2,0
BRDA:48,3,3,0
BRDA:48,3,4,0
BRDA:48,3,5,0
BRDA:71,4,0,0
BRDA:71,4,1,0
BRDA:91,5,0,0
BRDA:91,5,1,0
BRDA:151,6,0,0
BRDA:151,6,1,0
BRDA:153,7,0,0
BRDA:153,7,1,0
BRDA:173,8,0,0
BRDA:173,8,1,0
BRF:22
BRH:0
end_of_record
TN:
SF:components/notifications/NotificationCard.tsx
FN:15,getNotificationIcon
FN:41,formatRelativeTime
FN:57,NotificationCardComponent
FN:69,(anonymous_3)
FN:189,(anonymous_4)
FNF:5
FNH:0
FNDA:0,getNotificationIcon
FNDA:0,formatRelativeTime
FNDA:0,NotificationCardComponent
FNDA:0,(anonymous_3)
FNDA:0,(anonymous_4)
DA:16,0
DA:18,0
DA:20,0
DA:22,0
DA:24,0
DA:26,0
DA:28,0
DA:30,0
DA:32,0
DA:34,0
DA:42,0
DA:43,0
DA:44,0
DA:45,0
DA:46,0
DA:48,0
DA:49,0
DA:50,0
DA:51,0
DA:54,0
DA:58,0
DA:60,0
DA:69,0
DA:128,0
DA:187,0
DA:190,0
LF:26
LH:0
BRDA:16,0,0,0
BRDA:16,0,1,0
BRDA:16,0,2,0
BRDA:16,0,3,0
BRDA:16,0,4,0
BRDA:16,0,5,0
BRDA:16,0,6,0
BRDA:16,0,7,0
BRDA:16,0,8,0
BRDA:48,1,0,0
BRDA:48,1,1,0
BRDA:49,2,0,0
BRDA:49,2,1,0
BRDA:50,3,0,0
BRDA:50,3,1,0
BRDA:51,4,0,0
BRDA:51,4,1,0
BRDA:66,5,0,0
BRDA:66,5,1,0
BRDA:76,6,0,0
BRDA:76,6,1,0
BRDA:85,7,0,0
BRDA:85,7,1,0
BRDA:102,8,0,0
BRDA:102,8,1,0
BRDA:190,9,0,0
BRDA:190,9,1,0
BRF:27
BRH:0
end_of_record
TN:
SF:components/session/ApprovalActions.tsx
FN:24,ApprovalActions
FN:34,(anonymous_1)
FN:68,(anonymous_2)
FN:120,(anonymous_3)
FN:138,(anonymous_4)
FN:155,(anonymous_5)
FN:168,(anonymous_6)
FN:191,(anonymous_7)
FN:225,(anonymous_8)
FNF:9
FNH:0
FNDA:0,ApprovalActions
FNDA:0,(anonymous_1)
FNDA:0,(anonymous_2)
FNDA:0,(anonymous_3)
FNDA:0,(anonymous_4)
FNDA:0,(anonymous_5)
FNDA:0,(anonymous_6)
FNDA:0,(anonymous_7)
FNDA:0,(anonymous_8)
DA:25,0
DA:26,0
DA:27,0
DA:29,0
DA:30,0
DA:31,0
DA:32,0
DA:34,0
DA:35,0
DA:36,0
DA:38,0
DA:39,0
DA:45,0
DA:49,0
DA:56,0
DA:58,0
DA:64,0
DA:68,0
DA:69,0
DA:70,0
DA:72,0
DA:73,0
DA:82,0
DA:87,0
DA:94,0
DA:95,0
DA:97,0
DA:103,0
DA:107,0
DA:109,0
DA:120,0
DA:138,0
DA:155,0
DA:168,0
DA:191,0
DA:226,0
DA:227,0
DA:249,0
LF:38
LH:0
BRDA:61,0,0,0
BRDA:61,0,1,0
BRDA:77,1,0,0
BRDA:77,1,1,0
BRDA:100,2,0,0
BRDA:100,2,1,0
BRDA:107,3,0,0
BRDA:107,3,1,0
BRDA:118,4,0,0
BRDA:118,4,1,0
BRDA:124,5,0,0
BRDA:124,5,1,0
BRDA:124,6,0,0
BRDA:124,6,1,0
BRDA:136,7,0,0
BRDA:136,7,1,0
BRDA:142,8,0,0
BRDA:142,8,1,0
BRDA:142,9,0,0
BRDA:142,9,1,0
BRDA:195,10,0,0
BRDA:195,10,1,0
BRF:22
BRH:0
end_of_record
TN:
SF:components/session/ModelBadge.tsx
FN:11,ModelBadge
FNF:1
FNH:0
FNDA:0,ModelBadge
DA:12,0
DA:14,0
DA:15,0
DA:17,0
DA:27,0
LF:5
LH:0
BRDA:11,0,0,0
BRDA:14,1,0,0
BRDA:14,1,1,0
BRDA:15,2,0,0
BRDA:15,2,1,0
BRDA:20,3,0,0
BRDA:20,3,1,0
BRF:7
BRH:0
end_of_record
TN:
SF:components/session/ModelSelector.tsx
FN:25,ModelSelector
FN:30,(anonymous_1)
FN:37,(anonymous_2)
FNF:3
FNH:3
FNDA:31,ModelSelector
FNDA:62,(anonymous_1)
FNDA:13,(anonymous_2)
DA:10,1
DA:26,31
DA:31,62
DA:33,62
DA:37,13
DA:64,1
LF:6
LH:6
BRDA:36,0,0,62
BRDA:36,0,1,31
BRDA:45,1,0,31
BRDA:45,1,1,31
BRDA:47,2,0,62
BRDA:47,2,1,31
BRDA:53,3,0,62
BRDA:53,3,1,31
BRDA:54,4,0,62
BRDA:54,4,1,31
BRF:10
BRH:10
end_of_record
TN:
SF:components/session/RepositoryPicker.tsx
FN:13,RepositoryPicker
FN:17,(anonymous_1)
FN:21,(anonymous_2)
FN:44,(anonymous_3)
FN:48,(anonymous_4)
FNF:5
FNH:5
FNDA:34,RepositoryPicker
FNDA:17,(anonymous_1)
FNDA:17,(anonymous_2)
FNDA:26,(anonymous_3)
FNDA:3,(anonymous_4)
DA:14,34
DA:15,34
DA:17,34
DA:18,17
DA:21,34
DA:22,17
DA:23,17
DA:24,15
DA:26,2
DA:28,17
DA:32,34
DA:33,17
DA:40,17
DA:45,26
DA:48,3
DA:68,1
LF:16
LH:16
BRDA:32,0,0,17
BRDA:32,0,1,17
BRDA:47,1,0,26
BRDA:47,1,1,3
BRDA:54,2,0,26
BRDA:54,2,1,3
BRF:6
BRH:6
end_of_record
TN:
SF:components/session/SessionCard.tsx
FN:14,SessionCardComponent
FN:23,(anonymous_1)
FN:46,(anonymous_2)
FN:68,(anonymous_3)
FN:196,(anonymous_4)
FNF:5
FNH:0
FNDA:0,SessionCardComponent
FNDA:0,(anonymous_1)
FNDA:0,(anonymous_2)
FNDA:0,(anonymous_3)
FNDA:0,(anonymous_4)
DA:15,0
DA:16,0
DA:17,0
DA:18,0
DA:19,0
DA:20,0
DA:23,0
DA:24,0
DA:28,0
DA:41,0
DA:46,0
DA:47,0
DA:51,0
DA:64,0
DA:68,0
DA:69,0
DA:73,0
DA:78,0
DA:84,0
DA:89,0
DA:149,0
DA:194,0
DA:197,0
LF:23
LH:0
BRDA:24,0,0,0
BRDA:24,0,1,0
BRDA:47,1,0,0
BRDA:47,1,1,0
BRDA:137,2,0,0
BRDA:137,2,1,0
BRDA:197,3,0,0
BRDA:197,3,1,0
BRDA:197,3,2,0
BRDA:197,3,3,0
BRF:10
BRH:0
end_of_record
TN:
SF:components/session/SessionProgress.tsx
FN:9,SessionProgress
FNF:1
FNH:0
FNDA:0,SessionProgress
DA:10,0
DA:12,0
DA:14,0
DA:29,0
LF:4
LH:0
BRF:0
BRH:0
end_of_record
TN:
SF:components/session/WorkflowTypeGrid.tsx
FN:17,WorkflowTypeGrid
FN:22,(anonymous_1)
FN:34,(anonymous_2)
FNF:3
FNH:3
FNDA:34,WorkflowTypeGrid
FNDA:238,(anonymous_1)
FNDA:13,(anonymous_2)
DA:10,1
DA:11,1
DA:12,1
DA:14,1
DA:18,34
DA:23,238
DA:24,238
DA:26,238
DA:34,13
DA:70,1
LF:10
LH:10
BRDA:31,0,0,238
BRDA:31,0,1,4
BRDA:32,1,0,238
BRDA:32,1,1,34
BRDA:34,2,0,13
BRDA:34,2,1,13
BRDA:42,3,0,4
BRDA:42,3,1,234
BRDA:42,4,0,34
BRDA:42,4,1,200
BRDA:44,5,0,238
BRDA:44,5,1,34
BRDA:53,6,0,238
BRDA:53,6,1,4
BRDA:54,7,0,238
BRDA:54,7,1,34
BRDA:59,8,0,238
BRDA:59,8,1,34
BRF:18
BRH:18
end_of_record
TN:
SF:components/settings/ProfileCard.tsx
FN:9,ProfileCard
FNF:1
FNH:0
FNDA:0,ProfileCard
DA:10,0
DA:37,0
LF:2
LH:0
BRDA:15,0,0,0
BRDA:15,0,1,0
BRF:2
BRH:0
end_of_record
TN:
SF:components/ui/ApiStatusIndicator.tsx
FN:18,(anonymous_0)
FN:22,(anonymous_1)
FN:36,(anonymous_2)
FN:50,(anonymous_3)
FN:65,(anonymous_4)
FN:78,(anonymous_5)
FN:91,(anonymous_6)
FNF:7
FNH:0
FNDA:0,(anonymous_0)
FNDA:0,(anonymous_1)
FNDA:0,(anonymous_2)
FNDA:0,(anonymous_3)
FNDA:0,(anonymous_4)
FNDA:0,(anonymous_5)
FNDA:0,(anonymous_6)
DA:17,0
DA:19,0
DA:20,0
DA:22,0
DA:23,0
DA:25,0
DA:28,0
DA:30,0
DA:32,0
DA:36,0
DA:37,0
DA:39,0
DA:42,0
DA:44,0
DA:46,0
DA:50,0
DA:51,0
DA:53,0
DA:55,0
DA:57,0
DA:59,0
DA:61,0
DA:65,0
DA:66,0
DA:68,0
DA:70,0
DA:72,0
DA:74,0
DA:78,0
DA:79,0
DA:81,0
DA:83,0
DA:85,0
DA:87,0
DA:91,0
DA:92,0
DA:93,0
DA:96,0
DA:100,0
DA:102,0
DA:149,0
DA:151,0
LF:42
LH:0
BRDA:18,0,0,0
BRDA:18,1,0,0
BRDA:23,2,0,0
BRDA:23,2,1,0
BRDA:23,2,2,0
BRDA:23,2,3,0
BRDA:23,2,4,0
BRDA:37,3,0,0
BRDA:37,3,1,0
BRDA:37,3,2,0
BRDA:37,3,3,0
BRDA:37,3,4,0
BRDA:51,4,0,0
BRDA:51,4,1,0
BRDA:51,4,2,0
BRDA:51,4,3,0
BRDA:51,4,4,0
BRDA:66,5,0,0
BRDA:66,5,1,0
BRDA:66,5,2,0
BRDA:66,5,3,0
BRDA:79,6,0,0
BRDA:79,6,1,0
BRDA:79,6,2,0
BRDA:79,6,3,0
BRDA:92,7,0,0
BRDA:92,7,1,0
BRDA:100,8,0,0
BRDA:100,8,1,0
BRDA:100,9,0,0
BRDA:100,9,1,0
BRDA:106,10,0,0
BRDA:106,10,1,0
BRDA:107,11,0,0
BRDA:107,11,1,0
BRDA:114,12,0,0
BRDA:114,12,1,0
BRDA:117,13,0,0
BRDA:117,13,1,0
BRDA:127,14,0,0
BRDA:127,14,1,0
BRDA:132,15,0,0
BRDA:132,15,1,0
BRDA:132,15,2,0
BRDA:137,16,0,0
BRDA:137,16,1,0
BRDA:137,16,2,0
BRF:47
BRH:0
end_of_record
TN:
SF:components/ui/Badge.tsx
FN:10,StatusBadge
FN:13,(anonymous_1)
FN:30,(anonymous_2)
FNF:3
FNH:0
FNDA:0,StatusBadge
FNDA:0,(anonymous_1)
FNDA:0,(anonymous_2)
DA:11,0
DA:13,0
DA:14,0
DA:16,0
DA:18,0
DA:20,0
DA:22,0
DA:24,0
DA:26,0
DA:30,0
DA:31,0
DA:33,0
DA:35,0
DA:37,0
DA:39,0
DA:41,0
DA:43,0
DA:47,0
DA:49,0
DA:57,0
LF:20
LH:0
BRDA:14,0,0,0
BRDA:14,0,1,0
BRDA:14,0,2,0
BRDA:14,0,3,0
BRDA:14,0,4,0
BRDA:14,0,5,0
BRDA:31,1,0,0
BRDA:31,1,1,0
BRDA:31,1,2,0
BRDA:31,1,3,0
BRDA:31,1,4,0
BRDA:31,1,5,0
BRF:12
BRH:0
end_of_record
TN:
SF:components/ui/ErrorMessage.tsx
FN:18,ErrorMessage
FNF:1
FNH:0
FNDA:0,ErrorMessage
DA:19,0
DA:21,0
DA:49,0
LF:3
LH:0
BRDA:18,0,0,0
BRDA:28,1,0,0
BRDA:28,1,1,0
BRDA:31,2,0,0
BRDA:31,2,1,0
BRDA:31,2,2,0
BRDA:35,3,0,0
BRDA:35,3,1,0
BRF:8
BRH:0
end_of_record
TN:
SF:components/ui/OfflineBanner.tsx
FN:12,OfflineBanner
FNF:1
FNH:0
FNDA:0,OfflineBanner
DA:13,0
DA:15,0
DA:23,0
LF:3
LH:0
BRF:0
BRH:0
end_of_record
TN:
SF:components/ui/SettingsRow.tsx
FN:13,SettingsRow
FNF:1
FNH:0
FNDA:0,SettingsRow
DA:14,0
DA:47,0
LF:2
LH:0
BRDA:13,0,0,0
BRDA:16,1,0,0
BRDA:16,1,1,0
BRDA:22,2,0,0
BRDA:22,2,1,0
BRDA:26,3,0,0
BRDA:26,3,1,0
BRDA:32,4,0,0
BRDA:32,4,1,0
BRDA:35,5,0,0
BRDA:35,5,1,0
BRDA:42,6,0,0
BRDA:42,6,1,0
BRF:13
BRH:0
end_of_record
TN:
SF:components/ui/Toast.tsx
FN:20,Toast
FN:26,(anonymous_1)
FN:38,(anonymous_2)
FN:43,(anonymous_3)
FN:60,(anonymous_4)
FN:64,(anonymous_5)
FN:68,(anonymous_6)
FN:77,(anonymous_7)
FN:92,(anonymous_8)
FNF:9
FNH:0
FNDA:0,Toast
FNDA:0,(anonymous_1)
FNDA:0,(anonymous_2)
FNDA:0,(anonymous_3)
FNDA:0,(anonymous_4)
FNDA:0,(anonymous_5)
FNDA:0,(anonymous_6)
FNDA:0,(anonymous_7)
FNDA:0,(anonymous_8)
DA:21,0
DA:22,0
DA:23,0
DA:24,0
DA:26,0
DA:27,0
DA:39,0
DA:43,0
DA:44,0
DA:46,0
DA:60,0
DA:61,0
DA:64,0
DA:68,0
DA:69,0
DA:70,0
DA:71,0
DA:75,0
DA:77,0
DA:78,0
DA:80,0
DA:82,0
DA:84,0
DA:86,0
DA:88,0
DA:92,0
DA:93,0
DA:95,0
DA:97,0
DA:99,0
DA:101,0
DA:103,0
DA:107,0
DA:141,0
LF:34
LH:0
BRDA:44,0,0,0
BRDA:44,0,1,0
BRDA:69,1,0,0
BRDA:69,1,1,0
BRDA:75,2,0,0
BRDA:75,2,1,0
BRDA:78,3,0,0
BRDA:78,3,1,0
BRDA:78,3,2,0
BRDA:78,3,3,0
BRDA:78,3,4,0
BRDA:93,4,0,0
BRDA:93,4,1,0
BRDA:93,4,2,0
BRDA:93,4,3,0
BRDA:93,4,4,0
BRF:16
BRH:0
end_of_record
TN:
SF:components/ui/Toggle.tsx
FN:12,Toggle
FNF:1
FNH:0
FNDA:0,Toggle
DA:19,0
DA:38,0
LF:2
LH:0
BRDA:17,0,0,0
BRDA:23,1,0,0
BRDA:23,1,1,0
BRDA:31,2,0,0
BRDA:31,2,1,0
BRF:5
BRH:0
end_of_record
TN:
SF:components/ui/collapsible.tsx
FN:11,Collapsible
FN:19,(anonymous_1)
FN:19,(anonymous_2)
FNF:3
FNH:0
FNDA:0,Collapsible
FNDA:0,(anonymous_1)
FNDA:0,(anonymous_2)
DA:12,0
DA:13,0
DA:15,0
DA:19,0
DA:37,0
LF:5
LH:0
BRDA:13,0,0,0
BRDA:13,0,1,0
BRDA:26,1,0,0
BRDA:26,1,1,0
BRDA:27,2,0,0
BRDA:27,2,1,0
BRDA:32,3,0,0
BRDA:32,3,1,0
BRF:8
BRH:0
end_of_record
TN:
SF:components/ui/icon-symbol.ios.tsx
FN:5,IconSymbol
FNF:1
FNH:0
FNDA:0,IconSymbol
DA:18,0
LF:1
LH:0
BRDA:7,0,0,0
BRDA:10,1,0,0
BRF:2
BRH:0
end_of_record
TN:
SF:components/ui/icon-symbol.tsx
FN:38,IconSymbol
FNF:1
FNH:0
FNDA:0,IconSymbol
DA:16,0
DA:50,0
LF:2
LH:0
BRDA:40,0,0,0
BRF:1
BRH:0
end_of_record
TN:
SF:hooks/use-color-scheme.ts
FNF:0
FNH:0
LF:0
LH:0
BRF:0
BRH:0
end_of_record
TN:
SF:hooks/use-color-scheme.web.ts
FN:7,useColorScheme
FN:10,(anonymous_1)
FNF:2
FNH:0
FNDA:0,useColorScheme
FNDA:0,(anonymous_1)
DA:8,0
DA:10,0
DA:11,0
DA:14,0
DA:16,0
DA:17,0
DA:20,0
LF:7
LH:0
BRDA:16,0,0,0
BRDA:16,0,1,0
BRF:2
BRH:0
end_of_record
TN:
SF:hooks/use-theme-color.ts
FN:9,useThemeColor
FNF:1
FNH:0
FNDA:0,useThemeColor
DA:13,0
DA:14,0
DA:16,0
DA:17,0
DA:19,0
LF:5
LH:0
BRDA:13,0,0,0
BRDA:13,0,1,0
BRDA:16,1,0,0
BRDA:16,1,1,0
BRF:4
BRH:0
end_of_record
TN:
SF:hooks/useApiStatus.ts
FN:25,useApiStatus
FN:30,(anonymous_1)
FN:36,(anonymous_2)
FN:37,(anonymous_3)
FN:61,(anonymous_4)
FN:70,(anonymous_5)
FNF:6
FNH:0
FNDA:0,useApiStatus
FNDA:0,(anonymous_1)
FNDA:0,(anonymous_2)
FNDA:0,(anonymous_3)
FNDA:0,(anonymous_4)
FNDA:0,(anonymous_5)
DA:18,0
DA:19,0
DA:26,0
DA:27,0
DA:28,0
DA:30,0
DA:31,0
DA:32,0
DA:34,0
DA:36,0
DA:37,0
DA:41,0
DA:43,0
DA:45,0
DA:46,0
DA:47,0
DA:49,0
DA:50,0
DA:53,0
DA:54,0
DA:55,0
DA:57,0
DA:61,0
DA:62,0
DA:65,0
DA:68,0
DA:70,0
DA:73,0
LF:28
LH:0
BRDA:25,0,0,0
BRDA:45,1,0,0
BRDA:45,1,1,0
BRDA:55,2,0,0
BRDA:55,2,1,0
BRDA:62,3,0,0
BRDA:62,3,1,0
BRF:7
BRH:0
end_of_record
TN:
SF:hooks/useAuth.tsx
FN:25,AuthProvider
FN:29,(anonymous_1)
FN:34,(anonymous_2)
FN:66,(anonymous_3)
FN:98,(anonymous_4)
FN:124,useAuth
FNF:6
FNH:4
FNDA:6,AuthProvider
FNDA:3,(anonymous_1)
FNDA:3,(anonymous_2)
FNDA:0,(anonymous_3)
FNDA:0,(anonymous_4)
FNDA:6,useAuth
DA:23,1
DA:26,6
DA:27,6
DA:29,6
DA:31,3
DA:34,6
DA:35,3
DA:36,3
DA:37,3
DA:39,2
DA:40,1
DA:43,1
DA:50,1
DA:53,1
DA:58,1
DA:59,1
DA:60,1
DA:62,3
DA:66,6
DA:67,0
DA:68,0
DA:71,0
DA:73,0
DA:74,0
DA:75,0
DA:76,0
DA:80,0
DA:81,0
DA:84,0
DA:85,0
DA:86,0
DA:88,0
DA:91,0
DA:92,0
DA:94,0
DA:98,6
DA:99,0
DA:100,0
DA:101,0
DA:102,0
DA:104,0
DA:105,0
DA:109,6
DA:125,6
DA:126,6
DA:127,0
DA:129,6
LF:47
LH:24
BRDA:37,0,0,2
BRDA:37,0,1,1
BRDA:53,1,0,1
BRDA:53,1,1,0
BRDA:73,2,0,0
BRDA:73,2,1,0
BRDA:73,3,0,0
BRDA:73,3,1,0
BRDA:75,4,0,0
BRDA:75,4,1,0
BRDA:85,5,0,0
BRDA:85,5,1,0
BRDA:86,6,0,0
BRDA:86,6,1,0
BRDA:126,7,0,0
BRDA:126,7,1,6
BRF:16
BRH:4
end_of_record
TN:
SF:hooks/useChat.ts
FN:23,generateThreadId
FN:30,generateMessageId
FN:57,useChat
FN:61,(anonymous_3)
FN:66,(anonymous_4)
FN:81,(anonymous_5)
FN:89,(anonymous_6)
FN:106,(anonymous_7)
FN:114,(anonymous_8)
FN:122,(anonymous_9)
FN:134,(anonymous_10)
FN:149,(anonymous_11)
FNF:12
FNH:0
FNDA:0,generateThreadId
FNDA:0,generateMessageId
FNDA:0,useChat
FNDA:0,(anonymous_3)
FNDA:0,(anonymous_4)
FNDA:0,(anonymous_5)
FNDA:0,(anonymous_6)
FNDA:0,(anonymous_7)
FNDA:0,(anonymous_8)
FNDA:0,(anonymous_9)
FNDA:0,(anonymous_10)
FNDA:0,(anonymous_11)
DA:18,0
DA:24,0
DA:31,0
DA:58,0
DA:61,0
DA:64,0
DA:68,0
DA:69,0
DA:80,0
DA:82,0
DA:91,0
DA:94,0
DA:97,0
DA:106,0
DA:111,0
DA:116,0
DA:122,0
DA:128,0
DA:129,0
DA:130,0
DA:136,0
DA:137,0
DA:141,0
DA:149,0
DA:151,0
DA:154,0
DA:157,0
LF:27
LH:0
BRDA:64,0,0,0
BRDA:69,1,0,0
BRDA:69,1,1,0
BRDA:106,2,0,0
BRDA:122,3,0,0
BRDA:129,4,0,0
BRDA:129,4,1,0
BRDA:136,5,0,0
BRDA:136,5,1,0
BRF:9
BRH:0
end_of_record
TN:
SF:hooks/useLinking.ts
FN:32,useLinking
FN:40,(anonymous_1)
FN:45,(anonymous_2)
FN:53,(anonymous_3)
FN:59,(anonymous_4)
FN:67,(anonymous_5)
FNF:6
FNH:0
FNDA:0,useLinking
FNDA:0,(anonymous_1)
FNDA:0,(anonymous_2)
FNDA:0,(anonymous_3)
FNDA:0,(anonymous_4)
FNDA:0,(anonymous_5)
DA:33,0
DA:35,0
DA:36,0
DA:37,0
DA:38,0
DA:40,0
DA:41,0
DA:43,0
DA:45,0
DA:46,0
DA:50,0
DA:53,0
DA:54,0
DA:55,0
DA:59,0
DA:60,0
DA:67,0
DA:72,0
DA:73,0
DA:74,0
DA:77,0
DA:79,0
DA:80,0
DA:83,0
DA:86,0
DA:88,0
DA:89,0
DA:90,0
DA:97,0
DA:98,0
DA:99,0
DA:103,0
DA:104,0
DA:105,0
DA:109,0
DA:110,0
DA:111,0
DA:115,0
DA:117,0
DA:118,0
DA:119,0
DA:124,0
DA:125,0
DA:126,0
DA:130,0
DA:136,0
DA:139,0
DA:142,0
DA:144,0
DA:145,0
DA:150,0
DA:153,0
DA:154,0
DA:156,0
DA:160,0
LF:55
LH:0
BRDA:32,0,0,0
BRDA:33,1,0,0
BRDA:41,2,0,0
BRDA:41,2,1,0
BRDA:54,3,0,0
BRDA:54,3,1,0
BRDA:72,4,0,0
BRDA:72,4,1,0
BRDA:88,5,0,0
BRDA:88,5,1,0
BRDA:92,6,0,0
BRDA:92,6,1,0
BRDA:103,7,0,0
BRDA:103,7,1,0
BRDA:103,8,0,0
BRDA:103,8,1,0
BRDA:117,9,0,0
BRDA:117,9,1,0
BRDA:147,10,0,0
BRDA:147,10,1,0
BRF:20
BRH:0
end_of_record
TN:
SF:hooks/useNotifications.ts
FN:14,useNotifications
FN:20,(anonymous_1)
FN:29,(anonymous_2)
FN:30,(anonymous_3)
FN:42,(anonymous_4)
FN:62,useMarkAsRead
FN:66,(anonymous_6)
FN:67,(anonymous_7)
FN:78,(anonymous_8)
FN:81,(anonymous_9)
FN:91,(anonymous_10)
FN:94,(anonymous_11)
FN:102,(anonymous_12)
FN:111,(anonymous_13)
FN:122,useMarkAllAsRead
FN:126,(anonymous_15)
FN:127,(anonymous_16)
FN:136,(anonymous_17)
FN:139,(anonymous_18)
FN:152,(anonymous_19)
FN:160,(anonymous_20)
FN:169,useMuteThread
FN:173,(anonymous_22)
FN:174,(anonymous_23)
FNF:24
FNH:0
FNDA:0,useNotifications
FNDA:0,(anonymous_1)
FNDA:0,(anonymous_2)
FNDA:0,(anonymous_3)
FNDA:0,(anonymous_4)
FNDA:0,useMarkAsRead
FNDA:0,(anonymous_6)
FNDA:0,(anonymous_7)
FNDA:0,(anonymous_8)
FNDA:0,(anonymous_9)
FNDA:0,(anonymous_10)
FNDA:0,(anonymous_11)
FNDA:0,(anonymous_12)
FNDA:0,(anonymous_13)
FNDA:0,useMarkAllAsRead
FNDA:0,(anonymous_15)
FNDA:0,(anonymous_16)
FNDA:0,(anonymous_17)
FNDA:0,(anonymous_18)
FNDA:0,(anonymous_19)
FNDA:0,(anonymous_20)
FNDA:0,useMuteThread
FNDA:0,(anonymous_22)
FNDA:0,(anonymous_23)
DA:15,0
DA:16,0
DA:18,0
DA:20,0
DA:29,0
DA:30,0
DA:31,0
DA:32,0
DA:34,0
DA:36,0
DA:39,0
DA:42,0
DA:43,0
DA:47,0
DA:63,0
DA:65,0
DA:66,0
DA:69,0
DA:72,0
DA:73,0
DA:76,0
DA:79,0
DA:80,0
DA:82,0
DA:89,0
DA:92,0
DA:93,0
DA:94,0
DA:100,0
DA:104,0
DA:105,0
DA:107,0
DA:108,0
DA:113,0
DA:123,0
DA:125,0
DA:126,0
DA:128,0
DA:130,0
DA:131,0
DA:134,0
DA:137,0
DA:138,0
DA:139,0
DA:145,0
DA:150,0
DA:153,0
DA:154,0
DA:156,0
DA:157,0
DA:161,0
DA:170,0
DA:172,0
DA:173,0
DA:176,0
LF:55
LH:0
BRDA:14,0,0,0
BRDA:19,1,0,0
BRDA:19,1,1,0
BRDA:34,2,0,0
BRDA:34,2,1,0
BRDA:34,3,0,0
BRDA:34,3,1,0
BRDA:48,4,0,0
BRDA:48,4,1,0
BRDA:49,5,0,0
BRDA:49,5,1,0
BRDA:79,6,0,0
BRDA:79,6,1,0
BRDA:82,7,0,0
BRDA:82,7,1,0
BRDA:92,8,0,0
BRDA:92,8,1,0
BRDA:104,9,0,0
BRDA:104,9,1,0
BRDA:107,10,0,0
BRDA:107,10,1,0
BRDA:137,11,0,0
BRDA:137,11,1,0
BRDA:153,12,0,0
BRDA:153,12,1,0
BRDA:156,13,0,0
BRDA:156,13,1,0
BRF:27
BRH:0
end_of_record
TN:
SF:hooks/useOffline.ts
FN:4,useOffline
FN:8,(anonymous_1)
FN:9,(anonymous_2)
FN:17,(anonymous_3)
FNF:4
FNH:0
FNDA:0,useOffline
FNDA:0,(anonymous_1)
FNDA:0,(anonymous_2)
FNDA:0,(anonymous_3)
DA:5,0
DA:6,0
DA:8,0
DA:9,0
DA:10,0
DA:11,0
DA:13,0
DA:14,0
DA:17,0
DA:20,0
LF:10
LH:0
BRDA:11,0,0,0
BRDA:11,0,1,0
BRF:2
BRH:0
end_of_record
TN:
SF:hooks/useRealtimeSession.ts
FN:40,useRealtimeSession
FN:57,(anonymous_1)
FN:83,(anonymous_2)
FN:91,(anonymous_3)
FN:98,(anonymous_4)
FN:113,(anonymous_5)
FN:114,(anonymous_6)
FN:118,(anonymous_7)
FN:122,(anonymous_8)
FN:142,(anonymous_9)
FN:161,(anonymous_10)
FN:162,(anonymous_11)
FN:166,(anonymous_12)
FN:170,(anonymous_13)
FN:189,(anonymous_14)
FN:202,(anonymous_15)
FN:203,(anonymous_16)
FN:209,(anonymous_17)
FN:221,(anonymous_18)
FN:225,(anonymous_19)
FN:247,(anonymous_20)
FN:267,(anonymous_21)
FN:313,(anonymous_22)
FN:326,(anonymous_23)
FN:335,(anonymous_24)
FN:348,(anonymous_25)
FN:359,(anonymous_26)
FN:365,(anonymous_27)
FN:375,(anonymous_28)
FNF:29
FNH:0
FNDA:0,useRealtimeSession
FNDA:0,(anonymous_1)
FNDA:0,(anonymous_2)
FNDA:0,(anonymous_3)
FNDA:0,(anonymous_4)
FNDA:0,(anonymous_5)
FNDA:0,(anonymous_6)
FNDA:0,(anonymous_7)
FNDA:0,(anonymous_8)
FNDA:0,(anonymous_9)
FNDA:0,(anonymous_10)
FNDA:0,(anonymous_11)
FNDA:0,(anonymous_12)
FNDA:0,(anonymous_13)
FNDA:0,(anonymous_14)
FNDA:0,(anonymous_15)
FNDA:0,(anonymous_16)
FNDA:0,(anonymous_17)
FNDA:0,(anonymous_18)
FNDA:0,(anonymous_19)
FNDA:0,(anonymous_20)
FNDA:0,(anonymous_21)
FNDA:0,(anonymous_22)
FNDA:0,(anonymous_23)
FNDA:0,(anonymous_24)
FNDA:0,(anonymous_25)
FNDA:0,(anonymous_26)
FNDA:0,(anonymous_27)
FNDA:0,(anonymous_28)
DA:27,0
DA:30,0
DA:31,0
DA:41,0
DA:42,0
DA:43,0
DA:48,0
DA:49,0
DA:52,0
DA:57,0
DA:58,0
DA:59,0
DA:60,0
DA:62,0
DA:63,0
DA:64,0
DA:67,0
DA:70,0
DA:71,0
DA:72,0
DA:76,0
DA:82,0
DA:85,0
DA:86,0
DA:87,0
DA:91,0
DA:92,0
DA:95,0
DA:98,0
DA:99,0
DA:100,0
DA:104,0
DA:112,0
DA:114,0
DA:115,0
DA:118,0
DA:119,0
DA:122,0
DA:123,0
DA:125,0
DA:129,0
DA:130,0
DA:137,0
DA:138,0
DA:142,0
DA:143,0
DA:145,0
DA:160,0
DA:162,0
DA:163,0
DA:166,0
DA:167,0
DA:170,0
DA:171,0
DA:173,0
DA:177,0
DA:178,0
DA:184,0
DA:185,0
DA:189,0
DA:190,0
DA:191,0
DA:201,0
DA:203,0
DA:204,0
DA:207,0
DA:208,0
DA:209,0
DA:210,0
DA:211,0
DA:221,0
DA:222,0
DA:225,0
DA:226,0
DA:228,0
DA:232,0
DA:233,0
DA:242,0
DA:243,0
DA:247,0
DA:248,0
DA:250,0
DA:266,0
DA:268,0
DA:270,0
DA:271,0
DA:274,0
DA:276,0
DA:278,0
DA:279,0
DA:282,0
DA:283,0
DA:286,0
DA:287,0
DA:292,0
DA:293,0
DA:294,0
DA:297,0
DA:301,0
DA:313,0
DA:314,0
DA:315,0
DA:316,0
DA:317,0
DA:319,0
DA:326,0
DA:327,0
DA:329,0
DA:330,0
DA:332,0
DA:333,0
DA:335,0
DA:336,0
DA:337,0
DA:341,0
DA:343,0
DA:344,0
DA:346,0
DA:348,0
DA:349,0
DA:350,0
DA:351,0
DA:359,0
DA:360,0
DA:362,0
DA:365,0
DA:366,0
DA:367,0
DA:368,0
DA:369,0
DA:370,0
DA:371,0
DA:375,0
DA:376,0
DA:380,0
LF:135
LH:0
BRDA:27,0,0,0
BRDA:27,0,1,0
BRDA:30,1,0,0
BRDA:30,1,1,0
BRDA:30,2,0,0
BRDA:30,2,1,0
BRDA:62,3,0,0
BRDA:62,3,1,0
BRDA:62,4,0,0
BRDA:62,4,1,0
BRDA:71,5,0,0
BRDA:71,5,1,0
BRDA:86,6,0,0
BRDA:86,6,1,0
BRDA:99,7,0,0
BRDA:99,7,1,0
BRDA:119,8,0,0
BRDA:119,8,1,0
BRDA:123,9,0,0
BRDA:123,9,1,0
BRDA:133,10,0,0
BRDA:133,10,1,0
BRDA:143,11,0,0
BRDA:143,11,1,0
BRDA:148,12,0,0
BRDA:148,12,1,0
BRDA:167,13,0,0
BRDA:167,13,1,0
BRDA:171,14,0,0
BRDA:171,14,1,0
BRDA:190,15,0,0
BRDA:190,15,1,0
BRDA:207,16,0,0
BRDA:207,16,1,0
BRDA:210,17,0,0
BRDA:210,17,1,0
BRDA:222,18,0,0
BRDA:222,18,1,0
BRDA:226,19,0,0
BRDA:226,19,1,0
BRDA:236,20,0,0
BRDA:236,20,1,0
BRDA:239,21,0,0
BRDA:239,21,1,0
BRDA:248,22,0,0
BRDA:248,22,1,0
BRDA:253,23,0,0
BRDA:253,23,1,0
BRDA:255,24,0,0
BRDA:255,24,1,0
BRDA:270,25,0,0
BRDA:270,25,1,0
BRDA:276,26,0,0
BRDA:276,26,1,0
BRDA:276,26,2,0
BRDA:276,26,3,0
BRDA:276,26,4,0
BRDA:276,26,5,0
BRDA:301,27,0,0
BRDA:301,27,1,0
BRDA:314,28,0,0
BRDA:314,28,1,0
BRDA:327,29,0,0
BRDA:327,29,1,0
BRDA:360,30,0,0
BRDA:360,30,1,0
BRDA:366,31,0,0
BRDA:366,31,1,0
BRDA:369,32,0,0
BRDA:369,32,1,0
BRF:70
BRH:0
end_of_record
TN:
SF:hooks/useSessions.ts
FN:21,useSessions
FN:27,(anonymous_1)
FN:30,(anonymous_2)
FN:39,(anonymous_3)
FN:40,(anonymous_4)
FN:52,(anonymous_5)
FN:63,useSessionDetail
FN:66,(anonymous_7)
FN:68,(anonymous_8)
FN:79,useSessionLogs
FN:82,(anonymous_10)
FNF:11
FNH:0
FNDA:0,useSessions
FNDA:0,(anonymous_1)
FNDA:0,(anonymous_2)
FNDA:0,(anonymous_3)
FNDA:0,(anonymous_4)
FNDA:0,(anonymous_5)
FNDA:0,useSessionDetail
FNDA:0,(anonymous_7)
FNDA:0,(anonymous_8)
FNDA:0,useSessionLogs
FNDA:0,(anonymous_10)
DA:14,0
DA:17,0
DA:18,0
DA:22,0
DA:23,0
DA:25,0
DA:28,0
DA:29,0
DA:30,0
DA:32,0
DA:39,0
DA:40,0
DA:41,0
DA:42,0
DA:44,0
DA:46,0
DA:49,0
DA:52,0
DA:53,0
DA:60,0
DA:64,0
DA:67,0
DA:68,0
DA:69,0
DA:70,0
DA:72,0
DA:80,0
DA:82,0
LF:28
LH:0
BRDA:14,0,0,0
BRDA:14,0,1,0
BRDA:17,1,0,0
BRDA:17,1,1,0
BRDA:17,2,0,0
BRDA:17,2,1,0
BRDA:28,3,0,0
BRDA:28,3,1,0
BRDA:30,4,0,0
BRDA:30,4,1,0
BRDA:44,5,0,0
BRDA:44,5,1,0
BRDA:44,6,0,0
BRDA:44,6,1,0
BRDA:67,7,0,0
BRDA:67,7,1,0
BRDA:69,8,0,0
BRDA:69,8,1,0
BRF:18
BRH:0
end_of_record
TN:
SF:hooks/useTheme.tsx
FN:25,ThemeProvider
FN:29,(anonymous_1)
FN:31,(anonymous_2)
FN:37,(anonymous_3)
FN:45,(anonymous_4)
FN:50,(anonymous_5)
FN:54,(anonymous_6)
FN:61,useTheme
FNF:8
FNH:0
FNDA:0,ThemeProvider
FNDA:0,(anonymous_1)
FNDA:0,(anonymous_2)
FNDA:0,(anonymous_3)
FNDA:0,(anonymous_4)
FNDA:0,(anonymous_5)
FNDA:0,(anonymous_6)
FNDA:0,useTheme
DA:23,0
DA:26,0
DA:27,0
DA:29,0
DA:31,0
DA:32,0
DA:37,0
DA:38,0
DA:39,0
DA:44,0
DA:45,0
DA:50,0
DA:53,0
DA:54,0
DA:58,0
DA:62,0
DA:63,0
DA:64,0
DA:66,0
LF:19
LH:0
BRDA:45,0,0,0
BRDA:45,0,1,0
BRDA:45,1,0,0
BRDA:45,1,1,0
BRDA:63,2,0,0
BRDA:63,2,1,0
BRF:6
BRH:0
end_of_record
TN:
SF:hooks/useToast.tsx
FN:12,ToastProvider
FN:15,(anonymous_1)
FN:20,(anonymous_2)
FN:31,useToast
FNF:4
FNH:0
FNDA:0,ToastProvider
FNDA:0,(anonymous_1)
FNDA:0,(anonymous_2)
FNDA:0,useToast
DA:10,0
DA:13,0
DA:15,0
DA:16,0
DA:17,0
DA:20,0
DA:21,0
DA:24,0
DA:32,0
DA:33,0
DA:34,0
DA:36,0
LF:12
LH:0
BRDA:33,0,0,0
BRDA:33,0,1,0
BRF:2
BRH:0
end_of_record
TN:
SF:hooks/useUpdateSession.ts
FN:18,useUpdateSession
FN:22,(anonymous_1)
FN:51,(anonymous_2)
FN:64,(anonymous_3)
FN:72,(anonymous_4)
FN:80,(anonymous_5)
FN:86,(anonymous_6)
FN:88,(anonymous_7)
FN:92,(anonymous_8)
FNF:9
FNH:0
FNDA:0,useUpdateSession
FNDA:0,(anonymous_1)
FNDA:0,(anonymous_2)
FNDA:0,(anonymous_3)
FNDA:0,(anonymous_4)
FNDA:0,(anonymous_5)
FNDA:0,(anonymous_6)
FNDA:0,(anonymous_7)
FNDA:0,(anonymous_8)
DA:11,0
DA:14,0
DA:15,0
DA:19,0
DA:21,0
DA:23,0
DA:25,0
DA:26,0
DA:27,0
DA:32,0
DA:41,0
DA:48,0
DA:53,0
DA:54,0
DA:57,0
DA:60,0
DA:64,0
DA:65,0
DA:66,0
DA:69,0
DA:74,0
DA:75,0
DA:83,0
DA:86,0
DA:87,0
DA:88,0
DA:95,0
LF:27
LH:0
BRDA:11,0,0,0
BRDA:11,0,1,0
BRDA:14,1,0,0
BRDA:14,1,1,0
BRDA:14,2,0,0
BRDA:14,2,1,0
BRDA:23,3,0,0
BRDA:23,3,1,0
BRDA:26,4,0,0
BRDA:26,4,1,0
BRDA:32,5,0,0
BRDA:32,5,1,0
BRDA:34,6,0,0
BRDA:34,6,1,0
BRDA:60,7,0,0
BRDA:60,7,1,0
BRDA:65,8,0,0
BRDA:65,8,1,0
BRDA:74,9,0,0
BRDA:74,9,1,0
BRDA:87,10,0,0
BRDA:87,10,1,0
BRDA:88,11,0,0
BRDA:88,11,1,0
BRF:24
BRH:0
end_of_record
TN:
SF:services/announcements.ts
FN:94,(anonymous_0)
FN:95,(anonymous_1)
FN:101,(anonymous_2)
FN:102,(anonymous_3)
FN:109,(anonymous_4)
FN:110,(anonymous_5)
FNF:6
FNH:0
FNDA:0,(anonymous_0)
FNDA:0,(anonymous_1)
FNDA:0,(anonymous_2)
FNDA:0,(anonymous_3)
FNDA:0,(anonymous_4)
FNDA:0,(anonymous_5)
DA:8,0
DA:94,0
DA:95,0
DA:101,0
DA:102,0
DA:109,0
DA:110,0
LF:7
LH:0
BRDA:102,0,0,0
BRDA:102,0,1,0
BRF:2
BRH:0
end_of_record
TN:
SF:services/telemetry.ts
FN:23,initializeTelemetry
FN:60,trackEvent
FN:78,trackScreen
FN:96,identifyUser
FN:114,resetIdentity
FN:129,getTelemetryEnabled
FN:143,setTelemetryEnabled
FNF:7
FNH:0
FNDA:0,initializeTelemetry
FNDA:0,trackEvent
FNDA:0,trackScreen
FNDA:0,identifyUser
FNDA:0,resetIdentity
FNDA:0,getTelemetryEnabled
FNDA:0,setTelemetryEnabled
DA:12,0
DA:13,0
DA:14,0
DA:16,0
DA:17,0
DA:25,0
DA:26,0
DA:27,0
DA:31,0
DA:32,0
DA:33,0
DA:36,0
DA:38,0
DA:39,0
DA:41,0
DA:42,0
DA:43,0
DA:47,0
DA:51,0
DA:53,0
DA:64,0
DA:65,0
DA:68,0
DA:69,0
DA:71,0
DA:82,0
DA:83,0
DA:86,0
DA:87,0
DA:89,0
DA:100,0
DA:101,0
DA:104,0
DA:105,0
DA:107,0
DA:115,0
DA:116,0
DA:119,0
DA:120,0
DA:122,0
DA:130,0
DA:131,0
DA:133,0
DA:135,0
DA:136,0
DA:144,0
DA:145,0
DA:146,0
DA:148,0
DA:150,0
DA:151,0
DA:153,0
DA:156,0
DA:163,0
LF:54
LH:0
BRDA:14,0,0,0
BRDA:14,0,1,0
BRDA:25,1,0,0
BRDA:25,1,1,0
BRDA:31,2,0,0
BRDA:31,2,1,0
BRDA:41,3,0,0
BRDA:41,3,1,0
BRDA:64,4,0,0
BRDA:64,4,1,0
BRDA:64,5,0,0
BRDA:64,5,1,0
BRDA:64,5,2,0
BRDA:82,6,0,0
BRDA:82,6,1,0
BRDA:82,7,0,0
BRDA:82,7,1,0
BRDA:82,7,2,0
BRDA:100,8,0,0
BRDA:100,8,1,0
BRDA:100,9,0,0
BRDA:100,9,1,0
BRDA:100,9,2,0
BRDA:115,10,0,0
BRDA:115,10,1,0
BRDA:115,11,0,0
BRDA:115,11,1,0
BRDA:115,11,2,0
BRDA:133,12,0,0
BRDA:133,12,1,0
BRDA:148,13,0,0
BRDA:148,13,1,0
BRDA:148,14,0,0
BRDA:148,14,1,0
BRDA:151,15,0,0
BRDA:151,15,1,0
BRDA:151,16,0,0
BRDA:151,16,1,0
BRF:38
BRH:0
end_of_record
TN:
SF:services/api/auth.ts
FN:19,(anonymous_0)
FN:23,(anonymous_1)
FN:40,(anonymous_2)
FN:51,(anonymous_3)
FN:55,(anonymous_4)
FNF:5
FNH:0
FNDA:0,(anonymous_0)
FNDA:0,(anonymous_1)
FNDA:0,(anonymous_2)
FNDA:0,(anonymous_3)
FNDA:0,(anonymous_4)
DA:20,0
DA:28,0
DA:35,0
DA:37,0
DA:41,0
DA:46,0
DA:48,0
DA:52,0
DA:56,0
DA:57,0
LF:10
LH:0
BRF:0
BRH:0
end_of_record
TN:
SF:services/api/chat.ts
FN:32,getMockResponse
FN:75,simulateLatency
FN:76,(anonymous_2)
FN:82,generateMessageId
FN:97,(anonymous_4)
FN:132,(anonymous_5)
FNF:6
FNH:0
FNDA:0,getMockResponse
FNDA:0,simulateLatency
FNDA:0,(anonymous_2)
FNDA:0,generateMessageId
FNDA:0,(anonymous_4)
FNDA:0,(anonymous_5)
DA:13,0
DA:18,0
DA:33,0
DA:36,0
DA:37,0
DA:41,0
DA:42,0
DA:46,0
DA:47,0
DA:51,0
DA:57,0
DA:61,0
DA:65,0
DA:69,0
DA:76,0
DA:83,0
DA:98,0
DA:100,0
DA:103,0
DA:111,0
DA:115,0
DA:120,0
DA:133,0
DA:136,0
DA:140,0
DA:142,0
DA:143,0
LF:27
LH:0
BRDA:36,0,0,0
BRDA:36,0,1,0
BRDA:36,1,0,0
BRDA:36,1,1,0
BRDA:41,2,0,0
BRDA:41,2,1,0
BRDA:46,3,0,0
BRDA:46,3,1,0
BRDA:51,4,0,0
BRDA:51,4,1,0
BRDA:52,5,0,0
BRDA:52,5,1,0
BRDA:52,5,2,0
BRDA:52,5,3,0
BRDA:61,6,0,0
BRDA:61,6,1,0
BRDA:62,7,0,0
BRDA:62,7,1,0
BRDA:62,7,2,0
BRDA:75,8,0,0
BRDA:98,9,0,0
BRDA:98,9,1,0
BRDA:133,10,0,0
BRDA:133,10,1,0
BRF:24
BRH:0
end_of_record
TN:
SF:services/api/client.ts
FN:15,(anonymous_0)
FN:27,(anonymous_1)
FN:30,(anonymous_2)
FN:61,(anonymous_3)
FN:66,(anonymous_4)
FN:72,(anonymous_5)
FN:81,(anonymous_6)
FN:84,(anonymous_7)
FN:90,(anonymous_8)
FN:111,(anonymous_9)
FN:119,(anonymous_10)
FN:144,(anonymous_11)
FN:148,(anonymous_12)
FN:153,(anonymous_13)
FN:158,(anonymous_14)
FN:163,(anonymous_15)
FNF:16
FNH:12
FNDA:5,(anonymous_0)
FNDA:5,(anonymous_1)
FNDA:49,(anonymous_2)
FNDA:0,(anonymous_3)
FNDA:27,(anonymous_4)
FNDA:22,(anonymous_5)
FNDA:1,(anonymous_6)
FNDA:1,(anonymous_7)
FNDA:0,(anonymous_8)
FNDA:1,(anonymous_9)
FNDA:0,(anonymous_10)
FNDA:35,(anonymous_11)
FNDA:12,(anonymous_12)
FNDA:24,(anonymous_13)
FNDA:0,(anonymous_14)
FNDA:5,(anonymous_15)
DA:9,5
DA:13,5
DA:16,5
DA:24,5
DA:29,5
DA:33,49
DA:34,2
DA:35,2
DA:36,1
DA:37,1
DA:38,1
DA:39,1
DA:40,1
DA:43,0
DA:45,1
DA:50,49
DA:51,49
DA:52,5
DA:55,49
DA:56,49
DA:59,49
DA:61,0
DA:65,5
DA:67,27
DA:68,27
DA:70,27
DA:73,22
DA:78,22
DA:79,5
DA:81,1
DA:82,1
DA:85,1
DA:86,1
DA:88,1
DA:90,0
DA:93,4
DA:94,4
DA:96,4
DA:97,4
DA:98,4
DA:99,0
DA:103,4
DA:107,2
DA:108,2
DA:111,2
DA:112,2
DA:114,2
DA:115,2
DA:117,2
DA:119,2
DA:120,2
DA:123,2
DA:129,2
DA:130,2
DA:132,4
DA:137,17
DA:138,17
DA:139,17
DA:145,35
DA:149,12
DA:150,7
DA:154,24
DA:155,15
DA:159,0
DA:160,0
DA:164,5
DA:165,2
DA:169,5
LF:68
LH:62
BRDA:33,0,0,2
BRDA:33,0,1,47
BRDA:35,1,0,1
BRDA:35,1,1,1
BRDA:35,2,0,2
BRDA:35,2,1,2
BRDA:51,3,0,5
BRDA:51,3,1,44
BRDA:51,4,0,49
BRDA:51,4,1,5
BRDA:55,5,0,49
BRDA:55,5,1,0
BRDA:67,6,0,27
BRDA:67,6,1,0
BRDA:78,7,0,5
BRDA:78,7,1,17
BRDA:78,8,0,22
BRDA:78,8,1,7
BRDA:79,9,0,1
BRDA:79,9,1,4
BRDA:85,10,0,1
BRDA:85,10,1,0
BRDA:98,11,0,0
BRDA:98,11,1,4
BRDA:114,12,0,2
BRDA:114,12,1,0
BRDA:138,13,0,17
BRDA:138,13,1,17
BRDA:138,13,2,0
BRF:29
BRH:23
end_of_record
TN:
SF:services/api/notifications.ts
FN:18,(anonymous_0)
FN:43,(anonymous_1)
FN:49,(anonymous_2)
FN:51,(anonymous_3)
FN:72,(anonymous_4)
FN:79,(anonymous_5)
FN:87,(anonymous_6)
FNF:7
FNH:0
FNDA:0,(anonymous_0)
FNDA:0,(anonymous_1)
FNDA:0,(anonymous_2)
FNDA:0,(anonymous_3)
FNDA:0,(anonymous_4)
FNDA:0,(anonymous_5)
FNDA:0,(anonymous_6)
DA:11,0
DA:18,0
DA:24,0
DA:47,0
DA:48,0
DA:49,0
DA:51,0
DA:53,0
DA:56,0
DA:57,0
DA:62,0
DA:73,0
DA:80,0
DA:88,0
LF:14
LH:0
BRDA:44,0,0,0
BRDA:47,1,0,0
BRDA:47,1,1,0
BRDA:48,2,0,0
BRDA:48,2,1,0
BRDA:56,3,0,0
BRDA:56,3,1,0
BRF:7
BRH:0
end_of_record
TN:
SF:services/api/realtime.ts
FN:31,(anonymous_0)
FN:42,(anonymous_1)
FN:76,(anonymous_2)
FN:85,(anonymous_3)
FN:87,(anonymous_4)
FN:93,(anonymous_5)
FN:97,(anonymous_6)
FN:103,(anonymous_7)
FN:110,(anonymous_8)
FN:123,(anonymous_9)
FN:127,(anonymous_10)
FN:134,(anonymous_11)
FN:144,(anonymous_12)
FN:152,(anonymous_13)
FN:160,(anonymous_14)
FN:169,(anonymous_15)
FN:179,(anonymous_16)
FN:194,(anonymous_17)
FN:198,(anonymous_18)
FN:210,(anonymous_19)
FN:231,(anonymous_20)
FN:239,(anonymous_21)
FNF:22
FNH:11
FNDA:1,(anonymous_0)
FNDA:4,(anonymous_1)
FNDA:4,(anonymous_2)
FNDA:0,(anonymous_3)
FNDA:0,(anonymous_4)
FNDA:2,(anonymous_5)
FNDA:0,(anonymous_6)
FNDA:0,(anonymous_7)
FNDA:0,(anonymous_8)
FNDA:4,(anonymous_9)
FNDA:0,(anonymous_10)
FNDA:2,(anonymous_11)
FNDA:0,(anonymous_12)
FNDA:0,(anonymous_13)
FNDA:0,(anonymous_14)
FNDA:0,(anonymous_15)
FNDA:0,(anonymous_16)
FNDA:12,(anonymous_17)
FNDA:13,(anonymous_18)
FNDA:2,(anonymous_19)
FNDA:1,(anonymous_20)
FNDA:6,(anonymous_21)
DA:22,1
DA:23,1
DA:24,1
DA:25,1
DA:27,1
DA:28,1
DA:29,1
DA:32,1
DA:43,4
DA:44,0
DA:45,0
DA:48,4
DA:49,4
DA:51,4
DA:52,4
DA:53,4
DA:57,4
DA:58,0
DA:61,4
DA:65,4
DA:67,0
DA:68,0
DA:69,0
DA:77,4
DA:78,4
DA:79,4
DA:86,0
DA:87,0
DA:94,2
DA:96,2
DA:97,2
DA:104,0
DA:111,0
DA:112,0
DA:113,0
DA:114,0
DA:116,0
DA:117,0
DA:124,4
DA:127,4
DA:128,0
DA:129,0
DA:130,0
DA:134,4
DA:135,2
DA:136,2
DA:137,2
DA:138,2
DA:142,4
DA:145,0
DA:150,4
DA:153,0
DA:158,4
DA:161,0
DA:170,0
DA:171,0
DA:172,0
DA:179,0
DA:180,0
DA:181,0
DA:183,0
DA:187,0
DA:195,12
DA:197,11
DA:198,11
DA:199,13
DA:200,13
DA:202,0
DA:211,2
DA:212,0
DA:213,0
DA:216,2
DA:217,0
DA:220,2
DA:226,2
DA:227,2
DA:229,2
DA:231,2
DA:232,1
DA:240,6
DA:241,4
DA:242,4
DA:245,6
DA:246,2
DA:247,2
DA:253,1
LF:86
LH:53
BRDA:31,0,0,1
BRDA:43,1,0,0
BRDA:43,1,1,4
BRDA:57,2,0,0
BRDA:57,2,1,4
BRDA:112,3,0,0
BRDA:112,3,1,0
BRDA:124,4,0,0
BRDA:124,4,1,4
BRDA:195,5,0,1
BRDA:195,5,1,11
BRDA:211,6,0,0
BRDA:211,6,1,2
BRDA:216,7,0,0
BRDA:216,7,1,2
BRDA:240,8,0,4
BRDA:240,8,1,2
BRDA:245,9,0,2
BRDA:245,9,1,4
BRF:19
BRH:12
end_of_record
TN:
SF:services/api/repositories.ts
FN:7,fetchRepos
FN:16,addRepo
FN:25,removeRepo
FNF:3
FNH:3
FNDA:5,fetchRepos
FNDA:5,addRepo
FNDA:5,removeRepo
DA:8,5
DA:9,2
DA:17,5
DA:18,2
DA:26,5
LF:5
LH:5
BRF:0
BRH:0
end_of_record
TN:
SF:services/api/schemas.ts
FN:32,(anonymous_0)
FN:33,(anonymous_1)
FN:43,(anonymous_2)
FN:63,(anonymous_3)
FN:72,(anonymous_4)
FN:73,(anonymous_5)
FN:84,(anonymous_6)
FN:99,(anonymous_7)
FN:108,(anonymous_8)
FN:134,validateResponse
FN:142,safeValidateResponse
FNF:11
FNH:3
FNDA:12,(anonymous_0)
FNDA:12,(anonymous_1)
FNDA:0,(anonymous_2)
FNDA:0,(anonymous_3)
FNDA:0,(anonymous_4)
FNDA:0,(anonymous_5)
FNDA:0,(anonymous_6)
FNDA:0,(anonymous_7)
FNDA:0,(anonymous_8)
FNDA:13,validateResponse
FNDA:0,safeValidateResponse
DA:13,1
DA:24,1
DA:32,12
DA:33,12
DA:42,1
DA:43,0
DA:51,1
DA:58,1
DA:63,0
DA:69,1
DA:72,0
DA:73,0
DA:79,1
DA:84,0
DA:90,1
DA:99,1
DA:100,0
DA:108,1
DA:113,1
DA:123,1
DA:135,13
DA:146,0
DA:147,0
DA:148,0
DA:150,0
LF:25
LH:15
BRDA:147,0,0,0
BRDA:147,0,1,0
BRF:2
BRH:0
end_of_record
TN:
SF:services/api/sessions.ts
FN:29,(anonymous_0)
FN:40,(anonymous_1)
FN:47,(anonymous_2)
FN:54,(anonymous_3)
FN:61,(anonymous_4)
FN:71,createSessionFromRepo
FNF:6
FNH:2
FNDA:0,(anonymous_0)
FNDA:0,(anonymous_1)
FNDA:19,(anonymous_2)
FNDA:0,(anonymous_3)
FNDA:0,(anonymous_4)
FNDA:19,createSessionFromRepo
DA:20,1
DA:24,1
DA:30,0
DA:31,0
DA:36,0
DA:37,0
DA:41,0
DA:44,0
DA:48,19
DA:51,13
DA:55,0
DA:58,0
DA:62,0
DA:65,0
DA:66,0
DA:81,19
DA:88,19
LF:17
LH:6
BRDA:30,0,0,0
BRDA:30,0,1,0
BRF:2
BRH:0
end_of_record
TN:
SF:services/api/user.ts
FN:13,(anonymous_0)
FN:22,(anonymous_1)
FN:31,(anonymous_2)
FNF:3
FNH:0
FNDA:0,(anonymous_0)
FNDA:0,(anonymous_1)
FNDA:0,(anonymous_2)
DA:8,0
DA:14,0
DA:15,0
DA:23,0
DA:24,0
DA:32,0
LF:6
LH:0
BRF:0
BRH:0
end_of_record
TN:
SF:services/auth/oauth.ts
FN:17,generateCodeVerifier
FN:25,generateCodeChallenge
FN:33,base64URLEncode
FN:41,hexToBytes
FN:52,(anonymous_4)
FN:83,(anonymous_5)
FN:87,(anonymous_6)
FN:91,(anonymous_7)
FNF:8
FNH:0
FNDA:0,generateCodeVerifier
FNDA:0,generateCodeChallenge
FNDA:0,base64URLEncode
FNDA:0,hexToBytes
FNDA:0,(anonymous_4)
FNDA:0,(anonymous_5)
FNDA:0,(anonymous_6)
FNDA:0,(anonymous_7)
DA:7,2
DA:9,2
DA:18,0
DA:19,0
DA:26,0
DA:27,0
DA:34,0
DA:35,0
DA:42,0
DA:43,0
DA:44,0
DA:46,0
DA:50,2
DA:54,0
DA:59,0
DA:62,0
DA:63,0
DA:65,0
DA:67,0
DA:76,0
DA:78,0
DA:80,0
DA:84,0
DA:88,0
DA:92,0
LF:25
LH:3
BRF:0
BRH:0
end_of_record
TN:
SF:services/auth/token-manager.ts
FN:23,decodeJWT
FN:36,(anonymous_1)
FN:52,isTokenExpired
FN:68,(anonymous_3)
FN:78,(anonymous_4)
FN:88,(anonymous_5)
FN:97,(anonymous_6)
FN:106,(anonymous_7)
FN:110,(anonymous_8)
FN:117,(anonymous_9)
FN:121,(anonymous_10)
FN:128,(anonymous_11)
FN:150,(anonymous_12)
FN:164,(anonymous_13)
FN:182,(anonymous_14)
FNF:15
FNH:8
FNDA:4,decodeJWT
FNDA:72,(anonymous_1)
FNDA:4,isTokenExpired
FNDA:74,(anonymous_3)
FNDA:1,(anonymous_4)
FNDA:0,(anonymous_5)
FNDA:0,(anonymous_6)
FNDA:0,(anonymous_7)
FNDA:1,(anonymous_8)
FNDA:0,(anonymous_9)
FNDA:0,(anonymous_10)
FNDA:3,(anonymous_11)
FNDA:36,(anonymous_12)
FNDA:0,(anonymous_13)
FNDA:0,(anonymous_14)
DA:3,6
DA:24,4
DA:25,4
DA:26,4
DA:27,0
DA:31,4
DA:32,4
DA:33,4
DA:36,72
DA:40,4
DA:42,0
DA:43,0
DA:53,4
DA:54,4
DA:56,0
DA:59,4
DA:60,4
DA:61,4
DA:64,4
DA:69,74
DA:70,74
DA:72,1
DA:74,1
DA:79,1
DA:80,1
DA:82,1
DA:84,1
DA:89,0
DA:90,0
DA:92,0
DA:93,0
DA:98,0
DA:99,0
DA:101,0
DA:102,0
DA:107,0
DA:111,1
DA:118,0
DA:122,0
DA:129,3
DA:130,3
DA:131,1
DA:135,2
DA:136,1
DA:138,1
DA:139,1
DA:142,1
DA:151,36
DA:152,36
DA:153,34
DA:156,2
DA:165,0
DA:166,0
DA:167,0
DA:170,0
DA:171,0
DA:172,0
DA:175,0
DA:176,0
DA:183,0
DA:184,0
DA:185,0
DA:188,0
LF:63
LH:36
BRDA:26,0,0,0
BRDA:26,0,1,4
BRDA:52,1,0,2
BRDA:54,2,0,0
BRDA:54,2,1,4
BRDA:54,3,0,4
BRDA:54,3,1,4
BRDA:130,4,0,1
BRDA:130,4,1,2
BRDA:135,5,0,1
BRDA:135,5,1,1
BRDA:150,6,0,36
BRDA:152,7,0,34
BRDA:152,7,1,2
BRDA:166,8,0,0
BRDA:166,8,1,0
BRDA:171,9,0,0
BRDA:171,9,1,0
BRDA:171,10,0,0
BRDA:171,10,1,0
BRDA:184,11,0,0
BRDA:184,11,1,0
BRF:22
BRH:12
end_of_record
TN:
SF:services/monitoring/sentry.ts
FN:14,initializeSentry
FN:42,(anonymous_1)
FN:64,setUser
FN:75,clearUser
FN:82,addBreadcrumb
FN:98,captureException
FN:106,(anonymous_6)
FN:108,(anonymous_7)
FN:113,(anonymous_8)
FN:127,captureMessage
FN:135,(anonymous_10)
FN:137,(anonymous_11)
FN:142,(anonymous_12)
FN:154,startSpan
FN:158,(anonymous_14)
FN:166,setTag
FN:173,setContext
FNF:17
FNH:7
FNDA:0,initializeSentry
FNDA:0,(anonymous_1)
FNDA:1,setUser
FNDA:1,clearUser
FNDA:5,addBreadcrumb
FNDA:5,captureException
FNDA:5,(anonymous_6)
FNDA:10,(anonymous_7)
FNDA:7,(anonymous_8)
FNDA:0,captureMessage
FNDA:0,(anonymous_10)
FNDA:0,(anonymous_11)
FNDA:0,(anonymous_12)
FNDA:0,startSpan
FNDA:0,(anonymous_14)
FNDA:0,setTag
FNDA:0,setContext
DA:16,0
DA:18,0
DA:19,0
DA:20,0
DA:23,0
DA:44,0
DA:45,0
DA:47,0
DA:65,1
DA:76,1
DA:87,5
DA:106,5
DA:107,5
DA:108,5
DA:109,10
DA:112,5
DA:113,5
DA:114,7
DA:117,5
DA:118,5
DA:120,5
DA:135,0
DA:136,0
DA:137,0
DA:138,0
DA:141,0
DA:142,0
DA:143,0
DA:146,0
DA:147,0
DA:155,0
DA:167,0
DA:174,0
LF:33
LH:13
BRDA:18,0,0,0
BRDA:18,0,1,0
BRDA:36,1,0,0
BRDA:36,1,1,0
BRDA:40,2,0,0
BRDA:40,2,1,0
BRDA:44,3,0,0
BRDA:44,3,1,0
BRDA:44,4,0,0
BRDA:44,4,1,0
BRDA:85,5,0,0
BRDA:107,6,0,5
BRDA:107,6,1,0
BRDA:112,7,0,5
BRDA:112,7,1,0
BRDA:117,8,0,5
BRDA:117,8,1,0
BRDA:129,9,0,0
BRDA:136,10,0,0
BRDA:136,10,1,0
BRDA:141,11,0,0
BRDA:141,11,1,0
BRF:22
BRH:3
end_of_record
TN:
SF:services/storage/cache.ts
FN:13,(anonymous_0)
FN:34,(anonymous_1)
FN:47,(anonymous_2)
FN:55,(anonymous_3)
FN:58,(anonymous_4)
FN:65,(anonymous_5)
FNF:6
FNH:0
FNDA:0,(anonymous_0)
FNDA:0,(anonymous_1)
FNDA:0,(anonymous_2)
FNDA:0,(anonymous_3)
FNDA:0,(anonymous_4)
FNDA:0,(anonymous_5)
DA:11,0
DA:14,0
DA:15,0
DA:16,0
DA:18,0
DA:19,0
DA:22,0
DA:23,0
DA:24,0
DA:27,0
DA:29,0
DA:30,0
DA:35,0
DA:36,0
DA:41,0
DA:43,0
DA:48,0
DA:49,0
DA:51,0
DA:56,0
DA:57,0
DA:58,0
DA:59,0
DA:61,0
DA:66,0
DA:67,0
LF:26
LH:0
BRDA:16,0,0,0
BRDA:16,0,1,0
BRDA:22,1,0,0
BRDA:22,1,1,0
BRDA:34,2,0,0
BRF:5
BRH:0
end_of_record
TN:
SF:services/storage/preferences.ts
FN:15,(anonymous_0)
FN:27,(anonymous_1)
FN:35,(anonymous_2)
FN:42,(anonymous_3)
FN:54,(anonymous_4)
FN:62,(anonymous_5)
FN:64,(anonymous_6)
FN:68,(anonymous_7)
FN:70,(anonymous_8)
FN:78,(anonymous_9)
FN:91,(anonymous_10)
FN:100,(anonymous_11)
FN:116,(anonymous_12)
FN:137,(anonymous_13)
FNF:14
FNH:0
FNDA:0,(anonymous_0)
FNDA:0,(anonymous_1)
FNDA:0,(anonymous_2)
FNDA:0,(anonymous_3)
FNDA:0,(anonymous_4)
FNDA:0,(anonymous_5)
FNDA:0,(anonymous_6)
FNDA:0,(anonymous_7)
FNDA:0,(anonymous_8)
FNDA:0,(anonymous_9)
FNDA:0,(anonymous_10)
FNDA:0,(anonymous_11)
FNDA:0,(anonymous_12)
FNDA:0,(anonymous_13)
DA:6,0
DA:12,0
DA:16,0
DA:17,0
DA:18,0
DA:20,0
DA:22,0
DA:23,0
DA:28,0
DA:29,0
DA:31,0
DA:36,0
DA:37,0
DA:38,0
DA:39,0
DA:43,0
DA:44,0
DA:45,0
DA:47,0
DA:49,0
DA:50,0
DA:55,0
DA:56,0
DA:58,0
DA:63,0
DA:64,0
DA:65,0
DA:69,0
DA:70,0
DA:71,0
DA:82,0
DA:83,0
DA:84,0
DA:92,0
DA:93,0
DA:94,0
DA:101,0
DA:102,0
DA:106,0
DA:108,0
DA:117,0
DA:118,0
DA:119,0
DA:121,0
DA:122,0
DA:124,0
DA:126,0
DA:127,0
DA:130,0
DA:132,0
DA:133,0
DA:138,0
DA:139,0
DA:145,0
LF:54
LH:0
BRDA:18,0,0,0
BRDA:18,0,1,0
BRDA:45,1,0,0
BRDA:45,1,1,0
BRDA:119,2,0,0
BRDA:119,2,1,0
BRDA:124,3,0,0
BRDA:124,3,1,0
BRF:8
BRH:0
end_of_record
TN:
SF:utils/constants.ts
FN:136,(anonymous_0)
FNF:1
FNH:0
FNDA:0,(anonymous_0)
DA:3,8
DA:10,8
DA:13,8
DA:23,8
DA:30,8
DA:37,8
DA:45,8
DA:71,8
DA:124,8
DA:136,8
DA:137,0
DA:138,0
DA:139,0
DA:140,0
DA:141,0
DA:146,8
LF:16
LH:11
BRDA:3,0,0,8
BRDA:3,0,1,8
BRDA:10,1,0,8
BRDA:10,1,1,8
BRDA:14,2,0,8
BRDA:14,2,1,8
BRDA:16,3,0,8
BRDA:16,3,1,0
BRDA:138,4,0,0
BRDA:138,4,1,0
BRDA:139,5,0,0
BRDA:139,5,1,0
BRDA:140,6,0,0
BRDA:140,6,1,0
BRF:14
BRH:7
end_of_record
TN:
SF:utils/deepLinkAnalytics.ts
FN:29,(anonymous_0)
FN:66,(anonymous_1)
FN:96,(anonymous_2)
FN:103,(anonymous_3)
FN:104,(anonymous_4)
FN:110,(anonymous_5)
FN:111,(anonymous_6)
FN:117,(anonymous_7)
FN:118,(anonymous_8)
FN:121,(anonymous_9)
FN:128,(anonymous_10)
FN:139,(anonymous_11)
FN:162,(anonymous_12)
FN:169,(anonymous_13)
FN:183,(anonymous_14)
FN:193,(anonymous_15)
FN:198,(anonymous_16)
FN:206,(anonymous_17)
FNF:18
FNH:18
FNDA:165,(anonymous_0)
FNDA:1,(anonymous_1)
FNDA:5,(anonymous_2)
FNDA:4,(anonymous_3)
FNDA:7,(anonymous_4)
FNDA:8,(anonymous_5)
FNDA:11,(anonymous_6)
FNDA:5,(anonymous_7)
FNDA:8,(anonymous_8)
FNDA:6,(anonymous_9)
FNDA:3,(anonymous_10)
FNDA:5,(anonymous_11)
FNDA:13,(anonymous_12)
FNDA:165,(anonymous_13)
FNDA:2,(anonymous_14)
FNDA:1,(anonymous_15)
FNDA:2,(anonymous_16)
FNDA:1,(anonymous_17)
DA:23,1
DA:24,1
DA:36,165
DA:48,165
DA:51,165
DA:52,50
DA:56,165
DA:57,165
DA:71,1
DA:82,1
DA:84,1
DA:85,0
DA:88,1
DA:89,1
DA:97,5
DA:104,7
DA:111,11
DA:118,8
DA:119,5
DA:121,6
DA:122,3
DA:136,3
DA:137,3
DA:139,3
DA:141,5
DA:142,3
DA:146,5
DA:149,3
DA:163,13
DA:170,165
DA:171,165
DA:173,165
DA:175,165
DA:176,4
DA:184,2
DA:186,2
DA:187,2
DA:188,2
DA:189,2
DA:190,2
DA:192,2
DA:193,2
DA:194,1
DA:197,2
DA:198,2
DA:199,2
DA:202,2
DA:203,1
DA:204,1
DA:207,1
DA:211,2
DA:216,1
DA:219,1
DA:221,1
LF:54
LH:53
BRDA:51,0,0,50
BRDA:51,0,1,115
BRDA:56,1,0,165
BRDA:56,1,1,0
BRDA:84,2,0,0
BRDA:84,2,1,1
BRDA:88,3,0,1
BRDA:88,3,1,0
BRDA:119,4,0,2
BRDA:119,4,1,3
BRDA:121,5,0,6
BRDA:121,5,1,0
BRDA:141,6,0,3
BRDA:141,6,1,2
BRDA:142,7,0,3
BRDA:142,7,1,2
BRDA:146,8,0,5
BRDA:146,8,1,4
BRDA:170,9,0,160
BRDA:170,9,1,5
BRDA:171,10,0,7
BRDA:171,10,1,158
BRDA:175,11,0,4
BRDA:175,11,1,161
BRDA:202,12,0,1
BRDA:202,12,1,1
BRDA:219,13,0,1
BRDA:219,13,1,0
BRF:28
BRH:23
end_of_record
TN:
SF:utils/deepLinkHandlers.ts
FN:28,handleSessionDetail
FN:48,(anonymous_1)
FN:74,handleSessionCreate
FN:100,handleSessionsList
FN:113,(anonymous_4)
FN:134,handleNotifications
FN:157,handleSettings
FN:183,handleChat
FN:206,handleOAuthCallback
FN:224,routeDeepLink
FNF:10
FNH:7
FNDA:6,handleSessionDetail
FNDA:0,(anonymous_1)
FNDA:2,handleSessionCreate
FNDA:2,handleSessionsList
FNDA:0,(anonymous_4)
FNDA:2,handleNotifications
FNDA:4,handleSettings
FNDA:2,handleChat
FNDA:0,handleOAuthCallback
FNDA:3,routeDeepLink
DA:32,6
DA:33,6
DA:35,6
DA:38,6
DA:39,1
DA:40,1
DA:41,1
DA:45,5
DA:46,5
DA:48,0
DA:53,5
DA:56,5
DA:57,5
DA:59,1
DA:62,5
DA:64,0
DA:66,0
DA:67,0
DA:78,2
DA:81,2
DA:82,2
DA:83,2
DA:86,2
DA:90,2
DA:91,1
DA:94,2
DA:104,2
DA:107,2
DA:110,2
DA:111,2
DA:113,0
DA:117,0
DA:121,2
DA:124,2
DA:125,1
DA:128,2
DA:138,2
DA:141,2
DA:144,2
DA:147,2
DA:148,1
DA:151,2
DA:161,4
DA:162,4
DA:167,4
DA:169,4
DA:171,3
DA:174,1
DA:177,4
DA:187,2
DA:190,2
DA:193,2
DA:196,2
DA:197,1
DA:200,2
DA:210,0
DA:212,0
DA:215,0
DA:216,0
DA:218,0
DA:229,3
DA:239,3
DA:241,3
DA:242,1
DA:243,1
DA:246,2
DA:247,2
DA:249,0
DA:250,0
LF:69
LH:56
BRDA:35,0,0,6
BRDA:35,0,1,1
BRDA:38,1,0,1
BRDA:38,1,1,5
BRDA:38,2,0,6
BRDA:38,2,1,5
BRDA:57,3,0,1
BRDA:57,3,1,4
BRDA:90,4,0,1
BRDA:90,4,1,1
BRDA:90,5,0,2
BRDA:90,5,1,1
BRDA:90,5,2,1
BRDA:124,6,0,1
BRDA:124,6,1,1
BRDA:147,7,0,1
BRDA:147,7,1,1
BRDA:169,8,0,3
BRDA:169,8,1,1
BRDA:196,9,0,1
BRDA:196,9,1,1
BRDA:241,10,0,1
BRDA:241,10,1,2
BRF:23
BRH:23
end_of_record
TN:
SF:utils/deepLinking.ts
FN:34,(anonymous_0)
FN:76,parseDeepLink
FN:141,sanitizePath
FN:159,findMatchingRoute
FN:171,extractRouteParams
FN:193,isValidSessionId
FN:201,isValidNotificationId
FN:209,buildDeepLink
FN:226,requiresAuth
FN:234,getHandlerName
FNF:10
FNH:8
FNDA:0,(anonymous_0)
FNDA:13,parseDeepLink
FNDA:0,sanitizePath
FNDA:10,findMatchingRoute
FNDA:13,extractRouteParams
FNDA:12,isValidSessionId
FNDA:4,isValidNotificationId
FNDA:3,buildDeepLink
FNDA:5,requiresAuth
FNDA:5,getHandlerName
DA:29,2
DA:34,0
DA:77,13
DA:78,13
DA:81,0
DA:82,0
DA:92,0
DA:95,0
DA:97,0
DA:98,0
DA:109,0
DA:110,0
DA:120,0
DA:128,13
DA:143,0
DA:146,0
DA:147,0
DA:151,0
DA:153,0
DA:160,10
DA:161,51
DA:162,8
DA:165,2
DA:172,13
DA:173,13
DA:175,10
DA:178,10
DA:179,6
DA:183,10
DA:184,4
DA:187,10
DA:195,12
DA:203,4
DA:210,3
DA:211,3
DA:213,3
DA:215,3
DA:216,1
DA:217,1
DA:220,3
DA:227,5
DA:228,5
DA:235,5
DA:236,5
LF:44
LH:29
BRDA:34,0,0,0
BRDA:34,0,1,0
BRDA:81,1,0,0
BRDA:81,1,1,0
BRDA:83,2,0,0
BRDA:83,2,1,0
BRDA:97,3,0,0
BRDA:97,3,1,0
BRDA:99,4,0,0
BRDA:99,4,1,0
BRDA:102,5,0,0
BRDA:102,5,1,0
BRDA:109,6,0,0
BRDA:109,6,1,0
BRDA:109,7,0,0
BRDA:109,7,1,0
BRDA:109,8,0,0
BRDA:109,8,1,0
BRDA:111,9,0,0
BRDA:111,9,1,0
BRDA:114,10,0,0
BRDA:114,10,1,0
BRDA:121,11,0,0
BRDA:121,11,1,0
BRDA:124,12,0,0
BRDA:124,12,1,0
BRDA:133,13,0,13
BRDA:133,13,1,0
BRDA:146,14,0,0
BRDA:146,14,1,0
BRDA:161,15,0,8
BRDA:161,15,1,43
BRDA:173,16,0,3
BRDA:173,16,1,10
BRDA:178,17,0,6
BRDA:178,17,1,4
BRDA:178,18,0,10
BRDA:178,18,1,6
BRDA:183,19,0,4
BRDA:183,19,1,6
BRDA:183,20,0,10
BRDA:183,20,1,4
BRDA:211,21,0,2
BRDA:211,21,1,1
BRDA:215,22,0,1
BRDA:215,22,1,2
BRDA:215,23,0,3
BRDA:215,23,1,1
BRDA:228,24,0,5
BRDA:228,24,1,1
BRDA:236,25,0,5
BRDA:236,25,1,1
BRF:52
BRH:23
end_of_record
TN:
SF:utils/errorHandler.ts
FN:28,(anonymous_0)
FN:37,(anonymous_1)
FN:59,(anonymous_2)
FN:81,(anonymous_3)
FN:114,(anonymous_4)
FN:115,(anonymous_5)
FN:127,(anonymous_6)
FN:136,(anonymous_7)
FN:153,(anonymous_8)
FN:155,(anonymous_9)
FN:161,(anonymous_10)
FNF:11
FNH:7
FNDA:1,(anonymous_0)
FNDA:0,(anonymous_1)
FNDA:0,(anonymous_2)
FNDA:5,(anonymous_3)
FNDA:5,(anonymous_4)
FNDA:1,(anonymous_5)
FNDA:0,(anonymous_6)
FNDA:0,(anonymous_7)
FNDA:2,(anonymous_8)
FNDA:2,(anonymous_9)
FNDA:5,(anonymous_10)
DA:21,7
DA:22,7
DA:29,1
DA:30,0
DA:31,0
DA:35,1
DA:37,1
DA:38,0
DA:41,0
DA:44,0
DA:47,0
DA:48,0
DA:51,0
DA:56,1
DA:57,1
DA:59,1
DA:60,0
DA:62,0
DA:64,0
DA:65,0
DA:68,0
DA:69,0
DA:74,1
DA:75,1
DA:83,5
DA:94,5
DA:106,5
DA:107,5
DA:115,5
DA:116,1
DA:117,1
DA:119,0
DA:128,0
DA:130,0
DA:138,0
DA:139,0
DA:141,0
DA:154,2
DA:155,2
DA:162,5
DA:163,5
DA:164,5
DA:168,7
LF:43
LH:23
BRDA:29,0,0,0
BRDA:29,0,1,1
BRDA:47,1,0,0
BRDA:47,1,1,0
BRDA:56,2,0,1
BRDA:56,2,1,0
BRDA:60,3,0,0
BRDA:60,3,1,0
BRDA:68,4,0,0
BRDA:68,4,1,0
BRDA:96,5,0,5
BRDA:96,5,1,1
BRDA:97,6,0,0
BRDA:97,6,1,5
BRDA:103,7,0,0
BRDA:103,7,1,5
BRDA:106,8,0,5
BRDA:106,8,1,0
BRDA:128,9,0,0
BRDA:128,9,1,0
BRDA:138,10,0,0
BRDA:138,10,1,0
BRDA:138,11,0,0
BRDA:138,11,1,0
BRF:24
BRH:7
end_of_record
TN:
SF:utils/fpsMonitor.ts
FN:41,(anonymous_0)
FN:51,(anonymous_1)
FN:55,(anonymous_2)
FN:61,(anonymous_3)
FN:101,(anonymous_4)
FN:111,(anonymous_5)
FN:120,(anonymous_6)
FN:129,(anonymous_7)
FN:133,(anonymous_8)
FN:149,(anonymous_9)
FN:157,(anonymous_10)
FN:168,(anonymous_11)
FN:194,(anonymous_12)
FN:204,(anonymous_13)
FN:213,(anonymous_14)
FNF:15
FNH:0
FNDA:0,(anonymous_0)
FNDA:0,(anonymous_1)
FNDA:0,(anonymous_2)
FNDA:0,(anonymous_3)
FNDA:0,(anonymous_4)
FNDA:0,(anonymous_5)
FNDA:0,(anonymous_6)
FNDA:0,(anonymous_7)
FNDA:0,(anonymous_8)
FNDA:0,(anonymous_9)
FNDA:0,(anonymous_10)
FNDA:0,(anonymous_11)
FNDA:0,(anonymous_12)
FNDA:0,(anonymous_13)
FNDA:0,(anonymous_14)
DA:27,0
DA:28,0
DA:31,0
DA:32,0
DA:33,0
DA:34,0
DA:35,0
DA:36,0
DA:38,0
DA:39,0
DA:42,0
DA:51,0
DA:52,0
DA:55,0
DA:56,0
DA:61,0
DA:62,0
DA:64,0
DA:65,0
DA:66,0
DA:69,0
DA:70,0
DA:73,0
DA:74,0
DA:78,0
DA:79,0
DA:82,0
DA:83,0
DA:84,0
DA:88,0
DA:89,0
DA:90,0
DA:91,0
DA:93,0
DA:97,0
DA:98,0
DA:102,0
DA:103,0
DA:104,0
DA:105,0
DA:106,0
DA:107,0
DA:112,0
DA:113,0
DA:114,0
DA:115,0
DA:116,0
DA:121,0
DA:122,0
DA:123,0
DA:124,0
DA:125,0
DA:126,0
DA:130,0
DA:132,0
DA:133,0
DA:135,0
DA:150,0
DA:151,0
DA:158,0
DA:159,0
DA:162,0
DA:169,0
DA:170,0
DA:171,0
DA:172,0
DA:175,0
DA:176,0
DA:178,0
DA:179,0
DA:180,0
DA:181,0
DA:182,0
DA:183,0
DA:184,0
DA:185,0
DA:186,0
DA:187,0
DA:192,0
DA:194,0
DA:195,0
DA:196,0
DA:198,0
DA:204,0
DA:205,0
DA:206,0
DA:207,0
DA:213,0
DA:214,0
DA:215,0
LF:90
LH:0
BRDA:41,0,0,0
BRDA:43,1,0,0
BRDA:43,1,1,0
BRDA:44,2,0,0
BRDA:44,2,1,0
BRDA:45,3,0,0
BRDA:45,3,1,0
BRDA:46,4,0,0
BRDA:46,4,1,0
BRDA:47,5,0,0
BRDA:47,5,1,0
BRDA:62,6,0,0
BRDA:62,6,1,0
BRDA:64,7,0,0
BRDA:64,7,1,0
BRDA:73,8,0,0
BRDA:73,8,1,0
BRDA:82,9,0,0
BRDA:82,9,1,0
BRDA:88,10,0,0
BRDA:88,10,1,0
BRDA:90,11,0,0
BRDA:90,11,1,0
BRDA:90,12,0,0
BRDA:90,12,1,0
BRDA:102,13,0,0
BRDA:102,13,1,0
BRDA:102,14,0,0
BRDA:102,14,1,0
BRDA:112,15,0,0
BRDA:112,15,1,0
BRDA:130,16,0,0
BRDA:130,16,1,0
BRDA:138,17,0,0
BRDA:138,17,1,0
BRDA:150,18,0,0
BRDA:150,18,1,0
BRDA:159,19,0,0
BRDA:159,19,1,0
BRDA:162,20,0,0
BRDA:162,20,1,0
BRDA:170,21,0,0
BRDA:170,21,1,0
BRDA:176,22,0,0
BRDA:176,22,1,0
BRDA:195,23,0,0
BRDA:195,23,1,0
BRF:47
BRH:0
end_of_record
TN:
SF:utils/logger.ts
FN:12,(anonymous_0)
FN:21,(anonymous_1)
FN:30,(anonymous_2)
FN:37,(anonymous_3)
FNF:4
FNH:1
FNDA:2,(anonymous_0)
FNDA:0,(anonymous_1)
FNDA:0,(anonymous_2)
FNDA:0,(anonymous_3)
DA:8,1
DA:13,2
DA:14,2
DA:22,0
DA:23,0
DA:31,0
DA:38,0
LF:7
LH:3
BRDA:13,0,0,2
BRDA:13,0,1,0
BRDA:22,1,0,0
BRDA:22,1,1,0
BRF:4
BRH:1
end_of_record
TN:
SF:utils/mockData.ts
FN:228,(anonymous_0)
FN:239,(anonymous_1)
FN:249,(anonymous_2)
FN:261,(anonymous_3)
FN:263,(anonymous_4)
FN:269,(anonymous_5)
FN:275,(anonymous_6)
FN:288,(anonymous_7)
FN:311,(anonymous_8)
FN:317,(anonymous_9)
FN:372,(anonymous_10)
FN:391,(anonymous_11)
FN:410,(anonymous_12)
FNF:13
FNH:0
FNDA:0,(anonymous_0)
FNDA:0,(anonymous_1)
FNDA:0,(anonymous_2)
FNDA:0,(anonymous_3)
FNDA:0,(anonymous_4)
FNDA:0,(anonymous_5)
FNDA:0,(anonymous_6)
FNDA:0,(anonymous_7)
FNDA:0,(anonymous_8)
FNDA:0,(anonymous_9)
FNDA:0,(anonymous_10)
FNDA:0,(anonymous_11)
FNDA:0,(anonymous_12)
DA:13,0
DA:127,0
DA:221,0
DA:222,0
DA:223,0
DA:229,0
DA:230,0
DA:231,0
DA:234,0
DA:235,0
DA:238,0
DA:240,0
DA:250,0
DA:251,0
DA:252,0
DA:254,0
DA:255,0
DA:262,0
DA:263,0
DA:270,0
DA:271,0
DA:273,0
DA:274,0
DA:275,0
DA:276,0
DA:277,0
DA:279,0
DA:289,0
DA:290,0
DA:292,0
DA:293,0
DA:295,0
DA:296,0
DA:298,0
DA:299,0
DA:301,0
DA:304,0
DA:312,0
DA:317,0
DA:318,0
DA:320,0
DA:322,0
DA:323,0
DA:332,0
DA:333,0
DA:347,0
DA:348,0
DA:362,0
DA:363,0
DA:372,0
DA:373,0
DA:375,0
DA:376,0
DA:384,0
DA:392,0
DA:404,0
DA:411,0
DA:412,0
DA:414,0
DA:422,0
DA:467,0
DA:469,0
DA:470,0
DA:471,0
DA:472,0
DA:473,0
DA:475,0
DA:491,0
LF:68
LH:0
BRDA:229,0,0,0
BRDA:229,0,1,0
BRDA:250,1,0,0
BRDA:250,1,1,0
BRDA:273,2,0,0
BRDA:273,2,1,0
BRDA:290,3,0,0
BRDA:290,3,1,0
BRDA:293,4,0,0
BRDA:293,4,1,0
BRDA:296,5,0,0
BRDA:296,5,1,0
BRDA:299,6,0,0
BRDA:299,6,1,0
BRDA:312,7,0,0
BRDA:312,7,1,0
BRDA:312,7,2,0
BRDA:312,7,3,0
BRDA:312,7,4,0
BRDA:312,7,5,0
BRDA:318,8,0,0
BRDA:318,8,1,0
BRDA:322,9,0,0
BRDA:322,9,1,0
BRDA:332,10,0,0
BRDA:332,10,1,0
BRDA:347,11,0,0
BRDA:347,11,1,0
BRDA:373,12,0,0
BRDA:373,12,1,0
BRDA:469,13,0,0
BRDA:469,13,1,0
BRDA:484,14,0,0
BRDA:484,14,1,0
BRDA:485,15,0,0
BRDA:485,15,1,0
BRF:36
BRH:0
end_of_record
TN:
SF:utils/performanceMonitor.ts
FN:30,(anonymous_0)
FN:40,(anonymous_1)
FN:46,(anonymous_2)
FN:52,(anonymous_3)
FN:68,(anonymous_4)
FN:88,(anonymous_5)
FN:97,(anonymous_6)
FN:105,(anonymous_7)
FN:109,(anonymous_8)
FN:117,(anonymous_9)
FN:137,(anonymous_10)
FN:167,(anonymous_11)
FN:177,(anonymous_12)
FN:186,(anonymous_13)
FNF:14
FNH:0
FNDA:0,(anonymous_0)
FNDA:0,(anonymous_1)
FNDA:0,(anonymous_2)
FNDA:0,(anonymous_3)
FNDA:0,(anonymous_4)
FNDA:0,(anonymous_5)
FNDA:0,(anonymous_6)
FNDA:0,(anonymous_7)
FNDA:0,(anonymous_8)
FNDA:0,(anonymous_9)
FNDA:0,(anonymous_10)
FNDA:0,(anonymous_11)
FNDA:0,(anonymous_12)
FNDA:0,(anonymous_13)
DA:25,0
DA:27,0
DA:28,0
DA:31,0
DA:40,0
DA:41,0
DA:46,0
DA:47,0
DA:54,0
DA:56,0
DA:57,0
DA:65,0
DA:68,0
DA:69,0
DA:70,0
DA:73,0
DA:74,0
DA:75,0
DA:79,0
DA:81,0
DA:82,0
DA:83,0
DA:84,0
DA:89,0
DA:90,0
DA:91,0
DA:93,0
DA:98,0
DA:99,0
DA:100,0
DA:101,0
DA:106,0
DA:110,0
DA:118,0
DA:121,0
DA:122,0
DA:124,0
DA:125,0
DA:126,0
DA:131,0
DA:138,0
DA:139,0
DA:140,0
DA:141,0
DA:144,0
DA:145,0
DA:146,0
DA:148,0
DA:149,0
DA:150,0
DA:151,0
DA:152,0
DA:153,0
DA:154,0
DA:156,0
DA:157,0
DA:160,0
DA:165,0
DA:167,0
DA:168,0
DA:169,0
DA:171,0
DA:177,0
DA:178,0
DA:179,0
DA:180,0
DA:186,0
DA:187,0
DA:188,0
LF:69
LH:0
BRDA:30,0,0,0
BRDA:32,1,0,0
BRDA:32,1,1,0
BRDA:33,2,0,0
BRDA:33,2,1,0
BRDA:34,3,0,0
BRDA:34,3,1,0
BRDA:35,4,0,0
BRDA:35,4,1,0
BRDA:36,5,0,0
BRDA:36,5,1,0
BRDA:54,6,0,0
BRDA:54,6,1,0
BRDA:54,7,0,0
BRDA:54,7,1,0
BRDA:70,8,0,0
BRDA:70,8,1,0
BRDA:74,9,0,0
BRDA:74,9,1,0
BRDA:81,10,0,0
BRDA:81,10,1,0
BRDA:83,11,0,0
BRDA:83,11,1,0
BRDA:89,12,0,0
BRDA:89,12,1,0
BRDA:89,13,0,0
BRDA:89,13,1,0
BRDA:98,14,0,0
BRDA:98,14,1,0
BRDA:118,15,0,0
BRDA:118,15,1,0
BRDA:125,16,0,0
BRDA:125,16,1,0
BRDA:139,17,0,0
BRDA:139,17,1,0
BRDA:156,18,0,0
BRDA:156,18,1,0
BRDA:168,19,0,0
BRDA:168,19,1,0
BRF:39
BRH:0
end_of_record
TN:
SF:utils/renderTracker.ts
FN:26,(anonymous_0)
FN:44,(anonymous_1)
FN:49,(anonymous_2)
FN:64,(anonymous_3)
FN:72,(anonymous_4)
FN:78,(anonymous_5)
FN:79,(anonymous_6)
FN:85,(anonymous_7)
FN:86,(anonymous_8)
FN:92,(anonymous_9)
FN:100,(anonymous_10)
FN:108,(anonymous_11)
FN:125,(anonymous_12)
FN:136,(anonymous_13)
FN:145,(anonymous_14)
FN:156,(anonymous_15)
FN:164,(anonymous_16)
FN:175,(anonymous_17)
FN:182,(anonymous_18)
FN:199,(anonymous_19)
FN:207,(anonymous_20)
FN:210,(anonymous_21)
FN:215,(anonymous_22)
FN:238,(anonymous_23)
FN:251,(anonymous_24)
FN:268,(anonymous_25)
FNF:26
FNH:0
FNDA:0,(anonymous_0)
FNDA:0,(anonymous_1)
FNDA:0,(anonymous_2)
FNDA:0,(anonymous_3)
FNDA:0,(anonymous_4)
FNDA:0,(anonymous_5)
FNDA:0,(anonymous_6)
FNDA:0,(anonymous_7)
FNDA:0,(anonymous_8)
FNDA:0,(anonymous_9)
FNDA:0,(anonymous_10)
FNDA:0,(anonymous_11)
FNDA:0,(anonymous_12)
FNDA:0,(anonymous_13)
FNDA:0,(anonymous_14)
FNDA:0,(anonymous_15)
FNDA:0,(anonymous_16)
FNDA:0,(anonymous_17)
FNDA:0,(anonymous_18)
FNDA:0,(anonymous_19)
FNDA:0,(anonymous_20)
FNDA:0,(anonymous_21)
FNDA:0,(anonymous_22)
FNDA:0,(anonymous_23)
FNDA:0,(anonymous_24)
FNDA:0,(anonymous_25)
DA:19,0
DA:20,0
DA:21,0
DA:27,0
DA:30,0
DA:31,0
DA:34,0
DA:35,0
DA:36,0
DA:37,0
DA:45,0
DA:46,0
DA:48,0
DA:49,0
DA:50,0
DA:52,0
DA:65,0
DA:66,0
DA:67,0
DA:68,0
DA:69,0
DA:72,0
DA:79,0
DA:86,0
DA:93,0
DA:94,0
DA:101,0
DA:102,0
DA:109,0
DA:110,0
DA:111,0
DA:114,0
DA:115,0
DA:116,0
DA:117,0
DA:120,0
DA:121,0
DA:124,0
DA:125,0
DA:126,0
DA:133,0
DA:134,0
DA:135,0
DA:136,0
DA:137,0
DA:142,0
DA:143,0
DA:144,0
DA:145,0
DA:146,0
DA:150,0
DA:157,0
DA:162,0
DA:164,0
DA:165,0
DA:166,0
DA:168,0
DA:175,0
DA:176,0
DA:177,0
DA:180,0
DA:182,0
DA:184,0
DA:185,0
DA:187,0
DA:188,0
DA:190,0
DA:191,0
DA:197,0
DA:199,0
DA:207,0
DA:208,0
DA:210,0
DA:211,0
DA:212,0
DA:213,0
DA:215,0
DA:216,0
DA:217,0
DA:224,0
DA:225,0
DA:227,0
DA:231,0
DA:238,0
DA:239,0
DA:240,0
DA:241,0
DA:242,0
DA:244,0
DA:253,0
DA:257,0
DA:259,0
DA:268,0
DA:269,0
DA:270,0
DA:271,0
DA:272,0
DA:275,0
LF:98
LH:0
BRDA:27,0,0,0
BRDA:27,0,1,0
BRDA:30,1,0,0
BRDA:30,1,1,0
BRDA:34,2,0,0
BRDA:34,2,1,0
BRDA:35,3,0,0
BRDA:35,3,1,0
BRDA:46,4,0,0
BRDA:46,4,1,0
BRDA:48,5,0,0
BRDA:48,5,1,0
BRDA:50,6,0,0
BRDA:50,6,1,0
BRDA:55,7,0,0
BRDA:55,7,1,0
BRDA:68,8,0,0
BRDA:68,8,1,0
BRDA:78,9,0,0
BRDA:85,10,0,0
BRDA:109,11,0,0
BRDA:109,11,1,0
BRDA:115,12,0,0
BRDA:115,12,1,0
BRDA:134,13,0,0
BRDA:134,13,1,0
BRDA:143,14,0,0
BRDA:143,14,1,0
BRDA:165,15,0,0
BRDA:165,15,1,0
BRDA:190,16,0,0
BRDA:190,16,1,0
BRDA:190,17,0,0
BRDA:190,17,1,0
BRDA:211,18,0,0
BRDA:211,18,1,0
BRDA:211,19,0,0
BRDA:211,19,1,0
BRDA:216,20,0,0
BRDA:216,20,1,0
BRDA:224,21,0,0
BRDA:224,21,1,0
BRDA:239,22,0,0
BRDA:239,22,1,0
BRDA:269,23,0,0
BRDA:269,23,1,0
BRDA:271,24,0,0
BRDA:271,24,1,0
BRF:48
BRH:0
end_of_record
